{"D:\\projects\\github-pr-analytics\\dist\\index.js":{"path":"D:\\projects\\github-pr-analytics\\dist\\index.js","statementMap":{"0":{"start":{"line":2,"column":22},"end":{"line":4,"column":1}},"1":{"start":{"line":3,"column":4},"end":{"line":3,"column":62}},"2":{"start":{"line":5,"column":0},"end":{"line":5,"column":62}},"3":{"start":{"line":7,"column":0},"end":{"line":7,"column":25}},"4":{"start":{"line":8,"column":0},"end":{"line":8,"column":28}},"5":{"start":{"line":9,"column":18},"end":{"line":9,"column":53}},"6":{"start":{"line":11,"column":20},"end":{"line":11,"column":42}},"7":{"start":{"line":12,"column":12},"end":{"line":12,"column":36}},"8":{"start":{"line":13,"column":0},"end":{"line":13,"column":32}},"9":{"start":{"line":14,"column":0},"end":{"line":14,"column":22}}},"fnMap":{"0":{"name":"(anonymous_0)","decl":{"start":{"line":2,"column":56},"end":{"line":2,"column":57}},"loc":{"start":{"line":2,"column":71},"end":{"line":4,"column":1}},"line":2}},"branchMap":{"0":{"loc":{"start":{"line":2,"column":22},"end":{"line":4,"column":1}},"type":"binary-expr","locations":[{"start":{"line":2,"column":23},"end":{"line":2,"column":27}},{"start":{"line":2,"column":31},"end":{"line":2,"column":51}},{"start":{"line":2,"column":56},"end":{"line":4,"column":1}}],"line":2},"1":{"loc":{"start":{"line":3,"column":11},"end":{"line":3,"column":61}},"type":"cond-expr","locations":[{"start":{"line":3,"column":37},"end":{"line":3,"column":40}},{"start":{"line":3,"column":43},"end":{"line":3,"column":61}}],"line":3},"2":{"loc":{"start":{"line":3,"column":12},"end":{"line":3,"column":33}},"type":"binary-expr","locations":[{"start":{"line":3,"column":12},"end":{"line":3,"column":15}},{"start":{"line":3,"column":19},"end":{"line":3,"column":33}}],"line":3}},"s":{"0":1,"1":1,"2":1,"3":1,"4":1,"5":1,"6":1,"7":1,"8":1,"9":1},"f":{"0":1},"b":{"0":[1,1,1],"1":[0,1],"2":[1,1]},"_coverageSchema":"1a1c01bbd47fc00a2c39e90264f33305004495a9","hash":"038b2fe9b031e15d7f49481c35a46f9fcd03d75f","contentHash":"40c9e3f8d3e364f35cbaa7990544ac6a7007f5953fe2966057c63f79807c1185"},"D:\\projects\\github-pr-analytics\\dist\\bootstrap.js":{"path":"D:\\projects\\github-pr-analytics\\dist\\bootstrap.js","statementMap":{"0":{"start":{"line":2,"column":16},"end":{"line":10,"column":1}},"1":{"start":{"line":3,"column":28},"end":{"line":3,"column":110}},"2":{"start":{"line":3,"column":91},"end":{"line":3,"column":106}},"3":{"start":{"line":4,"column":4},"end":{"line":9,"column":7}},"4":{"start":{"line":5,"column":36},"end":{"line":5,"column":97}},"5":{"start":{"line":5,"column":42},"end":{"line":5,"column":70}},"6":{"start":{"line":5,"column":85},"end":{"line":5,"column":95}},"7":{"start":{"line":6,"column":35},"end":{"line":6,"column":100}},"8":{"start":{"line":6,"column":41},"end":{"line":6,"column":73}},"9":{"start":{"line":6,"column":88},"end":{"line":6,"column":98}},"10":{"start":{"line":7,"column":32},"end":{"line":7,"column":116}},"11":{"start":{"line":8,"column":8},"end":{"line":8,"column":78}},"12":{"start":{"line":11,"column":22},"end":{"line":13,"column":1}},"13":{"start":{"line":12,"column":4},"end":{"line":12,"column":62}},"14":{"start":{"line":14,"column":0},"end":{"line":14,"column":62}},"15":{"start":{"line":15,"column":0},"end":{"line":15,"column":30}},"16":{"start":{"line":17,"column":17},"end":{"line":17,"column":51}},"17":{"start":{"line":18,"column":15},"end":{"line":18,"column":47}},"18":{"start":{"line":19,"column":19},"end":{"line":19,"column":55}},"19":{"start":{"line":20,"column":18},"end":{"line":20,"column":53}},"20":{"start":{"line":22,"column":17},"end":{"line":22,"column":59}},"21":{"start":{"line":23,"column":13},"end":{"line":23,"column":34}},"22":{"start":{"line":24,"column":17},"end":{"line":24,"column":42}},"23":{"start":{"line":25,"column":19},"end":{"line":25,"column":64}},"24":{"start":{"line":26,"column":20},"end":{"line":26,"column":66}},"25":{"start":{"line":27,"column":21},"end":{"line":27,"column":68}},"26":{"start":{"line":28,"column":21},"end":{"line":28,"column":68}},"27":{"start":{"line":29,"column":22},"end":{"line":29,"column":52}},"28":{"start":{"line":30,"column":23},"end":{"line":30,"column":60}},"29":{"start":{"line":31,"column":20},"end":{"line":31,"column":49}},"30":{"start":{"line":36,"column":4},"end":{"line":36,"column":37}},"31":{"start":{"line":37,"column":4},"end":{"line":37,"column":73}},"32":{"start":{"line":38,"column":4},"end":{"line":38,"column":38}},"33":{"start":{"line":39,"column":4},"end":{"line":39,"column":73}},"34":{"start":{"line":45,"column":4},"end":{"line":45,"column":65}},"35":{"start":{"line":46,"column":4},"end":{"line":46,"column":65}},"36":{"start":{"line":47,"column":4},"end":{"line":47,"column":63}},"37":{"start":{"line":48,"column":4},"end":{"line":48,"column":64}},"38":{"start":{"line":54,"column":4},"end":{"line":89,"column":8}},"39":{"start":{"line":54,"column":64},"end":{"line":89,"column":6}},"40":{"start":{"line":55,"column":8},"end":{"line":88,"column":9}},"41":{"start":{"line":56,"column":28},"end":{"line":56,"column":68}},"42":{"start":{"line":58,"column":12},"end":{"line":73,"column":13}},"43":{"start":{"line":60,"column":20},"end":{"line":60,"column":66}},"44":{"start":{"line":61,"column":20},"end":{"line":61,"column":26}},"45":{"start":{"line":63,"column":20},"end":{"line":63,"column":63}},"46":{"start":{"line":64,"column":20},"end":{"line":64,"column":26}},"47":{"start":{"line":66,"column":20},"end":{"line":66,"column":64}},"48":{"start":{"line":67,"column":20},"end":{"line":67,"column":26}},"49":{"start":{"line":69,"column":20},"end":{"line":69,"column":67}},"50":{"start":{"line":70,"column":20},"end":{"line":70,"column":26}},"51":{"start":{"line":72,"column":20},"end":{"line":72,"column":61}},"52":{"start":{"line":74,"column":12},"end":{"line":79,"column":15}},"53":{"start":{"line":82,"column":24},"end":{"line":82,"column":29}},"54":{"start":{"line":83,"column":12},"end":{"line":83,"column":116}},"55":{"start":{"line":84,"column":12},"end":{"line":87,"column":15}},"56":{"start":{"line":95,"column":4},"end":{"line":109,"column":7}},"57":{"start":{"line":96,"column":8},"end":{"line":96,"column":29}},"58":{"start":{"line":97,"column":8},"end":{"line":97,"column":24}},"59":{"start":{"line":98,"column":8},"end":{"line":98,"column":29}},"60":{"start":{"line":99,"column":8},"end":{"line":99,"column":45}},"61":{"start":{"line":100,"column":8},"end":{"line":108,"column":9}},"62":{"start":{"line":101,"column":12},"end":{"line":101,"column":38}},"63":{"start":{"line":102,"column":12},"end":{"line":102,"column":55}},"64":{"start":{"line":103,"column":12},"end":{"line":103,"column":124}},"65":{"start":{"line":103,"column":51},"end":{"line":103,"column":122}},"66":{"start":{"line":106,"column":12},"end":{"line":106,"column":71}},"67":{"start":{"line":107,"column":12},"end":{"line":107,"column":28}}},"fnMap":{"0":{"name":"(anonymous_0)","decl":{"start":{"line":2,"column":44},"end":{"line":2,"column":45}},"loc":{"start":{"line":2,"column":89},"end":{"line":10,"column":1}},"line":2},"1":{"name":"adopt","decl":{"start":{"line":3,"column":13},"end":{"line":3,"column":18}},"loc":{"start":{"line":3,"column":26},"end":{"line":3,"column":112}},"line":3},"2":{"name":"(anonymous_2)","decl":{"start":{"line":3,"column":70},"end":{"line":3,"column":71}},"loc":{"start":{"line":3,"column":89},"end":{"line":3,"column":108}},"line":3},"3":{"name":"(anonymous_3)","decl":{"start":{"line":4,"column":36},"end":{"line":4,"column":37}},"loc":{"start":{"line":4,"column":63},"end":{"line":9,"column":5}},"line":4},"4":{"name":"fulfilled","decl":{"start":{"line":5,"column":17},"end":{"line":5,"column":26}},"loc":{"start":{"line":5,"column":34},"end":{"line":5,"column":99}},"line":5},"5":{"name":"rejected","decl":{"start":{"line":6,"column":17},"end":{"line":6,"column":25}},"loc":{"start":{"line":6,"column":33},"end":{"line":6,"column":102}},"line":6},"6":{"name":"step","decl":{"start":{"line":7,"column":17},"end":{"line":7,"column":21}},"loc":{"start":{"line":7,"column":30},"end":{"line":7,"column":118}},"line":7},"7":{"name":"(anonymous_7)","decl":{"start":{"line":11,"column":56},"end":{"line":11,"column":57}},"loc":{"start":{"line":11,"column":71},"end":{"line":13,"column":1}},"line":11},"8":{"name":"initMiddlewares","decl":{"start":{"line":35,"column":9},"end":{"line":35,"column":24}},"loc":{"start":{"line":35,"column":30},"end":{"line":40,"column":1}},"line":35},"9":{"name":"initRoutes","decl":{"start":{"line":44,"column":9},"end":{"line":44,"column":19}},"loc":{"start":{"line":44,"column":25},"end":{"line":49,"column":1}},"line":44},"10":{"name":"initHealthCheck","decl":{"start":{"line":53,"column":9},"end":{"line":53,"column":24}},"loc":{"start":{"line":53,"column":30},"end":{"line":90,"column":1}},"line":53},"11":{"name":"(anonymous_11)","decl":{"start":{"line":54,"column":52},"end":{"line":54,"column":53}},"loc":{"start":{"line":54,"column":64},"end":{"line":89,"column":6}},"line":54},"12":{"name":"(anonymous_12)","decl":{"start":{"line":54,"column":96},"end":{"line":54,"column":97}},"loc":{"start":{"line":54,"column":109},"end":{"line":89,"column":5}},"line":54},"13":{"name":"bootstrap","decl":{"start":{"line":94,"column":9},"end":{"line":94,"column":18}},"loc":{"start":{"line":94,"column":24},"end":{"line":110,"column":1}},"line":94},"14":{"name":"(anonymous_14)","decl":{"start":{"line":95,"column":43},"end":{"line":95,"column":44}},"loc":{"start":{"line":95,"column":56},"end":{"line":109,"column":5}},"line":95},"15":{"name":"(anonymous_15)","decl":{"start":{"line":103,"column":45},"end":{"line":103,"column":46}},"loc":{"start":{"line":103,"column":51},"end":{"line":103,"column":122}},"line":103}},"branchMap":{"0":{"loc":{"start":{"line":2,"column":16},"end":{"line":10,"column":1}},"type":"binary-expr","locations":[{"start":{"line":2,"column":17},"end":{"line":2,"column":21}},{"start":{"line":2,"column":25},"end":{"line":2,"column":39}},{"start":{"line":2,"column":44},"end":{"line":10,"column":1}}],"line":2},"1":{"loc":{"start":{"line":3,"column":35},"end":{"line":3,"column":109}},"type":"cond-expr","locations":[{"start":{"line":3,"column":56},"end":{"line":3,"column":61}},{"start":{"line":3,"column":64},"end":{"line":3,"column":109}}],"line":3},"2":{"loc":{"start":{"line":4,"column":16},"end":{"line":4,"column":34}},"type":"binary-expr","locations":[{"start":{"line":4,"column":16},"end":{"line":4,"column":17}},{"start":{"line":4,"column":22},"end":{"line":4,"column":33}}],"line":4},"3":{"loc":{"start":{"line":7,"column":32},"end":{"line":7,"column":115}},"type":"cond-expr","locations":[{"start":{"line":7,"column":46},"end":{"line":7,"column":67}},{"start":{"line":7,"column":70},"end":{"line":7,"column":115}}],"line":7},"4":{"loc":{"start":{"line":8,"column":51},"end":{"line":8,"column":67}},"type":"binary-expr","locations":[{"start":{"line":8,"column":51},"end":{"line":8,"column":61}},{"start":{"line":8,"column":65},"end":{"line":8,"column":67}}],"line":8},"5":{"loc":{"start":{"line":11,"column":22},"end":{"line":13,"column":1}},"type":"binary-expr","locations":[{"start":{"line":11,"column":23},"end":{"line":11,"column":27}},{"start":{"line":11,"column":31},"end":{"line":11,"column":51}},{"start":{"line":11,"column":56},"end":{"line":13,"column":1}}],"line":11},"6":{"loc":{"start":{"line":12,"column":11},"end":{"line":12,"column":61}},"type":"cond-expr","locations":[{"start":{"line":12,"column":37},"end":{"line":12,"column":40}},{"start":{"line":12,"column":43},"end":{"line":12,"column":61}}],"line":12},"7":{"loc":{"start":{"line":12,"column":12},"end":{"line":12,"column":33}},"type":"binary-expr","locations":[{"start":{"line":12,"column":12},"end":{"line":12,"column":15}},{"start":{"line":12,"column":19},"end":{"line":12,"column":33}}],"line":12},"8":{"loc":{"start":{"line":58,"column":12},"end":{"line":73,"column":13}},"type":"switch","locations":[{"start":{"line":59,"column":16},"end":{"line":61,"column":26}},{"start":{"line":62,"column":16},"end":{"line":64,"column":26}},{"start":{"line":65,"column":16},"end":{"line":67,"column":26}},{"start":{"line":68,"column":16},"end":{"line":70,"column":26}},{"start":{"line":71,"column":16},"end":{"line":72,"column":61}}],"line":58}},"s":{"0":1,"1":1,"2":0,"3":4,"4":1,"5":1,"6":0,"7":0,"8":0,"9":0,"10":5,"11":4,"12":1,"13":9,"14":1,"15":1,"16":1,"17":1,"18":1,"19":1,"20":1,"21":1,"22":1,"23":1,"24":1,"25":1,"26":1,"27":1,"28":1,"29":1,"30":1,"31":1,"32":1,"33":1,"34":1,"35":1,"36":1,"37":1,"38":1,"39":3,"40":3,"41":3,"42":2,"43":1,"44":1,"45":1,"46":1,"47":0,"48":0,"49":0,"50":0,"51":0,"52":2,"53":1,"54":1,"55":1,"56":1,"57":1,"58":1,"59":1,"60":1,"61":1,"62":1,"63":1,"64":1,"65":1,"66":0,"67":0},"f":{"0":4,"1":1,"2":0,"3":4,"4":1,"5":0,"6":5,"7":9,"8":1,"9":1,"10":1,"11":3,"12":3,"13":1,"14":1,"15":1},"b":{"0":[1,1,1],"1":[1,0],"2":[4,4],"3":[4,1],"4":[4,4],"5":[1,1,1],"6":[5,4],"7":[9,9],"8":[1,1,0,0,0]},"_coverageSchema":"1a1c01bbd47fc00a2c39e90264f33305004495a9","hash":"92897cbe84ed7248749c22d56a78f5015c18eff5","contentHash":"4305c73e16074e3043f7e608843e133b0500c7549e337a7a3be9982fd47075bb"},"D:\\projects\\github-pr-analytics\\dist\\utils\\logger.js":{"path":"D:\\projects\\github-pr-analytics\\dist\\utils\\logger.js","statementMap":{"0":{"start":{"line":2,"column":22},"end":{"line":4,"column":1}},"1":{"start":{"line":3,"column":4},"end":{"line":3,"column":62}},"2":{"start":{"line":5,"column":0},"end":{"line":5,"column":62}},"3":{"start":{"line":7,"column":18},"end":{"line":7,"column":53}},"4":{"start":{"line":9,"column":15},"end":{"line":19,"column":2}},"5":{"start":{"line":20,"column":0},"end":{"line":20,"column":25}}},"fnMap":{"0":{"name":"(anonymous_0)","decl":{"start":{"line":2,"column":56},"end":{"line":2,"column":57}},"loc":{"start":{"line":2,"column":71},"end":{"line":4,"column":1}},"line":2}},"branchMap":{"0":{"loc":{"start":{"line":2,"column":22},"end":{"line":4,"column":1}},"type":"binary-expr","locations":[{"start":{"line":2,"column":23},"end":{"line":2,"column":27}},{"start":{"line":2,"column":31},"end":{"line":2,"column":51}},{"start":{"line":2,"column":56},"end":{"line":4,"column":1}}],"line":2},"1":{"loc":{"start":{"line":3,"column":11},"end":{"line":3,"column":61}},"type":"cond-expr","locations":[{"start":{"line":3,"column":37},"end":{"line":3,"column":40}},{"start":{"line":3,"column":43},"end":{"line":3,"column":61}}],"line":3},"2":{"loc":{"start":{"line":3,"column":12},"end":{"line":3,"column":33}},"type":"binary-expr","locations":[{"start":{"line":3,"column":12},"end":{"line":3,"column":15}},{"start":{"line":3,"column":19},"end":{"line":3,"column":33}}],"line":3},"3":{"loc":{"start":{"line":10,"column":11},"end":{"line":10,"column":42}},"type":"binary-expr","locations":[{"start":{"line":10,"column":11},"end":{"line":10,"column":32}},{"start":{"line":10,"column":36},"end":{"line":10,"column":42}}],"line":10}},"s":{"0":1,"1":1,"2":1,"3":1,"4":1,"5":1},"f":{"0":1},"b":{"0":[1,1,1],"1":[0,1],"2":[1,1],"3":[1,1]},"_coverageSchema":"1a1c01bbd47fc00a2c39e90264f33305004495a9","hash":"df99d7de4e2372b3b77c1317d296c38a7da36839","contentHash":"138510e30c6a61a8c31a68521f5aaadf42ff88213210bd2dc175f6884ee1f0ba"},"D:\\projects\\github-pr-analytics\\dist\\utils\\db.js":{"path":"D:\\projects\\github-pr-analytics\\dist\\utils\\db.js","statementMap":{"0":{"start":{"line":2,"column":16},"end":{"line":10,"column":1}},"1":{"start":{"line":3,"column":28},"end":{"line":3,"column":110}},"2":{"start":{"line":3,"column":91},"end":{"line":3,"column":106}},"3":{"start":{"line":4,"column":4},"end":{"line":9,"column":7}},"4":{"start":{"line":5,"column":36},"end":{"line":5,"column":97}},"5":{"start":{"line":5,"column":42},"end":{"line":5,"column":70}},"6":{"start":{"line":5,"column":85},"end":{"line":5,"column":95}},"7":{"start":{"line":6,"column":35},"end":{"line":6,"column":100}},"8":{"start":{"line":6,"column":41},"end":{"line":6,"column":73}},"9":{"start":{"line":6,"column":88},"end":{"line":6,"column":98}},"10":{"start":{"line":7,"column":32},"end":{"line":7,"column":116}},"11":{"start":{"line":8,"column":8},"end":{"line":8,"column":78}},"12":{"start":{"line":11,"column":0},"end":{"line":11,"column":62}},"13":{"start":{"line":12,"column":0},"end":{"line":12,"column":26}},"14":{"start":{"line":14,"column":17},"end":{"line":14,"column":36}},"15":{"start":{"line":19,"column":4},"end":{"line":26,"column":7}},"16":{"start":{"line":20,"column":8},"end":{"line":25,"column":9}},"17":{"start":{"line":21,"column":12},"end":{"line":21,"column":47}}},"fnMap":{"0":{"name":"(anonymous_0)","decl":{"start":{"line":2,"column":44},"end":{"line":2,"column":45}},"loc":{"start":{"line":2,"column":89},"end":{"line":10,"column":1}},"line":2},"1":{"name":"adopt","decl":{"start":{"line":3,"column":13},"end":{"line":3,"column":18}},"loc":{"start":{"line":3,"column":26},"end":{"line":3,"column":112}},"line":3},"2":{"name":"(anonymous_2)","decl":{"start":{"line":3,"column":70},"end":{"line":3,"column":71}},"loc":{"start":{"line":3,"column":89},"end":{"line":3,"column":108}},"line":3},"3":{"name":"(anonymous_3)","decl":{"start":{"line":4,"column":36},"end":{"line":4,"column":37}},"loc":{"start":{"line":4,"column":63},"end":{"line":9,"column":5}},"line":4},"4":{"name":"fulfilled","decl":{"start":{"line":5,"column":17},"end":{"line":5,"column":26}},"loc":{"start":{"line":5,"column":34},"end":{"line":5,"column":99}},"line":5},"5":{"name":"rejected","decl":{"start":{"line":6,"column":17},"end":{"line":6,"column":25}},"loc":{"start":{"line":6,"column":33},"end":{"line":6,"column":102}},"line":6},"6":{"name":"step","decl":{"start":{"line":7,"column":17},"end":{"line":7,"column":21}},"loc":{"start":{"line":7,"column":30},"end":{"line":7,"column":118}},"line":7},"7":{"name":"connect","decl":{"start":{"line":18,"column":9},"end":{"line":18,"column":16}},"loc":{"start":{"line":18,"column":19},"end":{"line":27,"column":1}},"line":18},"8":{"name":"(anonymous_8)","decl":{"start":{"line":19,"column":43},"end":{"line":19,"column":44}},"loc":{"start":{"line":19,"column":56},"end":{"line":26,"column":5}},"line":19}},"branchMap":{"0":{"loc":{"start":{"line":2,"column":16},"end":{"line":10,"column":1}},"type":"binary-expr","locations":[{"start":{"line":2,"column":17},"end":{"line":2,"column":21}},{"start":{"line":2,"column":25},"end":{"line":2,"column":39}},{"start":{"line":2,"column":44},"end":{"line":10,"column":1}}],"line":2},"1":{"loc":{"start":{"line":3,"column":35},"end":{"line":3,"column":109}},"type":"cond-expr","locations":[{"start":{"line":3,"column":56},"end":{"line":3,"column":61}},{"start":{"line":3,"column":64},"end":{"line":3,"column":109}}],"line":3},"2":{"loc":{"start":{"line":4,"column":16},"end":{"line":4,"column":34}},"type":"binary-expr","locations":[{"start":{"line":4,"column":16},"end":{"line":4,"column":17}},{"start":{"line":4,"column":22},"end":{"line":4,"column":33}}],"line":4},"3":{"loc":{"start":{"line":7,"column":32},"end":{"line":7,"column":115}},"type":"cond-expr","locations":[{"start":{"line":7,"column":46},"end":{"line":7,"column":67}},{"start":{"line":7,"column":70},"end":{"line":7,"column":115}}],"line":7},"4":{"loc":{"start":{"line":8,"column":51},"end":{"line":8,"column":67}},"type":"binary-expr","locations":[{"start":{"line":8,"column":51},"end":{"line":8,"column":61}},{"start":{"line":8,"column":65},"end":{"line":8,"column":67}}],"line":8},"5":{"loc":{"start":{"line":20,"column":8},"end":{"line":25,"column":9}},"type":"if","locations":[{"start":{"line":20,"column":8},"end":{"line":25,"column":9}},{"start":{"line":23,"column":13},"end":{"line":25,"column":9}}],"line":20}},"s":{"0":1,"1":1,"2":0,"3":1,"4":1,"5":1,"6":0,"7":0,"8":0,"9":0,"10":2,"11":1,"12":1,"13":1,"14":1,"15":1,"16":1,"17":1},"f":{"0":1,"1":1,"2":0,"3":1,"4":1,"5":0,"6":2,"7":1,"8":1},"b":{"0":[1,1,1],"1":[1,0],"2":[1,1],"3":[1,1],"4":[1,1],"5":[1,0]},"_coverageSchema":"1a1c01bbd47fc00a2c39e90264f33305004495a9","hash":"a9af9da4975fa4f22fce5e6d2d5673a144d9e412","contentHash":"94de8430bcd054a8355a036a9d1e7e0d0582ef7d3e783f611c50c656d0249d36"},"D:\\projects\\github-pr-analytics\\dist\\utils\\config.js":{"path":"D:\\projects\\github-pr-analytics\\dist\\utils\\config.js","statementMap":{"0":{"start":{"line":2,"column":16},"end":{"line":10,"column":1}},"1":{"start":{"line":3,"column":28},"end":{"line":3,"column":110}},"2":{"start":{"line":3,"column":91},"end":{"line":3,"column":106}},"3":{"start":{"line":4,"column":4},"end":{"line":9,"column":7}},"4":{"start":{"line":5,"column":36},"end":{"line":5,"column":97}},"5":{"start":{"line":5,"column":42},"end":{"line":5,"column":70}},"6":{"start":{"line":5,"column":85},"end":{"line":5,"column":95}},"7":{"start":{"line":6,"column":35},"end":{"line":6,"column":100}},"8":{"start":{"line":6,"column":41},"end":{"line":6,"column":73}},"9":{"start":{"line":6,"column":88},"end":{"line":6,"column":98}},"10":{"start":{"line":7,"column":32},"end":{"line":7,"column":116}},"11":{"start":{"line":8,"column":8},"end":{"line":8,"column":78}},"12":{"start":{"line":11,"column":22},"end":{"line":13,"column":1}},"13":{"start":{"line":12,"column":4},"end":{"line":12,"column":62}},"14":{"start":{"line":14,"column":0},"end":{"line":14,"column":62}},"15":{"start":{"line":15,"column":0},"end":{"line":15,"column":24}},"16":{"start":{"line":16,"column":0},"end":{"line":16,"column":36}},"17":{"start":{"line":18,"column":14},"end":{"line":18,"column":45}},"18":{"start":{"line":19,"column":19},"end":{"line":19,"column":55}},"19":{"start":{"line":21,"column":17},"end":{"line":21,"column":53}},"20":{"start":{"line":23,"column":18},"end":{"line":40,"column":16}},"21":{"start":{"line":42,"column":34},"end":{"line":44,"column":2}},"22":{"start":{"line":45,"column":0},"end":{"line":49,"column":1}},"23":{"start":{"line":46,"column":4},"end":{"line":48,"column":23}},"24":{"start":{"line":47,"column":20},"end":{"line":47,"column":29}},"25":{"start":{"line":51,"column":0},"end":{"line":58,"column":2}},"26":{"start":{"line":59,"column":19},"end":{"line":59,"column":24}},"27":{"start":{"line":66,"column":4},"end":{"line":86,"column":7}},"28":{"start":{"line":67,"column":8},"end":{"line":67,"column":52}},"29":{"start":{"line":68,"column":8},"end":{"line":71,"column":9}},"30":{"start":{"line":69,"column":12},"end":{"line":69,"column":56}},"31":{"start":{"line":70,"column":12},"end":{"line":70,"column":24}},"32":{"start":{"line":72,"column":8},"end":{"line":85,"column":9}},"33":{"start":{"line":73,"column":24},"end":{"line":73,"column":47}},"34":{"start":{"line":74,"column":12},"end":{"line":77,"column":15}},"35":{"start":{"line":78,"column":12},"end":{"line":78,"column":32}},"36":{"start":{"line":79,"column":12},"end":{"line":79,"column":59}},"37":{"start":{"line":80,"column":12},"end":{"line":80,"column":24}},"38":{"start":{"line":83,"column":12},"end":{"line":83,"column":60}},"39":{"start":{"line":84,"column":12},"end":{"line":84,"column":25}},"40":{"start":{"line":88,"column":0},"end":{"line":88,"column":37}}},"fnMap":{"0":{"name":"(anonymous_0)","decl":{"start":{"line":2,"column":44},"end":{"line":2,"column":45}},"loc":{"start":{"line":2,"column":89},"end":{"line":10,"column":1}},"line":2},"1":{"name":"adopt","decl":{"start":{"line":3,"column":13},"end":{"line":3,"column":18}},"loc":{"start":{"line":3,"column":26},"end":{"line":3,"column":112}},"line":3},"2":{"name":"(anonymous_2)","decl":{"start":{"line":3,"column":70},"end":{"line":3,"column":71}},"loc":{"start":{"line":3,"column":89},"end":{"line":3,"column":108}},"line":3},"3":{"name":"(anonymous_3)","decl":{"start":{"line":4,"column":36},"end":{"line":4,"column":37}},"loc":{"start":{"line":4,"column":63},"end":{"line":9,"column":5}},"line":4},"4":{"name":"fulfilled","decl":{"start":{"line":5,"column":17},"end":{"line":5,"column":26}},"loc":{"start":{"line":5,"column":34},"end":{"line":5,"column":99}},"line":5},"5":{"name":"rejected","decl":{"start":{"line":6,"column":17},"end":{"line":6,"column":25}},"loc":{"start":{"line":6,"column":33},"end":{"line":6,"column":102}},"line":6},"6":{"name":"step","decl":{"start":{"line":7,"column":17},"end":{"line":7,"column":21}},"loc":{"start":{"line":7,"column":30},"end":{"line":7,"column":118}},"line":7},"7":{"name":"(anonymous_7)","decl":{"start":{"line":11,"column":56},"end":{"line":11,"column":57}},"loc":{"start":{"line":11,"column":71},"end":{"line":13,"column":1}},"line":11},"8":{"name":"(anonymous_8)","decl":{"start":{"line":47,"column":13},"end":{"line":47,"column":14}},"loc":{"start":{"line":47,"column":20},"end":{"line":47,"column":29}},"line":47},"9":{"name":"connectMongo","decl":{"start":{"line":65,"column":9},"end":{"line":65,"column":21}},"loc":{"start":{"line":65,"column":24},"end":{"line":87,"column":1}},"line":65},"10":{"name":"(anonymous_10)","decl":{"start":{"line":66,"column":43},"end":{"line":66,"column":44}},"loc":{"start":{"line":66,"column":56},"end":{"line":86,"column":5}},"line":66}},"branchMap":{"0":{"loc":{"start":{"line":2,"column":16},"end":{"line":10,"column":1}},"type":"binary-expr","locations":[{"start":{"line":2,"column":17},"end":{"line":2,"column":21}},{"start":{"line":2,"column":25},"end":{"line":2,"column":39}},{"start":{"line":2,"column":44},"end":{"line":10,"column":1}}],"line":2},"1":{"loc":{"start":{"line":3,"column":35},"end":{"line":3,"column":109}},"type":"cond-expr","locations":[{"start":{"line":3,"column":56},"end":{"line":3,"column":61}},{"start":{"line":3,"column":64},"end":{"line":3,"column":109}}],"line":3},"2":{"loc":{"start":{"line":4,"column":16},"end":{"line":4,"column":34}},"type":"binary-expr","locations":[{"start":{"line":4,"column":16},"end":{"line":4,"column":17}},{"start":{"line":4,"column":22},"end":{"line":4,"column":33}}],"line":4},"3":{"loc":{"start":{"line":7,"column":32},"end":{"line":7,"column":115}},"type":"cond-expr","locations":[{"start":{"line":7,"column":46},"end":{"line":7,"column":67}},{"start":{"line":7,"column":70},"end":{"line":7,"column":115}}],"line":7},"4":{"loc":{"start":{"line":8,"column":51},"end":{"line":8,"column":67}},"type":"binary-expr","locations":[{"start":{"line":8,"column":51},"end":{"line":8,"column":61}},{"start":{"line":8,"column":65},"end":{"line":8,"column":67}}],"line":8},"5":{"loc":{"start":{"line":11,"column":22},"end":{"line":13,"column":1}},"type":"binary-expr","locations":[{"start":{"line":11,"column":23},"end":{"line":11,"column":27}},{"start":{"line":11,"column":31},"end":{"line":11,"column":51}},{"start":{"line":11,"column":56},"end":{"line":13,"column":1}}],"line":11},"6":{"loc":{"start":{"line":12,"column":11},"end":{"line":12,"column":61}},"type":"cond-expr","locations":[{"start":{"line":12,"column":37},"end":{"line":12,"column":40}},{"start":{"line":12,"column":43},"end":{"line":12,"column":61}}],"line":12},"7":{"loc":{"start":{"line":12,"column":12},"end":{"line":12,"column":33}},"type":"binary-expr","locations":[{"start":{"line":12,"column":12},"end":{"line":12,"column":15}},{"start":{"line":12,"column":19},"end":{"line":12,"column":33}}],"line":12},"8":{"loc":{"start":{"line":45,"column":0},"end":{"line":49,"column":1}},"type":"if","locations":[{"start":{"line":45,"column":0},"end":{"line":49,"column":1}},{"start":{},"end":{}}],"line":45},"9":{"loc":{"start":{"line":68,"column":8},"end":{"line":71,"column":9}},"type":"if","locations":[{"start":{"line":68,"column":8},"end":{"line":71,"column":9}},{"start":{},"end":{}}],"line":68}},"s":{"0":1,"1":1,"2":0,"3":1,"4":1,"5":1,"6":0,"7":0,"8":0,"9":0,"10":2,"11":1,"12":1,"13":3,"14":1,"15":1,"16":1,"17":1,"18":1,"19":1,"20":1,"21":1,"22":1,"23":0,"24":0,"25":1,"26":1,"27":1,"28":1,"29":1,"30":0,"31":0,"32":1,"33":1,"34":1,"35":1,"36":1,"37":1,"38":0,"39":0,"40":1},"f":{"0":1,"1":1,"2":0,"3":1,"4":1,"5":0,"6":2,"7":3,"8":0,"9":1,"10":1},"b":{"0":[1,1,1],"1":[1,0],"2":[1,1],"3":[1,1],"4":[1,1],"5":[1,1,1],"6":[1,2],"7":[3,3],"8":[0,1],"9":[0,1]},"_coverageSchema":"1a1c01bbd47fc00a2c39e90264f33305004495a9","hash":"1134523e1cb23da83ac9727c0ccfd7427c094880","contentHash":"70833cfe560c69b6f1ac1ce403d869d390923d338d3db80e57724510b85161a9"},"D:\\projects\\github-pr-analytics\\dist\\routes\\prRoutes.js":{"path":"D:\\projects\\github-pr-analytics\\dist\\routes\\prRoutes.js","statementMap":{"0":{"start":{"line":2,"column":22},"end":{"line":4,"column":1}},"1":{"start":{"line":3,"column":4},"end":{"line":3,"column":62}},"2":{"start":{"line":5,"column":0},"end":{"line":5,"column":62}},"3":{"start":{"line":7,"column":18},"end":{"line":7,"column":53}},"4":{"start":{"line":9,"column":20},"end":{"line":9,"column":50}},"5":{"start":{"line":10,"column":23},"end":{"line":10,"column":61}},"6":{"start":{"line":11,"column":25},"end":{"line":11,"column":65}},"7":{"start":{"line":12,"column":23},"end":{"line":12,"column":61}},"8":{"start":{"line":13,"column":17},"end":{"line":13,"column":49}},"9":{"start":{"line":14,"column":26},"end":{"line":14,"column":67}},"10":{"start":{"line":15,"column":15},"end":{"line":15,"column":41}},"11":{"start":{"line":18,"column":0},"end":{"line":18,"column":214}},"12":{"start":{"line":21,"column":0},"end":{"line":21,"column":229}},"13":{"start":{"line":22,"column":0},"end":{"line":22,"column":25}}},"fnMap":{"0":{"name":"(anonymous_0)","decl":{"start":{"line":2,"column":56},"end":{"line":2,"column":57}},"loc":{"start":{"line":2,"column":71},"end":{"line":4,"column":1}},"line":2}},"branchMap":{"0":{"loc":{"start":{"line":2,"column":22},"end":{"line":4,"column":1}},"type":"binary-expr","locations":[{"start":{"line":2,"column":23},"end":{"line":2,"column":27}},{"start":{"line":2,"column":31},"end":{"line":2,"column":51}},{"start":{"line":2,"column":56},"end":{"line":4,"column":1}}],"line":2},"1":{"loc":{"start":{"line":3,"column":11},"end":{"line":3,"column":61}},"type":"cond-expr","locations":[{"start":{"line":3,"column":37},"end":{"line":3,"column":40}},{"start":{"line":3,"column":43},"end":{"line":3,"column":61}}],"line":3},"2":{"loc":{"start":{"line":3,"column":12},"end":{"line":3,"column":33}},"type":"binary-expr","locations":[{"start":{"line":3,"column":12},"end":{"line":3,"column":15}},{"start":{"line":3,"column":19},"end":{"line":3,"column":33}}],"line":3}},"s":{"0":6,"1":6,"2":6,"3":6,"4":6,"5":6,"6":6,"7":6,"8":6,"9":6,"10":6,"11":6,"12":6,"13":6},"f":{"0":6},"b":{"0":[6,6,6],"1":[0,6],"2":[6,6]},"_coverageSchema":"1a1c01bbd47fc00a2c39e90264f33305004495a9","hash":"a8b50a10bd5505ed0419b0f0c28ebe13e2fadb7f","contentHash":"db8959a35712d3f8dedcfd5dd4ff06f4c6e6c05eb6b745adcd394be7c2f73544"},"D:\\projects\\github-pr-analytics\\dist\\common\\constants.js":{"path":"D:\\projects\\github-pr-analytics\\dist\\common\\constants.js","statementMap":{"0":{"start":{"line":2,"column":0},"end":{"line":2,"column":62}},"1":{"start":{"line":3,"column":0},"end":{"line":3,"column":260}},"2":{"start":{"line":5,"column":0},"end":{"line":8,"column":3}},"3":{"start":{"line":10,"column":0},"end":{"line":22,"column":3}},"4":{"start":{"line":24,"column":0},"end":{"line":38,"column":3}},"5":{"start":{"line":40,"column":0},"end":{"line":40,"column":55}},"6":{"start":{"line":42,"column":0},"end":{"line":45,"column":3}},"7":{"start":{"line":47,"column":0},"end":{"line":50,"column":3}},"8":{"start":{"line":52,"column":0},"end":{"line":52,"column":28}},"9":{"start":{"line":54,"column":0},"end":{"line":67,"column":3}},"10":{"start":{"line":69,"column":0},"end":{"line":75,"column":54}},"11":{"start":{"line":70,"column":4},"end":{"line":70,"column":47}},"12":{"start":{"line":71,"column":4},"end":{"line":71,"column":41}},"13":{"start":{"line":72,"column":4},"end":{"line":72,"column":43}},"14":{"start":{"line":73,"column":4},"end":{"line":73,"column":49}},"15":{"start":{"line":74,"column":4},"end":{"line":74,"column":37}},"16":{"start":{"line":77,"column":0},"end":{"line":81,"column":3}}},"fnMap":{"0":{"name":"(anonymous_0)","decl":{"start":{"line":69,"column":1},"end":{"line":69,"column":2}},"loc":{"start":{"line":69,"column":22},"end":{"line":75,"column":1}},"line":69}},"branchMap":{"0":{"loc":{"start":{"line":75,"column":3},"end":{"line":75,"column":52}},"type":"binary-expr","locations":[{"start":{"line":75,"column":3},"end":{"line":75,"column":12}},{"start":{"line":75,"column":17},"end":{"line":75,"column":51}}],"line":75}},"s":{"0":1,"1":1,"2":1,"3":1,"4":1,"5":1,"6":1,"7":1,"8":1,"9":1,"10":1,"11":1,"12":1,"13":1,"14":1,"15":1,"16":1},"f":{"0":1},"b":{"0":[1,1]},"_coverageSchema":"1a1c01bbd47fc00a2c39e90264f33305004495a9","hash":"313cc97a9aaaf50b53cf5f747df58007b5113f7a","contentHash":"00b7a6ff6825bb9ce0627c9a397cbf7095ba9628ddf8cbae594d94c1274351df"},"D:\\projects\\github-pr-analytics\\dist\\middlewares\\validateUser.js":{"path":"D:\\projects\\github-pr-analytics\\dist\\middlewares\\validateUser.js","statementMap":{"0":{"start":{"line":2,"column":16},"end":{"line":10,"column":1}},"1":{"start":{"line":3,"column":28},"end":{"line":3,"column":110}},"2":{"start":{"line":3,"column":91},"end":{"line":3,"column":106}},"3":{"start":{"line":4,"column":4},"end":{"line":9,"column":7}},"4":{"start":{"line":5,"column":36},"end":{"line":5,"column":97}},"5":{"start":{"line":5,"column":42},"end":{"line":5,"column":70}},"6":{"start":{"line":5,"column":85},"end":{"line":5,"column":95}},"7":{"start":{"line":6,"column":35},"end":{"line":6,"column":100}},"8":{"start":{"line":6,"column":41},"end":{"line":6,"column":73}},"9":{"start":{"line":6,"column":88},"end":{"line":6,"column":98}},"10":{"start":{"line":7,"column":32},"end":{"line":7,"column":116}},"11":{"start":{"line":8,"column":8},"end":{"line":8,"column":78}},"12":{"start":{"line":11,"column":22},"end":{"line":13,"column":1}},"13":{"start":{"line":12,"column":4},"end":{"line":12,"column":62}},"14":{"start":{"line":14,"column":0},"end":{"line":14,"column":62}},"15":{"start":{"line":15,"column":0},"end":{"line":15,"column":33}},"16":{"start":{"line":17,"column":15},"end":{"line":17,"column":57}},"17":{"start":{"line":18,"column":20},"end":{"line":18,"column":50}},"18":{"start":{"line":27,"column":24},"end":{"line":46,"column":2}},"19":{"start":{"line":27,"column":44},"end":{"line":46,"column":2}},"20":{"start":{"line":28,"column":4},"end":{"line":45,"column":5}},"21":{"start":{"line":29,"column":25},"end":{"line":29,"column":68}},"22":{"start":{"line":30,"column":8},"end":{"line":33,"column":9}},"23":{"start":{"line":31,"column":12},"end":{"line":31,"column":117}},"24":{"start":{"line":32,"column":12},"end":{"line":32,"column":19}},"25":{"start":{"line":34,"column":21},"end":{"line":34,"column":63}},"26":{"start":{"line":35,"column":8},"end":{"line":38,"column":9}},"27":{"start":{"line":36,"column":12},"end":{"line":36,"column":112}},"28":{"start":{"line":37,"column":12},"end":{"line":37,"column":19}},"29":{"start":{"line":40,"column":8},"end":{"line":40,"column":15}},"30":{"start":{"line":43,"column":20},"end":{"line":43,"column":25}},"31":{"start":{"line":44,"column":8},"end":{"line":44,"column":142}},"32":{"start":{"line":47,"column":0},"end":{"line":47,"column":42}}},"fnMap":{"0":{"name":"(anonymous_0)","decl":{"start":{"line":2,"column":44},"end":{"line":2,"column":45}},"loc":{"start":{"line":2,"column":89},"end":{"line":10,"column":1}},"line":2},"1":{"name":"adopt","decl":{"start":{"line":3,"column":13},"end":{"line":3,"column":18}},"loc":{"start":{"line":3,"column":26},"end":{"line":3,"column":112}},"line":3},"2":{"name":"(anonymous_2)","decl":{"start":{"line":3,"column":70},"end":{"line":3,"column":71}},"loc":{"start":{"line":3,"column":89},"end":{"line":3,"column":108}},"line":3},"3":{"name":"(anonymous_3)","decl":{"start":{"line":4,"column":36},"end":{"line":4,"column":37}},"loc":{"start":{"line":4,"column":63},"end":{"line":9,"column":5}},"line":4},"4":{"name":"fulfilled","decl":{"start":{"line":5,"column":17},"end":{"line":5,"column":26}},"loc":{"start":{"line":5,"column":34},"end":{"line":5,"column":99}},"line":5},"5":{"name":"rejected","decl":{"start":{"line":6,"column":17},"end":{"line":6,"column":25}},"loc":{"start":{"line":6,"column":33},"end":{"line":6,"column":102}},"line":6},"6":{"name":"step","decl":{"start":{"line":7,"column":17},"end":{"line":7,"column":21}},"loc":{"start":{"line":7,"column":30},"end":{"line":7,"column":118}},"line":7},"7":{"name":"(anonymous_7)","decl":{"start":{"line":11,"column":56},"end":{"line":11,"column":57}},"loc":{"start":{"line":11,"column":71},"end":{"line":13,"column":1}},"line":11},"8":{"name":"(anonymous_8)","decl":{"start":{"line":27,"column":24},"end":{"line":27,"column":25}},"loc":{"start":{"line":27,"column":44},"end":{"line":46,"column":2}},"line":27},"9":{"name":"(anonymous_9)","decl":{"start":{"line":27,"column":78},"end":{"line":27,"column":79}},"loc":{"start":{"line":27,"column":91},"end":{"line":46,"column":1}},"line":27}},"branchMap":{"0":{"loc":{"start":{"line":2,"column":16},"end":{"line":10,"column":1}},"type":"binary-expr","locations":[{"start":{"line":2,"column":17},"end":{"line":2,"column":21}},{"start":{"line":2,"column":25},"end":{"line":2,"column":39}},{"start":{"line":2,"column":44},"end":{"line":10,"column":1}}],"line":2},"1":{"loc":{"start":{"line":3,"column":35},"end":{"line":3,"column":109}},"type":"cond-expr","locations":[{"start":{"line":3,"column":56},"end":{"line":3,"column":61}},{"start":{"line":3,"column":64},"end":{"line":3,"column":109}}],"line":3},"2":{"loc":{"start":{"line":4,"column":16},"end":{"line":4,"column":34}},"type":"binary-expr","locations":[{"start":{"line":4,"column":16},"end":{"line":4,"column":17}},{"start":{"line":4,"column":22},"end":{"line":4,"column":33}}],"line":4},"3":{"loc":{"start":{"line":7,"column":32},"end":{"line":7,"column":115}},"type":"cond-expr","locations":[{"start":{"line":7,"column":46},"end":{"line":7,"column":67}},{"start":{"line":7,"column":70},"end":{"line":7,"column":115}}],"line":7},"4":{"loc":{"start":{"line":8,"column":51},"end":{"line":8,"column":67}},"type":"binary-expr","locations":[{"start":{"line":8,"column":51},"end":{"line":8,"column":61}},{"start":{"line":8,"column":65},"end":{"line":8,"column":67}}],"line":8},"5":{"loc":{"start":{"line":11,"column":22},"end":{"line":13,"column":1}},"type":"binary-expr","locations":[{"start":{"line":11,"column":23},"end":{"line":11,"column":27}},{"start":{"line":11,"column":31},"end":{"line":11,"column":51}},{"start":{"line":11,"column":56},"end":{"line":13,"column":1}}],"line":11},"6":{"loc":{"start":{"line":12,"column":11},"end":{"line":12,"column":61}},"type":"cond-expr","locations":[{"start":{"line":12,"column":37},"end":{"line":12,"column":40}},{"start":{"line":12,"column":43},"end":{"line":12,"column":61}}],"line":12},"7":{"loc":{"start":{"line":12,"column":12},"end":{"line":12,"column":33}},"type":"binary-expr","locations":[{"start":{"line":12,"column":12},"end":{"line":12,"column":15}},{"start":{"line":12,"column":19},"end":{"line":12,"column":33}}],"line":12},"8":{"loc":{"start":{"line":29,"column":25},"end":{"line":29,"column":68}},"type":"binary-expr","locations":[{"start":{"line":29,"column":25},"end":{"line":29,"column":45}},{"start":{"line":29,"column":49},"end":{"line":29,"column":68}}],"line":29},"9":{"loc":{"start":{"line":30,"column":8},"end":{"line":33,"column":9}},"type":"if","locations":[{"start":{"line":30,"column":8},"end":{"line":33,"column":9}},{"start":{},"end":{}}],"line":30},"10":{"loc":{"start":{"line":35,"column":8},"end":{"line":38,"column":9}},"type":"if","locations":[{"start":{"line":35,"column":8},"end":{"line":38,"column":9}},{"start":{},"end":{}}],"line":35},"11":{"loc":{"start":{"line":44,"column":81},"end":{"line":44,"column":138}},"type":"binary-expr","locations":[{"start":{"line":44,"column":81},"end":{"line":44,"column":92}},{"start":{"line":44,"column":96},"end":{"line":44,"column":138}}],"line":44}},"s":{"0":1,"1":0,"2":0,"3":0,"4":0,"5":0,"6":0,"7":0,"8":0,"9":0,"10":0,"11":0,"12":1,"13":1,"14":1,"15":1,"16":1,"17":1,"18":1,"19":0,"20":0,"21":0,"22":0,"23":0,"24":0,"25":0,"26":0,"27":0,"28":0,"29":0,"30":0,"31":0,"32":1},"f":{"0":0,"1":0,"2":0,"3":0,"4":0,"5":0,"6":0,"7":1,"8":0,"9":0},"b":{"0":[1,1,1],"1":[0,0],"2":[0,0],"3":[0,0],"4":[0,0],"5":[1,1,1],"6":[1,0],"7":[1,1],"8":[0,0],"9":[0,0],"10":[0,0],"11":[0,0]},"_coverageSchema":"1a1c01bbd47fc00a2c39e90264f33305004495a9","hash":"648780c30271e8c4d312ae833ee2a474ffca873a","contentHash":"f7222557f1b841378483fe6062f2ea319f631d4b94bde3d56a90d41ac245f24e"},"D:\\projects\\github-pr-analytics\\dist\\models\\user.js":{"path":"D:\\projects\\github-pr-analytics\\dist\\models\\user.js","statementMap":{"0":{"start":{"line":2,"column":22},"end":{"line":12,"column":3}},"1":{"start":{"line":3,"column":4},"end":{"line":3,"column":33}},"2":{"start":{"line":3,"column":26},"end":{"line":3,"column":33}},"3":{"start":{"line":4,"column":15},"end":{"line":4,"column":52}},"4":{"start":{"line":5,"column":4},"end":{"line":7,"column":5}},"5":{"start":{"line":6,"column":6},"end":{"line":6,"column":68}},"6":{"start":{"line":6,"column":51},"end":{"line":6,"column":63}},"7":{"start":{"line":8,"column":4},"end":{"line":8,"column":39}},"8":{"start":{"line":10,"column":4},"end":{"line":10,"column":33}},"9":{"start":{"line":10,"column":26},"end":{"line":10,"column":33}},"10":{"start":{"line":11,"column":4},"end":{"line":11,"column":17}},"11":{"start":{"line":13,"column":25},"end":{"line":17,"column":2}},"12":{"start":{"line":14,"column":4},"end":{"line":14,"column":72}},"13":{"start":{"line":16,"column":4},"end":{"line":16,"column":21}},"14":{"start":{"line":18,"column":19},"end":{"line":34,"column":4}},"15":{"start":{"line":19,"column":18},"end":{"line":26,"column":5}},"16":{"start":{"line":20,"column":8},"end":{"line":24,"column":10}},"17":{"start":{"line":21,"column":21},"end":{"line":21,"column":23}},"18":{"start":{"line":22,"column":12},"end":{"line":22,"column":95}},"19":{"start":{"line":22,"column":29},"end":{"line":22,"column":95}},"20":{"start":{"line":22,"column":77},"end":{"line":22,"column":95}},"21":{"start":{"line":23,"column":12},"end":{"line":23,"column":22}},"22":{"start":{"line":25,"column":8},"end":{"line":25,"column":26}},"23":{"start":{"line":27,"column":4},"end":{"line":33,"column":6}},"24":{"start":{"line":28,"column":8},"end":{"line":28,"column":46}},"25":{"start":{"line":28,"column":35},"end":{"line":28,"column":46}},"26":{"start":{"line":29,"column":21},"end":{"line":29,"column":23}},"27":{"start":{"line":30,"column":8},"end":{"line":30,"column":137}},"28":{"start":{"line":30,"column":25},"end":{"line":30,"column":137}},"29":{"start":{"line":30,"column":38},"end":{"line":30,"column":50}},"30":{"start":{"line":30,"column":56},"end":{"line":30,"column":57}},"31":{"start":{"line":30,"column":78},"end":{"line":30,"column":137}},"32":{"start":{"line":30,"column":102},"end":{"line":30,"column":137}},"33":{"start":{"line":31,"column":8},"end":{"line":31,"column":40}},"34":{"start":{"line":32,"column":8},"end":{"line":32,"column":22}},"35":{"start":{"line":35,"column":0},"end":{"line":35,"column":62}},"36":{"start":{"line":37,"column":19},"end":{"line":37,"column":52}},"37":{"start":{"line":39,"column":19},"end":{"line":57,"column":24}},"38":{"start":{"line":58,"column":13},"end":{"line":58,"column":57}},"39":{"start":{"line":59,"column":0},"end":{"line":59,"column":23}}},"fnMap":{"0":{"name":"(anonymous_0)","decl":{"start":{"line":2,"column":74},"end":{"line":2,"column":75}},"loc":{"start":{"line":2,"column":96},"end":{"line":9,"column":1}},"line":2},"1":{"name":"(anonymous_1)","decl":{"start":{"line":6,"column":38},"end":{"line":6,"column":39}},"loc":{"start":{"line":6,"column":49},"end":{"line":6,"column":65}},"line":6},"2":{"name":"(anonymous_2)","decl":{"start":{"line":9,"column":6},"end":{"line":9,"column":7}},"loc":{"start":{"line":9,"column":28},"end":{"line":12,"column":1}},"line":9},"3":{"name":"(anonymous_3)","decl":{"start":{"line":13,"column":80},"end":{"line":13,"column":81}},"loc":{"start":{"line":13,"column":95},"end":{"line":15,"column":1}},"line":13},"4":{"name":"(anonymous_4)","decl":{"start":{"line":15,"column":5},"end":{"line":15,"column":6}},"loc":{"start":{"line":15,"column":20},"end":{"line":17,"column":1}},"line":15},"5":{"name":"(anonymous_5)","decl":{"start":{"line":18,"column":51},"end":{"line":18,"column":52}},"loc":{"start":{"line":18,"column":63},"end":{"line":34,"column":1}},"line":18},"6":{"name":"(anonymous_6)","decl":{"start":{"line":19,"column":18},"end":{"line":19,"column":19}},"loc":{"start":{"line":19,"column":30},"end":{"line":26,"column":5}},"line":19},"7":{"name":"(anonymous_7)","decl":{"start":{"line":20,"column":48},"end":{"line":20,"column":49}},"loc":{"start":{"line":20,"column":61},"end":{"line":24,"column":9}},"line":20},"8":{"name":"(anonymous_8)","decl":{"start":{"line":27,"column":11},"end":{"line":27,"column":12}},"loc":{"start":{"line":27,"column":26},"end":{"line":33,"column":5}},"line":27}},"branchMap":{"0":{"loc":{"start":{"line":2,"column":22},"end":{"line":12,"column":3}},"type":"binary-expr","locations":[{"start":{"line":2,"column":23},"end":{"line":2,"column":27}},{"start":{"line":2,"column":31},"end":{"line":2,"column":51}},{"start":{"line":2,"column":57},"end":{"line":12,"column":2}}],"line":2},"1":{"loc":{"start":{"line":2,"column":57},"end":{"line":12,"column":2}},"type":"cond-expr","locations":[{"start":{"line":2,"column":74},"end":{"line":9,"column":1}},{"start":{"line":9,"column":6},"end":{"line":12,"column":1}}],"line":2},"2":{"loc":{"start":{"line":3,"column":4},"end":{"line":3,"column":33}},"type":"if","locations":[{"start":{"line":3,"column":4},"end":{"line":3,"column":33}},{"start":{},"end":{}}],"line":3},"3":{"loc":{"start":{"line":5,"column":4},"end":{"line":7,"column":5}},"type":"if","locations":[{"start":{"line":5,"column":4},"end":{"line":7,"column":5}},{"start":{},"end":{}}],"line":5},"4":{"loc":{"start":{"line":5,"column":8},"end":{"line":5,"column":85}},"type":"binary-expr","locations":[{"start":{"line":5,"column":8},"end":{"line":5,"column":13}},{"start":{"line":5,"column":18},"end":{"line":5,"column":84}}],"line":5},"5":{"loc":{"start":{"line":5,"column":18},"end":{"line":5,"column":84}},"type":"cond-expr","locations":[{"start":{"line":5,"column":34},"end":{"line":5,"column":47}},{"start":{"line":5,"column":50},"end":{"line":5,"column":84}}],"line":5},"6":{"loc":{"start":{"line":5,"column":50},"end":{"line":5,"column":84}},"type":"binary-expr","locations":[{"start":{"line":5,"column":50},"end":{"line":5,"column":63}},{"start":{"line":5,"column":67},"end":{"line":5,"column":84}}],"line":5},"7":{"loc":{"start":{"line":10,"column":4},"end":{"line":10,"column":33}},"type":"if","locations":[{"start":{"line":10,"column":4},"end":{"line":10,"column":33}},{"start":{},"end":{}}],"line":10},"8":{"loc":{"start":{"line":13,"column":25},"end":{"line":17,"column":2}},"type":"binary-expr","locations":[{"start":{"line":13,"column":26},"end":{"line":13,"column":30}},{"start":{"line":13,"column":34},"end":{"line":13,"column":57}},{"start":{"line":13,"column":63},"end":{"line":17,"column":1}}],"line":13},"9":{"loc":{"start":{"line":13,"column":63},"end":{"line":17,"column":1}},"type":"cond-expr","locations":[{"start":{"line":13,"column":80},"end":{"line":15,"column":1}},{"start":{"line":15,"column":5},"end":{"line":17,"column":1}}],"line":13},"10":{"loc":{"start":{"line":18,"column":19},"end":{"line":34,"column":4}},"type":"binary-expr","locations":[{"start":{"line":18,"column":20},"end":{"line":18,"column":24}},{"start":{"line":18,"column":28},"end":{"line":18,"column":45}},{"start":{"line":18,"column":50},"end":{"line":34,"column":4}}],"line":18},"11":{"loc":{"start":{"line":20,"column":18},"end":{"line":24,"column":9}},"type":"binary-expr","locations":[{"start":{"line":20,"column":18},"end":{"line":20,"column":44}},{"start":{"line":20,"column":48},"end":{"line":24,"column":9}}],"line":20},"12":{"loc":{"start":{"line":22,"column":29},"end":{"line":22,"column":95}},"type":"if","locations":[{"start":{"line":22,"column":29},"end":{"line":22,"column":95}},{"start":{},"end":{}}],"line":22},"13":{"loc":{"start":{"line":28,"column":8},"end":{"line":28,"column":46}},"type":"if","locations":[{"start":{"line":28,"column":8},"end":{"line":28,"column":46}},{"start":{},"end":{}}],"line":28},"14":{"loc":{"start":{"line":28,"column":12},"end":{"line":28,"column":33}},"type":"binary-expr","locations":[{"start":{"line":28,"column":12},"end":{"line":28,"column":15}},{"start":{"line":28,"column":19},"end":{"line":28,"column":33}}],"line":28},"15":{"loc":{"start":{"line":30,"column":8},"end":{"line":30,"column":137}},"type":"if","locations":[{"start":{"line":30,"column":8},"end":{"line":30,"column":137}},{"start":{},"end":{}}],"line":30},"16":{"loc":{"start":{"line":30,"column":78},"end":{"line":30,"column":137}},"type":"if","locations":[{"start":{"line":30,"column":78},"end":{"line":30,"column":137}},{"start":{},"end":{}}],"line":30}},"s":{"0":1,"1":53,"2":53,"3":53,"4":53,"5":52,"6":1,"7":53,"8":0,"9":0,"10":0,"11":1,"12":1,"13":0,"14":1,"15":1,"16":1,"17":0,"18":0,"19":0,"20":0,"21":0,"22":1,"23":1,"24":1,"25":0,"26":1,"27":1,"28":1,"29":1,"30":1,"31":54,"32":53,"33":1,"34":1,"35":1,"36":1,"37":1,"38":1,"39":1},"f":{"0":53,"1":1,"2":0,"3":1,"4":0,"5":1,"6":1,"7":0,"8":1},"b":{"0":[1,1,1],"1":[1,0],"2":[53,0],"3":[52,1],"4":[53,53],"5":[0,53],"6":[53,1],"7":[0,0],"8":[1,1,1],"9":[1,0],"10":[1,1,1],"11":[1,0],"12":[0,0],"13":[0,1],"14":[1,1],"15":[1,0],"16":[53,1]},"_coverageSchema":"1a1c01bbd47fc00a2c39e90264f33305004495a9","hash":"a8a3640b79513cdc6b230f05c75f9768268b1d48","contentHash":"590c040dd5b26bc12602f67d9dcefa1835402f7403e953167a0441ad81116148"},"D:\\projects\\github-pr-analytics\\dist\\middlewares\\authMiddleware.js":{"path":"D:\\projects\\github-pr-analytics\\dist\\middlewares\\authMiddleware.js","statementMap":{"0":{"start":{"line":2,"column":22},"end":{"line":12,"column":3}},"1":{"start":{"line":3,"column":4},"end":{"line":3,"column":33}},"2":{"start":{"line":3,"column":26},"end":{"line":3,"column":33}},"3":{"start":{"line":4,"column":15},"end":{"line":4,"column":52}},"4":{"start":{"line":5,"column":4},"end":{"line":7,"column":5}},"5":{"start":{"line":6,"column":6},"end":{"line":6,"column":68}},"6":{"start":{"line":6,"column":51},"end":{"line":6,"column":63}},"7":{"start":{"line":8,"column":4},"end":{"line":8,"column":39}},"8":{"start":{"line":10,"column":4},"end":{"line":10,"column":33}},"9":{"start":{"line":10,"column":26},"end":{"line":10,"column":33}},"10":{"start":{"line":11,"column":4},"end":{"line":11,"column":17}},"11":{"start":{"line":13,"column":25},"end":{"line":17,"column":2}},"12":{"start":{"line":14,"column":4},"end":{"line":14,"column":72}},"13":{"start":{"line":16,"column":4},"end":{"line":16,"column":21}},"14":{"start":{"line":18,"column":19},"end":{"line":34,"column":4}},"15":{"start":{"line":19,"column":18},"end":{"line":26,"column":5}},"16":{"start":{"line":20,"column":8},"end":{"line":24,"column":10}},"17":{"start":{"line":21,"column":21},"end":{"line":21,"column":23}},"18":{"start":{"line":22,"column":12},"end":{"line":22,"column":95}},"19":{"start":{"line":22,"column":29},"end":{"line":22,"column":95}},"20":{"start":{"line":22,"column":77},"end":{"line":22,"column":95}},"21":{"start":{"line":23,"column":12},"end":{"line":23,"column":22}},"22":{"start":{"line":25,"column":8},"end":{"line":25,"column":26}},"23":{"start":{"line":27,"column":4},"end":{"line":33,"column":6}},"24":{"start":{"line":28,"column":8},"end":{"line":28,"column":46}},"25":{"start":{"line":28,"column":35},"end":{"line":28,"column":46}},"26":{"start":{"line":29,"column":21},"end":{"line":29,"column":23}},"27":{"start":{"line":30,"column":8},"end":{"line":30,"column":137}},"28":{"start":{"line":30,"column":25},"end":{"line":30,"column":137}},"29":{"start":{"line":30,"column":38},"end":{"line":30,"column":50}},"30":{"start":{"line":30,"column":56},"end":{"line":30,"column":57}},"31":{"start":{"line":30,"column":78},"end":{"line":30,"column":137}},"32":{"start":{"line":30,"column":102},"end":{"line":30,"column":137}},"33":{"start":{"line":31,"column":8},"end":{"line":31,"column":40}},"34":{"start":{"line":32,"column":8},"end":{"line":32,"column":22}},"35":{"start":{"line":35,"column":16},"end":{"line":43,"column":1}},"36":{"start":{"line":36,"column":28},"end":{"line":36,"column":110}},"37":{"start":{"line":36,"column":91},"end":{"line":36,"column":106}},"38":{"start":{"line":37,"column":4},"end":{"line":42,"column":7}},"39":{"start":{"line":38,"column":36},"end":{"line":38,"column":97}},"40":{"start":{"line":38,"column":42},"end":{"line":38,"column":70}},"41":{"start":{"line":38,"column":85},"end":{"line":38,"column":95}},"42":{"start":{"line":39,"column":35},"end":{"line":39,"column":100}},"43":{"start":{"line":39,"column":41},"end":{"line":39,"column":73}},"44":{"start":{"line":39,"column":88},"end":{"line":39,"column":98}},"45":{"start":{"line":40,"column":32},"end":{"line":40,"column":116}},"46":{"start":{"line":41,"column":8},"end":{"line":41,"column":78}},"47":{"start":{"line":44,"column":22},"end":{"line":46,"column":1}},"48":{"start":{"line":45,"column":4},"end":{"line":45,"column":62}},"49":{"start":{"line":47,"column":0},"end":{"line":47,"column":62}},"50":{"start":{"line":48,"column":0},"end":{"line":48,"column":37}},"51":{"start":{"line":50,"column":20},"end":{"line":50,"column":50}},"52":{"start":{"line":51,"column":17},"end":{"line":51,"column":60}},"53":{"start":{"line":55,"column":28},"end":{"line":83,"column":2}},"54":{"start":{"line":55,"column":48},"end":{"line":83,"column":2}},"55":{"start":{"line":57,"column":23},"end":{"line":57,"column":48}},"56":{"start":{"line":58,"column":4},"end":{"line":61,"column":5}},"57":{"start":{"line":59,"column":8},"end":{"line":59,"column":110}},"58":{"start":{"line":60,"column":8},"end":{"line":60,"column":15}},"59":{"start":{"line":62,"column":16},"end":{"line":62,"column":100}},"60":{"start":{"line":63,"column":4},"end":{"line":66,"column":5}},"61":{"start":{"line":64,"column":8},"end":{"line":64,"column":110}},"62":{"start":{"line":65,"column":8},"end":{"line":65,"column":15}},"63":{"start":{"line":67,"column":4},"end":{"line":82,"column":5}},"64":{"start":{"line":69,"column":28},"end":{"line":69,"column":102}},"65":{"start":{"line":69,"column":63},"end":{"line":69,"column":101}},"66":{"start":{"line":70,"column":24},"end":{"line":70,"column":50}},"67":{"start":{"line":71,"column":25},"end":{"line":71,"column":63}},"68":{"start":{"line":72,"column":8},"end":{"line":75,"column":10}},"69":{"start":{"line":76,"column":8},"end":{"line":76,"column":15}},"70":{"start":{"line":79,"column":20},"end":{"line":79,"column":25}},"71":{"start":{"line":80,"column":8},"end":{"line":80,"column":81}},"72":{"start":{"line":81,"column":8},"end":{"line":81,"column":110}},"73":{"start":{"line":84,"column":0},"end":{"line":84,"column":50}}},"fnMap":{"0":{"name":"(anonymous_0)","decl":{"start":{"line":2,"column":74},"end":{"line":2,"column":75}},"loc":{"start":{"line":2,"column":96},"end":{"line":9,"column":1}},"line":2},"1":{"name":"(anonymous_1)","decl":{"start":{"line":6,"column":38},"end":{"line":6,"column":39}},"loc":{"start":{"line":6,"column":49},"end":{"line":6,"column":65}},"line":6},"2":{"name":"(anonymous_2)","decl":{"start":{"line":9,"column":6},"end":{"line":9,"column":7}},"loc":{"start":{"line":9,"column":28},"end":{"line":12,"column":1}},"line":9},"3":{"name":"(anonymous_3)","decl":{"start":{"line":13,"column":80},"end":{"line":13,"column":81}},"loc":{"start":{"line":13,"column":95},"end":{"line":15,"column":1}},"line":13},"4":{"name":"(anonymous_4)","decl":{"start":{"line":15,"column":5},"end":{"line":15,"column":6}},"loc":{"start":{"line":15,"column":20},"end":{"line":17,"column":1}},"line":15},"5":{"name":"(anonymous_5)","decl":{"start":{"line":18,"column":51},"end":{"line":18,"column":52}},"loc":{"start":{"line":18,"column":63},"end":{"line":34,"column":1}},"line":18},"6":{"name":"(anonymous_6)","decl":{"start":{"line":19,"column":18},"end":{"line":19,"column":19}},"loc":{"start":{"line":19,"column":30},"end":{"line":26,"column":5}},"line":19},"7":{"name":"(anonymous_7)","decl":{"start":{"line":20,"column":48},"end":{"line":20,"column":49}},"loc":{"start":{"line":20,"column":61},"end":{"line":24,"column":9}},"line":20},"8":{"name":"(anonymous_8)","decl":{"start":{"line":27,"column":11},"end":{"line":27,"column":12}},"loc":{"start":{"line":27,"column":26},"end":{"line":33,"column":5}},"line":27},"9":{"name":"(anonymous_9)","decl":{"start":{"line":35,"column":44},"end":{"line":35,"column":45}},"loc":{"start":{"line":35,"column":89},"end":{"line":43,"column":1}},"line":35},"10":{"name":"adopt","decl":{"start":{"line":36,"column":13},"end":{"line":36,"column":18}},"loc":{"start":{"line":36,"column":26},"end":{"line":36,"column":112}},"line":36},"11":{"name":"(anonymous_11)","decl":{"start":{"line":36,"column":70},"end":{"line":36,"column":71}},"loc":{"start":{"line":36,"column":89},"end":{"line":36,"column":108}},"line":36},"12":{"name":"(anonymous_12)","decl":{"start":{"line":37,"column":36},"end":{"line":37,"column":37}},"loc":{"start":{"line":37,"column":63},"end":{"line":42,"column":5}},"line":37},"13":{"name":"fulfilled","decl":{"start":{"line":38,"column":17},"end":{"line":38,"column":26}},"loc":{"start":{"line":38,"column":34},"end":{"line":38,"column":99}},"line":38},"14":{"name":"rejected","decl":{"start":{"line":39,"column":17},"end":{"line":39,"column":25}},"loc":{"start":{"line":39,"column":33},"end":{"line":39,"column":102}},"line":39},"15":{"name":"step","decl":{"start":{"line":40,"column":17},"end":{"line":40,"column":21}},"loc":{"start":{"line":40,"column":30},"end":{"line":40,"column":118}},"line":40},"16":{"name":"(anonymous_16)","decl":{"start":{"line":44,"column":56},"end":{"line":44,"column":57}},"loc":{"start":{"line":44,"column":71},"end":{"line":46,"column":1}},"line":44},"17":{"name":"(anonymous_17)","decl":{"start":{"line":55,"column":28},"end":{"line":55,"column":29}},"loc":{"start":{"line":55,"column":48},"end":{"line":83,"column":2}},"line":55},"18":{"name":"(anonymous_18)","decl":{"start":{"line":55,"column":82},"end":{"line":55,"column":83}},"loc":{"start":{"line":55,"column":95},"end":{"line":83,"column":1}},"line":55},"19":{"name":"(anonymous_19)","decl":{"start":{"line":69,"column":57},"end":{"line":69,"column":58}},"loc":{"start":{"line":69,"column":63},"end":{"line":69,"column":101}},"line":69}},"branchMap":{"0":{"loc":{"start":{"line":2,"column":22},"end":{"line":12,"column":3}},"type":"binary-expr","locations":[{"start":{"line":2,"column":23},"end":{"line":2,"column":27}},{"start":{"line":2,"column":31},"end":{"line":2,"column":51}},{"start":{"line":2,"column":57},"end":{"line":12,"column":2}}],"line":2},"1":{"loc":{"start":{"line":2,"column":57},"end":{"line":12,"column":2}},"type":"cond-expr","locations":[{"start":{"line":2,"column":74},"end":{"line":9,"column":1}},{"start":{"line":9,"column":6},"end":{"line":12,"column":1}}],"line":2},"2":{"loc":{"start":{"line":3,"column":4},"end":{"line":3,"column":33}},"type":"if","locations":[{"start":{"line":3,"column":4},"end":{"line":3,"column":33}},{"start":{},"end":{}}],"line":3},"3":{"loc":{"start":{"line":5,"column":4},"end":{"line":7,"column":5}},"type":"if","locations":[{"start":{"line":5,"column":4},"end":{"line":7,"column":5}},{"start":{},"end":{}}],"line":5},"4":{"loc":{"start":{"line":5,"column":8},"end":{"line":5,"column":85}},"type":"binary-expr","locations":[{"start":{"line":5,"column":8},"end":{"line":5,"column":13}},{"start":{"line":5,"column":18},"end":{"line":5,"column":84}}],"line":5},"5":{"loc":{"start":{"line":5,"column":18},"end":{"line":5,"column":84}},"type":"cond-expr","locations":[{"start":{"line":5,"column":34},"end":{"line":5,"column":47}},{"start":{"line":5,"column":50},"end":{"line":5,"column":84}}],"line":5},"6":{"loc":{"start":{"line":5,"column":50},"end":{"line":5,"column":84}},"type":"binary-expr","locations":[{"start":{"line":5,"column":50},"end":{"line":5,"column":63}},{"start":{"line":5,"column":67},"end":{"line":5,"column":84}}],"line":5},"7":{"loc":{"start":{"line":10,"column":4},"end":{"line":10,"column":33}},"type":"if","locations":[{"start":{"line":10,"column":4},"end":{"line":10,"column":33}},{"start":{},"end":{}}],"line":10},"8":{"loc":{"start":{"line":13,"column":25},"end":{"line":17,"column":2}},"type":"binary-expr","locations":[{"start":{"line":13,"column":26},"end":{"line":13,"column":30}},{"start":{"line":13,"column":34},"end":{"line":13,"column":57}},{"start":{"line":13,"column":63},"end":{"line":17,"column":1}}],"line":13},"9":{"loc":{"start":{"line":13,"column":63},"end":{"line":17,"column":1}},"type":"cond-expr","locations":[{"start":{"line":13,"column":80},"end":{"line":15,"column":1}},{"start":{"line":15,"column":5},"end":{"line":17,"column":1}}],"line":13},"10":{"loc":{"start":{"line":18,"column":19},"end":{"line":34,"column":4}},"type":"binary-expr","locations":[{"start":{"line":18,"column":20},"end":{"line":18,"column":24}},{"start":{"line":18,"column":28},"end":{"line":18,"column":45}},{"start":{"line":18,"column":50},"end":{"line":34,"column":4}}],"line":18},"11":{"loc":{"start":{"line":20,"column":18},"end":{"line":24,"column":9}},"type":"binary-expr","locations":[{"start":{"line":20,"column":18},"end":{"line":20,"column":44}},{"start":{"line":20,"column":48},"end":{"line":24,"column":9}}],"line":20},"12":{"loc":{"start":{"line":22,"column":29},"end":{"line":22,"column":95}},"type":"if","locations":[{"start":{"line":22,"column":29},"end":{"line":22,"column":95}},{"start":{},"end":{}}],"line":22},"13":{"loc":{"start":{"line":28,"column":8},"end":{"line":28,"column":46}},"type":"if","locations":[{"start":{"line":28,"column":8},"end":{"line":28,"column":46}},{"start":{},"end":{}}],"line":28},"14":{"loc":{"start":{"line":28,"column":12},"end":{"line":28,"column":33}},"type":"binary-expr","locations":[{"start":{"line":28,"column":12},"end":{"line":28,"column":15}},{"start":{"line":28,"column":19},"end":{"line":28,"column":33}}],"line":28},"15":{"loc":{"start":{"line":30,"column":8},"end":{"line":30,"column":137}},"type":"if","locations":[{"start":{"line":30,"column":8},"end":{"line":30,"column":137}},{"start":{},"end":{}}],"line":30},"16":{"loc":{"start":{"line":30,"column":78},"end":{"line":30,"column":137}},"type":"if","locations":[{"start":{"line":30,"column":78},"end":{"line":30,"column":137}},{"start":{},"end":{}}],"line":30},"17":{"loc":{"start":{"line":35,"column":16},"end":{"line":43,"column":1}},"type":"binary-expr","locations":[{"start":{"line":35,"column":17},"end":{"line":35,"column":21}},{"start":{"line":35,"column":25},"end":{"line":35,"column":39}},{"start":{"line":35,"column":44},"end":{"line":43,"column":1}}],"line":35},"18":{"loc":{"start":{"line":36,"column":35},"end":{"line":36,"column":109}},"type":"cond-expr","locations":[{"start":{"line":36,"column":56},"end":{"line":36,"column":61}},{"start":{"line":36,"column":64},"end":{"line":36,"column":109}}],"line":36},"19":{"loc":{"start":{"line":37,"column":16},"end":{"line":37,"column":34}},"type":"binary-expr","locations":[{"start":{"line":37,"column":16},"end":{"line":37,"column":17}},{"start":{"line":37,"column":22},"end":{"line":37,"column":33}}],"line":37},"20":{"loc":{"start":{"line":40,"column":32},"end":{"line":40,"column":115}},"type":"cond-expr","locations":[{"start":{"line":40,"column":46},"end":{"line":40,"column":67}},{"start":{"line":40,"column":70},"end":{"line":40,"column":115}}],"line":40},"21":{"loc":{"start":{"line":41,"column":51},"end":{"line":41,"column":67}},"type":"binary-expr","locations":[{"start":{"line":41,"column":51},"end":{"line":41,"column":61}},{"start":{"line":41,"column":65},"end":{"line":41,"column":67}}],"line":41},"22":{"loc":{"start":{"line":44,"column":22},"end":{"line":46,"column":1}},"type":"binary-expr","locations":[{"start":{"line":44,"column":23},"end":{"line":44,"column":27}},{"start":{"line":44,"column":31},"end":{"line":44,"column":51}},{"start":{"line":44,"column":56},"end":{"line":46,"column":1}}],"line":44},"23":{"loc":{"start":{"line":45,"column":11},"end":{"line":45,"column":61}},"type":"cond-expr","locations":[{"start":{"line":45,"column":37},"end":{"line":45,"column":40}},{"start":{"line":45,"column":43},"end":{"line":45,"column":61}}],"line":45},"24":{"loc":{"start":{"line":45,"column":12},"end":{"line":45,"column":33}},"type":"binary-expr","locations":[{"start":{"line":45,"column":12},"end":{"line":45,"column":15}},{"start":{"line":45,"column":19},"end":{"line":45,"column":33}}],"line":45},"25":{"loc":{"start":{"line":58,"column":4},"end":{"line":61,"column":5}},"type":"if","locations":[{"start":{"line":58,"column":4},"end":{"line":61,"column":5}},{"start":{},"end":{}}],"line":58},"26":{"loc":{"start":{"line":58,"column":10},"end":{"line":58,"column":98}},"type":"cond-expr","locations":[{"start":{"line":58,"column":57},"end":{"line":58,"column":63}},{"start":{"line":58,"column":66},"end":{"line":58,"column":98}}],"line":58},"27":{"loc":{"start":{"line":58,"column":10},"end":{"line":58,"column":54}},"type":"binary-expr","locations":[{"start":{"line":58,"column":10},"end":{"line":58,"column":29}},{"start":{"line":58,"column":33},"end":{"line":58,"column":54}}],"line":58},"28":{"loc":{"start":{"line":62,"column":16},"end":{"line":62,"column":100}},"type":"cond-expr","locations":[{"start":{"line":62,"column":82},"end":{"line":62,"column":88}},{"start":{"line":62,"column":91},"end":{"line":62,"column":100}}],"line":62},"29":{"loc":{"start":{"line":62,"column":16},"end":{"line":62,"column":79}},"type":"binary-expr","locations":[{"start":{"line":62,"column":16},"end":{"line":62,"column":62}},{"start":{"line":62,"column":66},"end":{"line":62,"column":79}}],"line":62},"30":{"loc":{"start":{"line":63,"column":4},"end":{"line":66,"column":5}},"type":"if","locations":[{"start":{"line":63,"column":4},"end":{"line":66,"column":5}},{"start":{},"end":{}}],"line":63}},"s":{"0":1,"1":0,"2":0,"3":0,"4":0,"5":0,"6":0,"7":0,"8":0,"9":0,"10":0,"11":1,"12":0,"13":0,"14":1,"15":1,"16":0,"17":0,"18":0,"19":0,"20":0,"21":0,"22":0,"23":1,"24":0,"25":0,"26":0,"27":0,"28":0,"29":0,"30":0,"31":0,"32":0,"33":0,"34":0,"35":1,"36":0,"37":0,"38":2,"39":0,"40":0,"41":0,"42":0,"43":0,"44":0,"45":2,"46":2,"47":1,"48":1,"49":1,"50":1,"51":1,"52":1,"53":1,"54":2,"55":2,"56":2,"57":2,"58":2,"59":0,"60":0,"61":0,"62":0,"63":0,"64":0,"65":0,"66":0,"67":0,"68":0,"69":0,"70":0,"71":0,"72":0,"73":1},"f":{"0":0,"1":0,"2":0,"3":0,"4":0,"5":1,"6":0,"7":0,"8":0,"9":2,"10":0,"11":0,"12":2,"13":0,"14":0,"15":2,"16":1,"17":2,"18":2,"19":0},"b":{"0":[1,1,1],"1":[1,0],"2":[0,0],"3":[0,0],"4":[0,0],"5":[0,0],"6":[0,0],"7":[0,0],"8":[1,1,1],"9":[1,0],"10":[1,1,1],"11":[0,0],"12":[0,0],"13":[0,0],"14":[0,0],"15":[0,0],"16":[0,0],"17":[1,1,1],"18":[0,0],"19":[2,2],"20":[2,0],"21":[2,2],"22":[1,1,1],"23":[1,0],"24":[1,1],"25":[2,0],"26":[2,0],"27":[2,2],"28":[0,0],"29":[0,0],"30":[0,0]},"_coverageSchema":"1a1c01bbd47fc00a2c39e90264f33305004495a9","hash":"a13dedb0494dcc7bd9162f427349a948346af5ab","contentHash":"05066c2fb04293237c50e737669d6ac328d7328b8599bd7f5a63acb488a2ba13"},"D:\\projects\\github-pr-analytics\\dist\\controllers\\prController.js":{"path":"D:\\projects\\github-pr-analytics\\dist\\controllers\\prController.js","statementMap":{"0":{"start":{"line":2,"column":16},"end":{"line":10,"column":1}},"1":{"start":{"line":3,"column":28},"end":{"line":3,"column":110}},"2":{"start":{"line":3,"column":91},"end":{"line":3,"column":106}},"3":{"start":{"line":4,"column":4},"end":{"line":9,"column":7}},"4":{"start":{"line":5,"column":36},"end":{"line":5,"column":97}},"5":{"start":{"line":5,"column":42},"end":{"line":5,"column":70}},"6":{"start":{"line":5,"column":85},"end":{"line":5,"column":95}},"7":{"start":{"line":6,"column":35},"end":{"line":6,"column":100}},"8":{"start":{"line":6,"column":41},"end":{"line":6,"column":73}},"9":{"start":{"line":6,"column":88},"end":{"line":6,"column":98}},"10":{"start":{"line":7,"column":32},"end":{"line":7,"column":116}},"11":{"start":{"line":8,"column":8},"end":{"line":8,"column":78}},"12":{"start":{"line":11,"column":22},"end":{"line":13,"column":1}},"13":{"start":{"line":12,"column":4},"end":{"line":12,"column":62}},"14":{"start":{"line":14,"column":0},"end":{"line":14,"column":62}},"15":{"start":{"line":15,"column":0},"end":{"line":15,"column":77}},"16":{"start":{"line":16,"column":16},"end":{"line":16,"column":41}},"17":{"start":{"line":18,"column":24},"end":{"line":18,"column":60}},"18":{"start":{"line":19,"column":20},"end":{"line":19,"column":50}},"19":{"start":{"line":20,"column":17},"end":{"line":20,"column":60}},"20":{"start":{"line":29,"column":29},"end":{"line":84,"column":2}},"21":{"start":{"line":29,"column":43},"end":{"line":84,"column":2}},"22":{"start":{"line":30,"column":26},"end":{"line":30,"column":36}},"23":{"start":{"line":31,"column":112},"end":{"line":31,"column":121}},"24":{"start":{"line":32,"column":17},"end":{"line":32,"column":25}},"25":{"start":{"line":33,"column":4},"end":{"line":38,"column":5}},"26":{"start":{"line":34,"column":8},"end":{"line":36,"column":69}},"27":{"start":{"line":37,"column":8},"end":{"line":37,"column":15}},"28":{"start":{"line":39,"column":20},"end":{"line":39,"column":86}},"29":{"start":{"line":40,"column":21},"end":{"line":40,"column":89}},"30":{"start":{"line":41,"column":4},"end":{"line":83,"column":5}},"31":{"start":{"line":43,"column":25},"end":{"line":48,"column":10}},"32":{"start":{"line":49,"column":23},"end":{"line":49,"column":50}},"33":{"start":{"line":50,"column":8},"end":{"line":56,"column":9}},"34":{"start":{"line":51,"column":12},"end":{"line":53,"column":61}},"35":{"start":{"line":54,"column":12},"end":{"line":54,"column":51}},"36":{"start":{"line":55,"column":12},"end":{"line":55,"column":19}},"37":{"start":{"line":57,"column":23},"end":{"line":59,"column":96}},"38":{"start":{"line":60,"column":26},"end":{"line":60,"column":84}},"39":{"start":{"line":62,"column":8},"end":{"line":62,"column":51}},"40":{"start":{"line":63,"column":8},"end":{"line":63,"column":95}},"41":{"start":{"line":66,"column":20},"end":{"line":66,"column":25}},"42":{"start":{"line":67,"column":8},"end":{"line":77,"column":9}},"43":{"start":{"line":68,"column":30},"end":{"line":68,"column":66}},"44":{"start":{"line":69,"column":26},"end":{"line":69,"column":58}},"45":{"start":{"line":70,"column":12},"end":{"line":76,"column":13}},"46":{"start":{"line":71,"column":34},"end":{"line":71,"column":64}},"47":{"start":{"line":72,"column":28},"end":{"line":72,"column":97}},"48":{"start":{"line":73,"column":16},"end":{"line":73,"column":73}},"49":{"start":{"line":74,"column":16},"end":{"line":74,"column":92}},"50":{"start":{"line":75,"column":16},"end":{"line":75,"column":23}},"51":{"start":{"line":78,"column":8},"end":{"line":78,"column":65}},"52":{"start":{"line":79,"column":8},"end":{"line":81,"column":88}},"53":{"start":{"line":82,"column":8},"end":{"line":82,"column":15}},"54":{"start":{"line":85,"column":0},"end":{"line":85,"column":52}},"55":{"start":{"line":94,"column":37},"end":{"line":167,"column":2}},"56":{"start":{"line":94,"column":51},"end":{"line":167,"column":2}},"57":{"start":{"line":95,"column":26},"end":{"line":95,"column":36}},"58":{"start":{"line":96,"column":17},"end":{"line":96,"column":25}},"59":{"start":{"line":97,"column":4},"end":{"line":102,"column":5}},"60":{"start":{"line":98,"column":8},"end":{"line":100,"column":69}},"61":{"start":{"line":101,"column":8},"end":{"line":101,"column":15}},"62":{"start":{"line":103,"column":18},"end":{"line":103,"column":28}},"63":{"start":{"line":104,"column":4},"end":{"line":166,"column":5}},"64":{"start":{"line":106,"column":25},"end":{"line":106,"column":82}},"65":{"start":{"line":107,"column":23},"end":{"line":107,"column":50}},"66":{"start":{"line":108,"column":8},"end":{"line":112,"column":9}},"67":{"start":{"line":109,"column":12},"end":{"line":109,"column":65}},"68":{"start":{"line":110,"column":12},"end":{"line":110,"column":51}},"69":{"start":{"line":111,"column":12},"end":{"line":111,"column":19}},"70":{"start":{"line":113,"column":23},"end":{"line":113,"column":95}},"71":{"start":{"line":114,"column":20},"end":{"line":114,"column":40}},"72":{"start":{"line":115,"column":32},"end":{"line":115,"column":34}},"73":{"start":{"line":116,"column":38},"end":{"line":131,"column":24}},"74":{"start":{"line":117,"column":28},"end":{"line":117,"column":71}},"75":{"start":{"line":119,"column":33},"end":{"line":119,"column":71}},"76":{"start":{"line":120,"column":12},"end":{"line":128,"column":14}},"77":{"start":{"line":130,"column":28},"end":{"line":130,"column":93}},"78":{"start":{"line":132,"column":8},"end":{"line":138,"column":9}},"79":{"start":{"line":133,"column":28},"end":{"line":133,"column":60}},"80":{"start":{"line":134,"column":12},"end":{"line":137,"column":13}},"81":{"start":{"line":135,"column":31},"end":{"line":135,"column":62}},"82":{"start":{"line":136,"column":16},"end":{"line":136,"column":55}},"83":{"start":{"line":139,"column":36},"end":{"line":141,"column":18}},"84":{"start":{"line":140,"column":70},"end":{"line":140,"column":75}},"85":{"start":{"line":142,"column":23},"end":{"line":146,"column":9}},"86":{"start":{"line":148,"column":8},"end":{"line":148,"column":48}},"87":{"start":{"line":149,"column":8},"end":{"line":149,"column":61}},"88":{"start":{"line":152,"column":20},"end":{"line":152,"column":25}},"89":{"start":{"line":153,"column":8},"end":{"line":163,"column":9}},"90":{"start":{"line":154,"column":30},"end":{"line":154,"column":66}},"91":{"start":{"line":155,"column":26},"end":{"line":155,"column":58}},"92":{"start":{"line":156,"column":12},"end":{"line":162,"column":13}},"93":{"start":{"line":157,"column":34},"end":{"line":157,"column":64}},"94":{"start":{"line":158,"column":28},"end":{"line":158,"column":97}},"95":{"start":{"line":159,"column":16},"end":{"line":159,"column":73}},"96":{"start":{"line":160,"column":16},"end":{"line":160,"column":92}},"97":{"start":{"line":161,"column":16},"end":{"line":161,"column":23}},"98":{"start":{"line":164,"column":8},"end":{"line":164,"column":74}},"99":{"start":{"line":165,"column":8},"end":{"line":165,"column":15}},"100":{"start":{"line":168,"column":0},"end":{"line":168,"column":68}},"101":{"start":{"line":175,"column":31},"end":{"line":202,"column":1}},"102":{"start":{"line":176,"column":25},"end":{"line":176,"column":46}},"103":{"start":{"line":177,"column":4},"end":{"line":178,"column":38}},"104":{"start":{"line":178,"column":8},"end":{"line":178,"column":38}},"105":{"start":{"line":179,"column":18},"end":{"line":179,"column":65}},"106":{"start":{"line":180,"column":19},"end":{"line":180,"column":90}},"107":{"start":{"line":181,"column":18},"end":{"line":181,"column":87}},"108":{"start":{"line":182,"column":17},"end":{"line":182,"column":81}},"109":{"start":{"line":183,"column":18},"end":{"line":183,"column":73}},"110":{"start":{"line":184,"column":20},"end":{"line":184,"column":63}},"111":{"start":{"line":185,"column":20},"end":{"line":185,"column":37}},"112":{"start":{"line":186,"column":18},"end":{"line":186,"column":20}},"113":{"start":{"line":187,"column":4},"end":{"line":188,"column":37}},"114":{"start":{"line":188,"column":8},"end":{"line":188,"column":37}},"115":{"start":{"line":189,"column":4},"end":{"line":190,"column":39}},"116":{"start":{"line":190,"column":8},"end":{"line":190,"column":39}},"117":{"start":{"line":191,"column":4},"end":{"line":192,"column":37}},"118":{"start":{"line":192,"column":8},"end":{"line":192,"column":37}},"119":{"start":{"line":193,"column":4},"end":{"line":194,"column":35}},"120":{"start":{"line":194,"column":8},"end":{"line":194,"column":35}},"121":{"start":{"line":195,"column":4},"end":{"line":196,"column":35}},"122":{"start":{"line":196,"column":8},"end":{"line":196,"column":35}},"123":{"start":{"line":197,"column":4},"end":{"line":198,"column":38}},"124":{"start":{"line":198,"column":8},"end":{"line":198,"column":38}},"125":{"start":{"line":199,"column":4},"end":{"line":200,"column":38}},"126":{"start":{"line":200,"column":8},"end":{"line":200,"column":38}},"127":{"start":{"line":201,"column":4},"end":{"line":201,"column":28}}},"fnMap":{"0":{"name":"(anonymous_0)","decl":{"start":{"line":2,"column":44},"end":{"line":2,"column":45}},"loc":{"start":{"line":2,"column":89},"end":{"line":10,"column":1}},"line":2},"1":{"name":"adopt","decl":{"start":{"line":3,"column":13},"end":{"line":3,"column":18}},"loc":{"start":{"line":3,"column":26},"end":{"line":3,"column":112}},"line":3},"2":{"name":"(anonymous_2)","decl":{"start":{"line":3,"column":70},"end":{"line":3,"column":71}},"loc":{"start":{"line":3,"column":89},"end":{"line":3,"column":108}},"line":3},"3":{"name":"(anonymous_3)","decl":{"start":{"line":4,"column":36},"end":{"line":4,"column":37}},"loc":{"start":{"line":4,"column":63},"end":{"line":9,"column":5}},"line":4},"4":{"name":"fulfilled","decl":{"start":{"line":5,"column":17},"end":{"line":5,"column":26}},"loc":{"start":{"line":5,"column":34},"end":{"line":5,"column":99}},"line":5},"5":{"name":"rejected","decl":{"start":{"line":6,"column":17},"end":{"line":6,"column":25}},"loc":{"start":{"line":6,"column":33},"end":{"line":6,"column":102}},"line":6},"6":{"name":"step","decl":{"start":{"line":7,"column":17},"end":{"line":7,"column":21}},"loc":{"start":{"line":7,"column":30},"end":{"line":7,"column":118}},"line":7},"7":{"name":"(anonymous_7)","decl":{"start":{"line":11,"column":56},"end":{"line":11,"column":57}},"loc":{"start":{"line":11,"column":71},"end":{"line":13,"column":1}},"line":11},"8":{"name":"(anonymous_8)","decl":{"start":{"line":29,"column":29},"end":{"line":29,"column":30}},"loc":{"start":{"line":29,"column":43},"end":{"line":84,"column":2}},"line":29},"9":{"name":"(anonymous_9)","decl":{"start":{"line":29,"column":77},"end":{"line":29,"column":78}},"loc":{"start":{"line":29,"column":90},"end":{"line":84,"column":1}},"line":29},"10":{"name":"(anonymous_10)","decl":{"start":{"line":94,"column":37},"end":{"line":94,"column":38}},"loc":{"start":{"line":94,"column":51},"end":{"line":167,"column":2}},"line":94},"11":{"name":"(anonymous_11)","decl":{"start":{"line":94,"column":85},"end":{"line":94,"column":86}},"loc":{"start":{"line":94,"column":98},"end":{"line":167,"column":1}},"line":94},"12":{"name":"(anonymous_12)","decl":{"start":{"line":117,"column":20},"end":{"line":117,"column":21}},"loc":{"start":{"line":117,"column":28},"end":{"line":117,"column":71}},"line":117},"13":{"name":"(anonymous_13)","decl":{"start":{"line":118,"column":17},"end":{"line":118,"column":18}},"loc":{"start":{"line":118,"column":25},"end":{"line":129,"column":9}},"line":118},"14":{"name":"(anonymous_14)","decl":{"start":{"line":130,"column":18},"end":{"line":130,"column":19}},"loc":{"start":{"line":130,"column":28},"end":{"line":130,"column":93}},"line":130},"15":{"name":"(anonymous_15)","decl":{"start":{"line":140,"column":60},"end":{"line":140,"column":61}},"loc":{"start":{"line":140,"column":70},"end":{"line":140,"column":75}},"line":140},"16":{"name":"(anonymous_16)","decl":{"start":{"line":175,"column":31},"end":{"line":175,"column":32}},"loc":{"start":{"line":175,"column":39},"end":{"line":202,"column":1}},"line":175}},"branchMap":{"0":{"loc":{"start":{"line":2,"column":16},"end":{"line":10,"column":1}},"type":"binary-expr","locations":[{"start":{"line":2,"column":17},"end":{"line":2,"column":21}},{"start":{"line":2,"column":25},"end":{"line":2,"column":39}},{"start":{"line":2,"column":44},"end":{"line":10,"column":1}}],"line":2},"1":{"loc":{"start":{"line":3,"column":35},"end":{"line":3,"column":109}},"type":"cond-expr","locations":[{"start":{"line":3,"column":56},"end":{"line":3,"column":61}},{"start":{"line":3,"column":64},"end":{"line":3,"column":109}}],"line":3},"2":{"loc":{"start":{"line":4,"column":16},"end":{"line":4,"column":34}},"type":"binary-expr","locations":[{"start":{"line":4,"column":16},"end":{"line":4,"column":17}},{"start":{"line":4,"column":22},"end":{"line":4,"column":33}}],"line":4},"3":{"loc":{"start":{"line":7,"column":32},"end":{"line":7,"column":115}},"type":"
[...]
":72}},"31":{"start":{"line":39,"column":20},"end":{"line":39,"column":25}},"32":{"start":{"line":40,"column":8},"end":{"line":40,"column":96}},"33":{"start":{"line":45,"column":0},"end":{"line":58,"column":4}},"34":{"start":{"line":45,"column":57},"end":{"line":58,"column":2}},"35":{"start":{"line":46,"column":4},"end":{"line":57,"column":5}},"36":{"start":{"line":47,"column":23},"end":{"line":47,"column":50}},"37":{"start":{"line":48,"column":8},"end":{"line":51,"column":9}},"38":{"start":{"line":49,"column":12},"end":{"line":49,"column":112}},"39":{"start":{"line":50,"column":12},"end":{"line":50,"column":19}},"40":{"start":{"line":52,"column":8},"end":{"line":52,"column":60}},"41":{"start":{"line":55,"column":20},"end":{"line":55,"column":25}},"42":{"start":{"line":56,"column":8},"end":{"line":56,"column":96}},"43":{"start":{"line":61,"column":0},"end":{"line":88,"column":4}},"44":{"start":{"line":61,"column":60},"end":{"line":88,"column":2}},"45":{"start":{"line":62,"column":4},"end":{"line":87,"column":5}},"46":{"start":{"line":63,"column":29},"end":{"line":63,"column":38}},"47":{"start":{"line":64,"column":8},"end":{"line":69,"column":9}},"48":{"start":{"line":65,"column":12},"end":{"line":67,"column":73}},"49":{"start":{"line":68,"column":12},"end":{"line":68,"column":19}},"50":{"start":{"line":70,"column":23},"end":{"line":70,"column":67}},"51":{"start":{"line":71,"column":8},"end":{"line":82,"column":9}},"52":{"start":{"line":72,"column":12},"end":{"line":74,"column":88}},"53":{"start":{"line":75,"column":12},"end":{"line":75,"column":19}},"54":{"start":{"line":78,"column":12},"end":{"line":80,"column":88}},"55":{"start":{"line":81,"column":12},"end":{"line":81,"column":19}},"56":{"start":{"line":85,"column":20},"end":{"line":85,"column":25}},"57":{"start":{"line":86,"column":8},"end":{"line":86,"column":96}},"58":{"start":{"line":89,"column":0},"end":{"line":89,"column":25}}},"fnMap":{"0":{"name":"(anonymous_0)","decl":{"start":{"line":2,"column":44},"end":{"line":2,"column":45}},"loc":{"start":{"line":2,"column":89},"end":{"line":10,"column":1}},"line":2},"1":{"name":"adopt","decl":{"start":{"line":3,"column":13},"end":{"line":3,"column":18}},"loc":{"start":{"line":3,"column":26},"end":{"line":3,"column":112}},"line":3},"2":{"name":"(anonymous_2)","decl":{"start":{"line":3,"column":70},"end":{"line":3,"column":71}},"loc":{"start":{"line":3,"column":89},"end":{"line":3,"column":108}},"line":3},"3":{"name":"(anonymous_3)","decl":{"start":{"line":4,"column":36},"end":{"line":4,"column":37}},"loc":{"start":{"line":4,"column":63},"end":{"line":9,"column":5}},"line":4},"4":{"name":"fulfilled","decl":{"start":{"line":5,"column":17},"end":{"line":5,"column":26}},"loc":{"start":{"line":5,"column":34},"end":{"line":5,"column":99}},"line":5},"5":{"name":"rejected","decl":{"start":{"line":6,"column":17},"end":{"line":6,"column":25}},"loc":{"start":{"line":6,"column":33},"end":{"line":6,"column":102}},"line":6},"6":{"name":"step","decl":{"start":{"line":7,"column":17},"end":{"line":7,"column":21}},"loc":{"start":{"line":7,"column":30},"end":{"line":7,"column":118}},"line":7},"7":{"name":"(anonymous_7)","decl":{"start":{"line":11,"column":56},"end":{"line":11,"column":57}},"loc":{"start":{"line":11,"column":71},"end":{"line":13,"column":1}},"line":11},"8":{"name":"(anonymous_8)","decl":{"start":{"line":25,"column":110},"end":{"line":25,"column":111}},"loc":{"start":{"line":25,"column":124},"end":{"line":42,"column":2}},"line":25},"9":{"name":"(anonymous_9)","decl":{"start":{"line":25,"column":158},"end":{"line":25,"column":159}},"loc":{"start":{"line":25,"column":171},"end":{"line":42,"column":1}},"line":25},"10":{"name":"(anonymous_10)","decl":{"start":{"line":45,"column":43},"end":{"line":45,"column":44}},"loc":{"start":{"line":45,"column":57},"end":{"line":58,"column":2}},"line":45},"11":{"name":"(anonymous_11)","decl":{"start":{"line":45,"column":91},"end":{"line":45,"column":92}},"loc":{"start":{"line":45,"column":104},"end":{"line":58,"column":1}},"line":45},"12":{"name":"(anonymous_12)","decl":{"start":{"line":61,"column":46},"end":{"line":61,"column":47}},"loc":{"start":{"line":61,"column":60},"end":{"line":88,"column":2}},"line":61},"13":{"name":"(anonymous_13)","decl":{"start":{"line":61,"column":94},"end":{"line":61,"column":95}},"loc":{"start":{"line":61,"column":107},"end":{"line":88,"column":1}},"line":61}},"branchMap":{"0":{"loc":{"start":{"line":2,"column":16},"end":{"line":10,"column":1}},"type":"binary-expr","locations":[{"start":{"line":2,"column":17},"end":{"line":2,"column":21}},{"start":{"line":2,"column":25},"end":{"line":2,"column":39}},{"start":{"line":2,"column":44},"end":{"line":10,"column":1}}],"line":2},"1":{"loc":{"start":{"line":3,"column":35},"end":{"line":3,"column":109}},"type":"cond-expr","locations":[{"start":{"line":3,"column":56},"end":{"line":3,"column":61}},{"start":{"line":3,"column":64},"end":{"line":3,"column":109}}],"line":3},"2":{"loc":{"start":{"line":4,"column":16},"end":{"line":4,"column":34}},"type":"binary-expr","locations":[{"start":{"line":4,"column":16},"end":{"line":4,"column":17}},{"start":{"line":4,"column":22},"end":{"line":4,"column":33}}],"line":4},"3":{"loc":{"start":{"line":7,"column":32},"end":{"line":7,"column":115}},"type":"cond-expr","locations":[{"start":{"line":7,"column":46},"end":{"line":7,"column":67}},{"start":{"line":7,"column":70},"end":{"line":7,"column":115}}],"line":7},"4":{"loc":{"start":{"line":8,"column":51},"end":{"line":8,"column":67}},"type":"binary-expr","locations":[{"start":{"line":8,"column":51},"end":{"line":8,"column":61}},{"start":{"line":8,"column":65},"end":{"line":8,"column":67}}],"line":8},"5":{"loc":{"start":{"line":11,"column":22},"end":{"line":13,"column":1}},"type":"binary-expr","locations":[{"start":{"line":11,"column":23},"end":{"line":11,"column":27}},{"start":{"line":11,"column":31},"end":{"line":11,"column":51}},{"start":{"line":11,"column":56},"end":{"line":13,"column":1}}],"line":11},"6":{"loc":{"start":{"line":12,"column":11},"end":{"line":12,"column":61}},"type":"cond-expr","locations":[{"start":{"line":12,"column":37},"end":{"line":12,"column":40}},{"start":{"line":12,"column":43},"end":{"line":12,"column":61}}],"line":12},"7":{"loc":{"start":{"line":12,"column":12},"end":{"line":12,"column":33}},"type":"binary-expr","locations":[{"start":{"line":12,"column":12},"end":{"line":12,"column":15}},{"start":{"line":12,"column":19},"end":{"line":12,"column":33}}],"line":12},"8":{"loc":{"start":{"line":29,"column":8},"end":{"line":32,"column":9}},"type":"if","locations":[{"start":{"line":29,"column":8},"end":{"line":32,"column":9}},{"start":{},"end":{}}],"line":29},"9":{"loc":{"start":{"line":48,"column":8},"end":{"line":51,"column":9}},"type":"if","locations":[{"start":{"line":48,"column":8},"end":{"line":51,"column":9}},{"start":{},"end":{}}],"line":48},"10":{"loc":{"start":{"line":64,"column":8},"end":{"line":69,"column":9}},"type":"if","locations":[{"start":{"line":64,"column":8},"end":{"line":69,"column":9}},{"start":{},"end":{}}],"line":64},"11":{"loc":{"start":{"line":64,"column":12},"end":{"line":64,"column":53}},"type":"binary-expr","locations":[{"start":{"line":64,"column":12},"end":{"line":64,"column":21}},{"start":{"line":64,"column":25},"end":{"line":64,"column":53}}],"line":64},"12":{"loc":{"start":{"line":71,"column":8},"end":{"line":82,"column":9}},"type":"if","locations":[{"start":{"line":71,"column":8},"end":{"line":82,"column":9}},{"start":{"line":77,"column":13},"end":{"line":82,"column":9}}],"line":71}},"s":{"0":1,"1":7,"2":0,"3":7,"4":7,"5":7,"6":0,"7":0,"8":0,"9":0,"10":14,"11":7,"12":1,"13":2,"14":1,"15":1,"16":1,"17":1,"18":1,"19":1,"20":1,"21":1,"22":2,"23":2,"24":2,"25":2,"26":2,"27":1,"28":1,"29":1,"30":1,"31":0,"32":0,"33":1,"34":2,"35":2,"36":2,"37":2,"38":1,"39":1,"40":1,"41":0,"42":0,"43":1,"44":3,"45":3,"46":3,"47":3,"48":1,"49":1,"50":2,"51":2,"52":1,"53":1,"54":1,"55":1,"56":0,"57":0,"58":1},"f":{"0":7,"1":7,"2":0,"3":7,"4":7,"5":0,"6":14,"7":2,"8":2,"9":2,"10":2,"11":2,"12":3,"13":3},"b":{"0":[1,1,1],"1":[7,0],"2":[7,7],"3":[7,7],"4":[7,7],"5":[1,1,1],"6":[1,1],"7":[2,2],"8":[1,1],"9":[1,1],"10":[1,2],"11":[3,2],"12":[1,1]},"_coverageSchema":"1a1c01bbd47fc00a2c39e90264f33305004495a9","hash":"e1814c09e6e66035571b52c2517462fa724569d9","contentHash":"b8bcd191fa9430f7324e039a04569971b75cd4ebd3823bafbaf947e4a0ba02b0"},"D:\\projects\\github-pr-analytics\\dist\\common\\dtos\\user.dto.js":{"path":"D:\\projects\\github-pr-analytics\\dist\\common\\dtos\\user.dto.js","statementMap":{"0":{"start":{"line":2,"column":17},"end":{"line":7,"column":1}},"1":{"start":{"line":3,"column":12},"end":{"line":3,"column":28}},"2":{"start":{"line":3,"column":34},"end":{"line":3,"column":125}},"3":{"start":{"line":4,"column":4},"end":{"line":5,"column":150}},"4":{"start":{"line":4,"column":79},"end":{"line":4,"column":131}},"5":{"start":{"line":5,"column":9},"end":{"line":5,"column":150}},"6":{"start":{"line":5,"column":22},"end":{"line":5,"column":43}},"7":{"start":{"line":5,"column":58},"end":{"line":5,"column":150}},"8":{"start":{"line":5,"column":81},"end":{"line":5,"column":150}},"9":{"start":{"line":6,"column":4},"end":{"line":6,"column":66}},"10":{"start":{"line":8,"column":17},"end":{"line":10,"column":1}},"11":{"start":{"line":9,"column":4},"end":{"line":9,"column":109}},"12":{"start":{"line":9,"column":79},"end":{"line":9,"column":109}},"13":{"start":{"line":11,"column":0},"end":{"line":11,"column":62}},"14":{"start":{"line":12,"column":0},"end":{"line":12,"column":31}},"15":{"start":{"line":14,"column":26},"end":{"line":14,"column":52}},"16":{"start":{"line":19,"column":8},"end":{"line":19,"column":27}},"17":{"start":{"line":22,"column":0},"end":{"line":22,"column":38}},"18":{"start":{"line":23,"column":0},"end":{"line":27,"column":48}},"19":{"start":{"line":28,"column":0},"end":{"line":32,"column":45}}},"fnMap":{"0":{"name":"(anonymous_0)","decl":{"start":{"line":2,"column":46},"end":{"line":2,"column":47}},"loc":{"start":{"line":2,"column":87},"end":{"line":7,"column":1}},"line":2},"1":{"name":"(anonymous_1)","decl":{"start":{"line":8,"column":46},"end":{"line":8,"column":47}},"loc":{"start":{"line":8,"column":62},"end":{"line":10,"column":1}},"line":8},"2":{"name":"(anonymous_2)","decl":{"start":{"line":18,"column":4},"end":{"line":18,"column":5}},"loc":{"start":{"line":18,"column":18},"end":{"line":20,"column":5}},"line":18}},"branchMap":{"0":{"loc":{"start":{"line":2,"column":17},"end":{"line":7,"column":1}},"type":"binary-expr","locations":[{"start":{"line":2,"column":18},"end":{"line":2,"column":22}},{"start":{"line":2,"column":26},"end":{"line":2,"column":41}},{"start":{"line":2,"column":46},"end":{"line":7,"column":1}}],"line":2},"1":{"loc":{"start":{"line":3,"column":34},"end":{"line":3,"column":125}},"type":"cond-expr","locations":[{"start":{"line":3,"column":42},"end":{"line":3,"column":48}},{"start":{"line":3,"column":51},"end":{"line":3,"column":125}}],"line":3},"2":{"loc":{"start":{"line":3,"column":51},"end":{"line":3,"column":125}},"type":"cond-expr","locations":[{"start":{"line":3,"column":67},"end":{"line":3,"column":118}},{"start":{"line":3,"column":121},"end":{"line":3,"column":125}}],"line":3},"3":{"loc":{"start":{"line":4,"column":4},"end":{"line":5,"column":150}},"type":"if","locations":[{"start":{"line":4,"column":4},"end":{"line":5,"column":150}},{"start":{"line":5,"column":9},"end":{"line":5,"column":150}}],"line":4},"4":{"loc":{"start":{"line":4,"column":8},"end":{"line":4,"column":77}},"type":"binary-expr","locations":[{"start":{"line":4,"column":8},"end":{"line":4,"column":35}},{"start":{"line":4,"column":39},"end":{"line":4,"column":77}}],"line":4},"5":{"loc":{"start":{"line":5,"column":58},"end":{"line":5,"column":150}},"type":"if","locations":[{"start":{"line":5,"column":58},"end":{"line":5,"column":150}},{"start":{},"end":{}}],"line":5},"6":{"loc":{"start":{"line":5,"column":85},"end":{"line":5,"column":149}},"type":"binary-expr","locations":[{"start":{"line":5,"column":86},"end":{"line":5,"column":143}},{"start":{"line":5,"column":148},"end":{"line":5,"column":149}}],"line":5},"7":{"loc":{"start":{"line":5,"column":86},"end":{"line":5,"column":143}},"type":"cond-expr","locations":[{"start":{"line":5,"column":94},"end":{"line":5,"column":98}},{"start":{"line":5,"column":101},"end":{"line":5,"column":143}}],"line":5},"8":{"loc":{"start":{"line":5,"column":101},"end":{"line":5,"column":143}},"type":"cond-expr","locations":[{"start":{"line":5,"column":109},"end":{"line":5,"column":126}},{"start":{"line":5,"column":129},"end":{"line":5,"column":143}}],"line":5},"9":{"loc":{"start":{"line":6,"column":11},"end":{"line":6,"column":62}},"type":"binary-expr","locations":[{"start":{"line":6,"column":11},"end":{"line":6,"column":16}},{"start":{"line":6,"column":20},"end":{"line":6,"column":21}},{"start":{"line":6,"column":25},"end":{"line":6,"column":62}}],"line":6},"10":{"loc":{"start":{"line":8,"column":17},"end":{"line":10,"column":1}},"type":"binary-expr","locations":[{"start":{"line":8,"column":18},"end":{"line":8,"column":22}},{"start":{"line":8,"column":26},"end":{"line":8,"column":41}},{"start":{"line":8,"column":46},"end":{"line":10,"column":1}}],"line":8},"11":{"loc":{"start":{"line":9,"column":4},"end":{"line":9,"column":109}},"type":"if","locations":[{"start":{"line":9,"column":4},"end":{"line":9,"column":109}},{"start":{},"end":{}}],"line":9},"12":{"loc":{"start":{"line":9,"column":8},"end":{"line":9,"column":77}},"type":"binary-expr","locations":[{"start":{"line":9,"column":8},"end":{"line":9,"column":35}},{"start":{"line":9,"column":39},"end":{"line":9,"column":77}}],"line":9}},"s":{"0":1,"1":2,"2":2,"3":2,"4":2,"5":0,"6":0,"7":0,"8":0,"9":2,"10":1,"11":2,"12":2,"13":1,"14":1,"15":1,"16":2,"17":1,"18":1,"19":1},"f":{"0":2,"1":2,"2":2},"b":{"0":[1,1,1],"1":[0,2],"2":[0,2],"3":[2,0],"4":[2,2],"5":[0,0],"6":[0,0],"7":[0,0],"8":[0,0],"9":[2,2,0],"10":[1,1,1],"11":[2,0],"12":[2,2]},"_coverageSchema":"1a1c01bbd47fc00a2c39e90264f33305004495a9","hash":"315f1cb0acbaaa222efe4ef28bce115d39533efe","contentHash":"9aca3d871dba29ff7352923765022f16d56681356878af417e71bbef05a9b3de"},"D:\\projects\\github-pr-analytics\\dist\\utils\\rateLimiter.js":{"path":"D:\\projects\\github-pr-analytics\\dist\\utils\\rateLimiter.js","statementMap":{"0":{"start":{"line":2,"column":22},"end":{"line":4,"column":1}},"1":{"start":{"line":3,"column":4},"end":{"line":3,"column":62}},"2":{"start":{"line":5,"column":0},"end":{"line":5,"column":62}},"3":{"start":{"line":6,"column":0},"end":{"line":6,"column":32}},"4":{"start":{"line":8,"column":29},"end":{"line":8,"column":75}},"5":{"start":{"line":10,"column":0},"end":{"line":18,"column":3}}},"fnMap":{"0":{"name":"(anonymous_0)","decl":{"start":{"line":2,"column":56},"end":{"line":2,"column":57}},"loc":{"start":{"line":2,"column":71},"end":{"line":4,"column":1}},"line":2}},"branchMap":{"0":{"loc":{"start":{"line":2,"column":22},"end":{"line":4,"column":1}},"type":"binary-expr","locations":[{"start":{"line":2,"column":23},"end":{"line":2,"column":27}},{"start":{"line":2,"column":31},"end":{"line":2,"column":51}},{"start":{"line":2,"column":56},"end":{"line":4,"column":1}}],"line":2},"1":{"loc":{"start":{"line":3,"column":11},"end":{"line":3,"column":61}},"type":"cond-expr","locations":[{"start":{"line":3,"column":37},"end":{"line":3,"column":40}},{"start":{"line":3,"column":43},"end":{"line":3,"column":61}}],"line":3},"2":{"loc":{"start":{"line":3,"column":12},"end":{"line":3,"column":33}},"type":"binary-expr","locations":[{"start":{"line":3,"column":12},"end":{"line":3,"column":15}},{"start":{"line":3,"column":19},"end":{"line":3,"column":33}}],"line":3}},"s":{"0":1,"1":1,"2":1,"3":1,"4":1,"5":1},"f":{"0":1},"b":{"0":[1,1,1],"1":[0,1],"2":[1,1]},"_coverageSchema":"1a1c01bbd47fc00a2c39e90264f33305004495a9","hash":"c2938279d21486f7f045d93c9fe290c21211266a","contentHash":"dc40d2dcfcfa47738398f8e4d097d8aedb44ce422c89a8462ceb8e0f2f89597c"},"D:\\projects\\github-pr-analytics\\dist\\middlewares\\errorHandler.js":{"path":"D:\\projects\\github-pr-analytics\\dist\\middlewares\\errorHandler.js","statementMap":{"0":{"start":{"line":2,"column":22},"end":{"line":4,"column":1}},"1":{"start":{"line":3,"column":4},"end":{"line":3,"column":62}},"2":{"start":{"line":5,"column":0},"end":{"line":5,"column":62}},"3":{"start":{"line":6,"column":0},"end":{"line":6,"column":30}},"4":{"start":{"line":8,"column":23},"end":{"line":8,"column":56}},"5":{"start":{"line":9,"column":20},"end":{"line":9,"column":66}},"6":{"start":{"line":20,"column":21},"end":{"line":33,"column":1}},"7":{"start":{"line":22,"column":4},"end":{"line":22,"column":88}},"8":{"start":{"line":23,"column":19},"end":{"line":23,"column":82}},"9":{"start":{"line":24,"column":20},"end":{"line":24,"column":80}},"10":{"start":{"line":26,"column":21},"end":{"line":26,"column":39}},"11":{"start":{"line":28,"column":4},"end":{"line":30,"column":5}},"12":{"start":{"line":29,"column":8},"end":{"line":29,"column":35}},"13":{"start":{"line":31,"column":4},"end":{"line":31,"column":35}},"14":{"start":{"line":32,"column":4},"end":{"line":32,"column":38}},"15":{"start":{"line":34,"column":0},"end":{"line":34,"column":36}}},"fnMap":{"0":{"name":"(anonymous_0)","decl":{"start":{"line":2,"column":56},"end":{"line":2,"column":57}},"loc":{"start":{"line":2,"column":71},"end":{"line":4,"column":1}},"line":2},"1":{"name":"(anonymous_1)","decl":{"start":{"line":20,"column":21},"end":{"line":20,"column":22}},"loc":{"start":{"line":20,"column":46},"end":{"line":33,"column":1}},"line":20}},"branchMap":{"0":{"loc":{"start":{"line":2,"column":22},"end":{"line":4,"column":1}},"type":"binary-expr","locations":[{"start":{"line":2,"column":23},"end":{"line":2,"column":27}},{"start":{"line":2,"column":31},"end":{"line":2,"column":51}},{"start":{"line":2,"column":56},"end":{"line":4,"column":1}}],"line":2},"1":{"loc":{"start":{"line":3,"column":11},"end":{"line":3,"column":61}},"type":"cond-expr","locations":[{"start":{"line":3,"column":37},"end":{"line":3,"column":40}},{"start":{"line":3,"column":43},"end":{"line":3,"column":61}}],"line":3},"2":{"loc":{"start":{"line":3,"column":12},"end":{"line":3,"column":33}},"type":"binary-expr","locations":[{"start":{"line":3,"column":12},"end":{"line":3,"column":15}},{"start":{"line":3,"column":19},"end":{"line":3,"column":33}}],"line":3},"3":{"loc":{"start":{"line":22,"column":70},"end":{"line":22,"column":86}},"type":"binary-expr","locations":[{"start":{"line":22,"column":70},"end":{"line":22,"column":79}},{"start":{"line":22,"column":83},"end":{"line":22,"column":86}}],"line":22},"4":{"loc":{"start":{"line":23,"column":19},"end":{"line":23,"column":82}},"type":"binary-expr","locations":[{"start":{"line":23,"column":19},"end":{"line":23,"column":29}},{"start":{"line":23,"column":33},"end":{"line":23,"column":82}}],"line":23},"5":{"loc":{"start":{"line":24,"column":20},"end":{"line":24,"column":80}},"type":"binary-expr","locations":[{"start":{"line":24,"column":20},"end":{"line":24,"column":31}},{"start":{"line":24,"column":35},"end":{"line":24,"column":80}}],"line":24},"6":{"loc":{"start":{"line":28,"column":4},"end":{"line":30,"column":5}},"type":"if","locations":[{"start":{"line":28,"column":4},"end":{"line":30,"column":5}},{"start":{},"end":{}}],"line":28},"7":{"loc":{"start":{"line":28,"column":8},"end":{"line":28,"column":58}},"type":"binary-expr","locations":[{"start":{"line":28,"column":8},"end":{"line":28,"column":45}},{"start":{"line":28,"column":49},"end":{"line":28,"column":58}}],"line":28}},"s":{"0":1,"1":1,"2":1,"3":1,"4":1,"5":1,"6":1,"7":5,"8":5,"9":5,"10":5,"11":5,"12":4,"13":5,"14":5,"15":1},"f":{"0":1,"1":5},"b":{"0":[1,1,1],"1":[1,0],"2":[1,1],"3":[5,1],"4":[5,4],"5":[5,0],"6":[4,1],"7":[5,5]},"_coverageSchema":"1a1c01bbd47fc00a2c39e90264f33305004495a9","hash":"f73eef41325b3af1494e7fedbc03d98fbe84223b","contentHash":"2fd65b0bbc2ead120ce6a060f66f835e50edf4a90515a1e6c989dd8e64758ae5"}}