{"D:\\projects\\github-pr-analytics\\src\\index.ts":{"path":"D:\\projects\\github-pr-analytics\\src\\index.ts","statementMap":{"0":{"start":{"line":2,"column":22},"end":{"line":4,"column":1}},"1":{"start":{"line":3,"column":4},"end":{"line":3,"column":62}},"2":{"start":{"line":5,"column":0},"end":{"line":5,"column":62}},"3":{"start":{"line":7,"column":0},"end":{"line":7,"column":25}},"4":{"start":{"line":8,"column":0},"end":{"line":8,"column":28}},"5":{"start":{"line":9,"column":18},"end":{"line":9,"column":53}},"6":{"start":{"line":11,"column":20},"end":{"line":11,"column":42}},"7":{"start":{"line":12,"column":12},"end":{"line":12,"column":36}},"8":{"start":{"line":13,"column":0},"end":{"line":13,"column":32}},"9":{"start":{"line":14,"column":0},"end":{"line":14,"column":22}}},"fnMap":{"0":{"name":"(anonymous_0)","decl":{"start":{"line":2,"column":56},"end":{"line":2,"column":57}},"loc":{"start":{"line":2,"column":71},"end":{"line":4,"column":1}},"line":2}},"branchMap":{"0":{"loc":{"start":{"line":2,"column":22},"end":{"line":4,"column":1}},"type":"binary-expr","locations":[{"start":{"line":2,"column":23},"end":{"line":2,"column":27}},{"start":{"line":2,"column":31},"end":{"line":2,"column":51}},{"start":{"line":2,"column":56},"end":{"line":4,"column":1}}],"line":2},"1":{"loc":{"start":{"line":3,"column":11},"end":{"line":3,"column":61}},"type":"cond-expr","locations":[{"start":{"line":3,"column":37},"end":{"line":3,"column":40}},{"start":{"line":3,"column":43},"end":{"line":3,"column":61}}],"line":3},"2":{"loc":{"start":{"line":3,"column":12},"end":{"line":3,"column":33}},"type":"binary-expr","locations":[{"start":{"line":3,"column":12},"end":{"line":3,"column":15}},{"start":{"line":3,"column":19},"end":{"line":3,"column":33}}],"line":3}},"s":{"0":1,"1":1,"2":1,"3":1,"4":1,"5":1,"6":1,"7":0,"8":0,"9":0},"f":{"0":1},"b":{"0":[1,1,1],"1":[0,1],"2":[1,1]},"inputSourceMap":{"version":3,"file":"D:/projects/github-pr-analytics/src/index.ts","sources":["D:/projects/github-pr-analytics/src/index.ts"],"names":[],"mappings":";;;;;AAAA,wBAAwB;AACxB,yBAAuB;AACvB,4BAA0B;AAC1B,sDAA8B;AAE9B,wBAAwB;AACxB,2CAAwC;AAExC,MAAM,GAAG,GAAG,IAAA,iBAAO,GAAE,CAAC;AAEtB,IAAA,qBAAS,EAAC,GAAG,CAAC,CAAC;AAEf,kBAAe,GAAG,CAAC","sourcesContent":["// external dependencies\r\nimport \"dotenv/config\";\r\nimport \"reflect-metadata\";\r\nimport express from \"express\";\r\n\r\n// internal dependencies\r\nimport { bootstrap } from \"./bootstrap\";\r\n\r\nconst app = express();\r\n\r\nbootstrap(app);\r\n\r\nexport default app;\r\n"]},"_coverageSchema":"1a1c01bbd47fc00a2c39e90264f33305004495a9","hash":"407a8b6ae8b30fcbb1a041a7b1383e5027437461","contentHash":"93684b9d0d8e0ce52dec4cd409b02dc7c61bc912c5af45783148b7c367bd2a7e"},"D:\\projects\\github-pr-analytics\\src\\bootstrap.ts":{"path":"D:\\projects\\github-pr-analytics\\src\\bootstrap.ts","statementMap":{"0":{"start":{"line":2,"column":16},"end":{"line":10,"column":1}},"1":{"start":{"line":3,"column":28},"end":{"line":3,"column":110}},"2":{"start":{"line":3,"column":91},"end":{"line":3,"column":106}},"3":{"start":{"line":4,"column":4},"end":{"line":9,"column":7}},"4":{"start":{"line":5,"column":36},"end":{"line":5,"column":97}},"5":{"start":{"line":5,"column":42},"end":{"line":5,"column":70}},"6":{"start":{"line":5,"column":85},"end":{"line":5,"column":95}},"7":{"start":{"line":6,"column":35},"end":{"line":6,"column":100}},"8":{"start":{"line":6,"column":41},"end":{"line":6,"column":73}},"9":{"start":{"line":6,"column":88},"end":{"line":6,"column":98}},"10":{"start":{"line":7,"column":32},"end":{"line":7,"column":116}},"11":{"start":{"line":8,"column":8},"end":{"line":8,"column":78}},"12":{"start":{"line":11,"column":22},"end":{"line":13,"column":1}},"13":{"start":{"line":12,"column":4},"end":{"line":12,"column":62}},"14":{"start":{"line":14,"column":0},"end":{"line":14,"column":62}},"15":{"start":{"line":15,"column":0},"end":{"line":15,"column":30}},"16":{"start":{"line":17,"column":17},"end":{"line":17,"column":51}},"17":{"start":{"line":18,"column":15},"end":{"line":18,"column":47}},"18":{"start":{"line":19,"column":19},"end":{"line":19,"column":55}},"19":{"start":{"line":20,"column":18},"end":{"line":20,"column":53}},"20":{"start":{"line":22,"column":17},"end":{"line":22,"column":59}},"21":{"start":{"line":23,"column":13},"end":{"line":23,"column":34}},"22":{"start":{"line":24,"column":17},"end":{"line":24,"column":42}},"23":{"start":{"line":25,"column":19},"end":{"line":25,"column":64}},"24":{"start":{"line":26,"column":20},"end":{"line":26,"column":66}},"25":{"start":{"line":27,"column":21},"end":{"line":27,"column":68}},"26":{"start":{"line":28,"column":21},"end":{"line":28,"column":68}},"27":{"start":{"line":29,"column":22},"end":{"line":29,"column":52}},"28":{"start":{"line":30,"column":23},"end":{"line":30,"column":60}},"29":{"start":{"line":31,"column":20},"end":{"line":31,"column":49}},"30":{"start":{"line":36,"column":4},"end":{"line":36,"column":37}},"31":{"start":{"line":37,"column":4},"end":{"line":37,"column":73}},"32":{"start":{"line":38,"column":4},"end":{"line":38,"column":38}},"33":{"start":{"line":39,"column":4},"end":{"line":39,"column":73}},"34":{"start":{"line":45,"column":4},"end":{"line":45,"column":65}},"35":{"start":{"line":46,"column":4},"end":{"line":46,"column":65}},"36":{"start":{"line":47,"column":4},"end":{"line":47,"column":63}},"37":{"start":{"line":48,"column":4},"end":{"line":48,"column":64}},"38":{"start":{"line":54,"column":4},"end":{"line":89,"column":8}},"39":{"start":{"line":54,"column":64},"end":{"line":89,"column":6}},"40":{"start":{"line":55,"column":8},"end":{"line":88,"column":9}},"41":{"start":{"line":56,"column":28},"end":{"line":56,"column":68}},"42":{"start":{"line":58,"column":12},"end":{"line":73,"column":13}},"43":{"start":{"line":60,"column":20},"end":{"line":60,"column":66}},"44":{"start":{"line":61,"column":20},"end":{"line":61,"column":26}},"45":{"start":{"line":63,"column":20},"end":{"line":63,"column":63}},"46":{"start":{"line":64,"column":20},"end":{"line":64,"column":26}},"47":{"start":{"line":66,"column":20},"end":{"line":66,"column":64}},"48":{"start":{"line":67,"column":20},"end":{"line":67,"column":26}},"49":{"start":{"line":69,"column":20},"end":{"line":69,"column":67}},"50":{"start":{"line":70,"column":20},"end":{"line":70,"column":26}},"51":{"start":{"line":72,"column":20},"end":{"line":72,"column":61}},"52":{"start":{"line":74,"column":12},"end":{"line":79,"column":15}},"53":{"start":{"line":82,"column":24},"end":{"line":82,"column":29}},"54":{"start":{"line":83,"column":12},"end":{"line":83,"column":116}},"55":{"start":{"line":84,"column":12},"end":{"line":87,"column":15}},"56":{"start":{"line":95,"column":4},"end":{"line":109,"column":7}},"57":{"start":{"line":96,"column":8},"end":{"line":96,"column":29}},"58":{"start":{"line":97,"column":8},"end":{"line":97,"column":24}},"59":{"start":{"line":98,"column":8},"end":{"line":98,"column":29}},"60":{"start":{"line":99,"column":8},"end":{"line":99,"column":45}},"61":{"start":{"line":100,"column":8},"end":{"line":108,"column":9}},"62":{"start":{"line":101,"column":12},"end":{"line":101,"column":38}},"63":{"start":{"line":102,"column":12},"end":{"line":102,"column":55}},"64":{"start":{"line":103,"column":12},"end":{"line":103,"column":124}},"65":{"start":{"line":103,"column":51},"end":{"line":103,"column":122}},"66":{"start":{"line":106,"column":12},"end":{"line":106,"column":71}},"67":{"start":{"line":107,"column":12},"end":{"line":107,"column":28}}},"fnMap":{"0":{"name":"(anonymous_0)","decl":{"start":{"line":2,"column":44},"end":{"line":2,"column":45}},"loc":{"start":{"line":2,"column":89},"end":{"line":10,"column":1}},"line":2},"1":{"name":"adopt","decl":{"start":{"line":3,"column":13},"end":{"line":3,"column":18}},"loc":{"start":{"line":3,"column":26},"end":{"line":3,"column":112}},"line":3},"2":{"name":"(anonymous_2)","decl":{"start":{"line":3,"column":70},"end":{"line":3,"column":71}},"loc":{"start":{"line":3,"column":89},"end":{"line":3,"column":108}},"line":3},"3":{"name":"(anonymous_3)","decl":{"start":{"line":4,"column":36},"end":{"line":4,"column":37}},"loc":{"start":{"line":4,"column":63},"end":{"line":9,"column":5}},"line":4},"4":{"name":"fulfilled","decl":{"start":{"line":5,"column":17},"end":{"line":5,"column":26}},"loc":{"start":{"line":5,"column":34},"end":{"line":5,"column":99}},"line":5},"5":{"name":"rejected","decl":{"start":{"line":6,"column":17},"end":{"line":6,"column":25}},"loc":{"start":{"line":6,"column":33},"end":{"line":6,"column":102}},"line":6},"6":{"name":"step","decl":{"start":{"line":7,"column":17},"end":{"line":7,"column":21}},"loc":{"start":{"line":7,"column":30},"end":{"line":7,"column":118}},"line":7},"7":{"name":"(anonymous_7)","decl":{"start":{"line":11,"column":56},"end":{"line":11,"column":57}},"loc":{"start":{"line":11,"column":71},"end":{"line":13,"column":1}},"line":11},"8":{"name":"initMiddlewares","decl":{"start":{"line":35,"column":9},"end":{"line":35,"column":24}},"loc":{"start":{"line":35,"column":30},"end":{"line":40,"column":1}},"line":35},"9":{"name":"initRoutes","decl":{"start":{"line":44,"column":9},"end":{"line":44,"column":19}},"loc":{"start":{"line":44,"column":25},"end":{"line":49,"column":1}},"line":44},"10":{"name":"initHealthCheck","decl":{"start":{"line":53,"column":9},"end":{"line":53,"column":24}},"loc":{"start":{"line":53,"column":30},"end":{"line":90,"column":1}},"line":53},"11":{"name":"(anonymous_11)","decl":{"start":{"line":54,"column":52},"end":{"line":54,"column":53}},"loc":{"start":{"line":54,"column":64},"end":{"line":89,"column":6}},"line":54},"12":{"name":"(anonymous_12)","decl":{"start":{"line":54,"column":96},"end":{"line":54,"column":97}},"loc":{"start":{"line":54,"column":109},"end":{"line":89,"column":5}},"line":54},"13":{"name":"bootstrap","decl":{"start":{"line":94,"column":9},"end":{"line":94,"column":18}},"loc":{"start":{"line":94,"column":24},"end":{"line":110,"column":1}},"line":94},"14":{"name":"(anonymous_14)","decl":{"start":{"line":95,"column":43},"end":{"line":95,"column":44}},"loc":{"start":{"line":95,"column":56},"end":{"line":109,"column":5}},"line":95},"15":{"name":"(anonymous_15)","decl":{"start":{"line":103,"column":45},"end":{"line":103,"column":46}},"loc":{"start":{"line":103,"column":51},"end":{"line":103,"column":122}},"line":103}},"branchMap":{"0":{"loc":{"start":{"line":2,"column":16},"end":{"line":10,"column":1}},"type":"binary-expr","locations":[{"start":{"line":2,"column":17},"end":{"line":2,"column":21}},{"start":{"line":2,"column":25},"end":{"line":2,"column":39}},{"start":{"line":2,"column":44},"end":{"line":10,"column":1}}],"line":2},"1":{"loc":{"start":{"line":3,"column":35},"end":{"line":3,"column":109}},"type":"cond-expr","locations":[{"start":{"line":3,"column":56},"end":{"line":3,"column":61}},{"start":{"line":3,"column":64},"end":{"line":3,"column":109}}],"line":3},"2":{"loc":{"start":{"line":4,"column":16},"end":{"line":4,"column":34}},"type":"binary-expr","locations":[{"start":{"line":4,"column":16},"end":{"line":4,"column":17}},{"start":{"line":4,"column":22},"end":{"line":4,"column":33}}],"line":4},"3":{"loc":{"start":{"line":7,"column":32},"end":{"line":7,"column":115}},"type":"cond-expr","locations":[{"start":{"line":7,"column":46},"end":{"line":7,"column":67}},{"start":{"line":7,"column":70},"end":{"line":7,"column":115}}],"line":7},"4":{"loc":{"start":{"line":8,"column":51},"end":{"line":8,"column":67}},"type":"binary-expr","locations":[{"start":{"line":8,"column":51},"end":{"line":8,"column":61}},{"start":{"line":8,"column":65},"end":{"line":8,"column":67}}],"line":8},"5":{"loc":{"start":{"line":11,"column":22},"end":{"line":13,"column":1}},"type":"binary-expr","locations":[{"start":{"line":11,"column":23},"end":{"line":11,"column":27}},{"start":{"line":11,"column":31},"end":{"line":11,"column":51}},{"start":{"line":11,"column":56},"end":{"line":13,"column":1}}],"line":11},"6":{"loc":{"start":{"line":12,"column":11},"end":{"line":12,"column":61}},"type":"cond-expr","locations":[{"start":{"line":12,"column":37},"end":{"line":12,"column":40}},{"start":{"line":12,"column":43},"end":{"line":12,"column":61}}],"line":12},"7":{"loc":{"start":{"line":12,"column":12},"end":{"line":12,"column":33}},"type":"binary-expr","locations":[{"start":{"line":12,"column":12},"end":{"line":12,"column":15}},{"start":{"line":12,"column":19},"end":{"line":12,"column":33}}],"line":12},"8":{"loc":{"start":{"line":58,"column":12},"end":{"line":73,"column":13}},"type":"switch","locations":[{"start":{"line":59,"column":16},"end":{"line":61,"column":26}},{"start":{"line":62,"column":16},"end":{"line":64,"column":26}},{"start":{"line":65,"column":16},"end":{"line":67,"column":26}},{"start":{"line":68,"column":16},"end":{"line":70,"column":26}},{"start":{"line":71,"column":16},"end":{"line":72,"column":61}}],"line":58}},"s":{"0":1,"1":0,"2":0,"3":0,"4":0,"5":0,"6":0,"7":0,"8":0,"9":0,"10":0,"11":0,"12":1,"13":5,"14":1,"15":1,"16":1,"17":1,"18":1,"19":1,"20":1,"21":1,"22":1,"23":1,"24":0,"25":0,"26":0,"27":0,"28":0,"29":0,"30":0,"31":0,"32":0,"33":0,"34":0,"35":0,"36":0,"37":0,"38":0,"39":0,"40":0,"41":0,"42":0,"43":0,"44":0,"45":0,"46":0,"47":0,"48":0,"49":0,"50":0,"51":0,"52":0,"53":0,"54":0,"55":0,"56":0,"57":0,"58":0,"59":0,"60":0,"61":0,"62":0,"63":0,"64":0,"65":0,"66":0,"67":0},"f":{"0":0,"1":0,"2":0,"3":0,"4":0,"5":0,"6":0,"7":5,"8":0,"9":0,"10":0,"11":0,"12":0,"13":0,"14":0,"15":0},"b":{"0":[1,1,1],"1":[0,0],"2":[0,0],"3":[0,0],"4":[0,0],"5":[1,1,1],"6":[1,4],"7":[5,5],"8":[0,0,0,0,0]},"inputSourceMap":{"version":3,"file":"D:/projects/github-pr-analytics/src/bootstrap.ts","sources":["D:/projects/github-pr-analytics/src/bootstrap.ts"],"names":[],"mappings":";;;;;;;;;;;;;;AA4FA,8BAgBC;AA5GD,wBAAwB;AACxB,oDAA4B;AAC5B,gDAAwB;AACxB,wDAAgC;AAChC,sDAAkE;AAElE,wBAAwB;AACxB,4DAAoC;AACpC,mCAAqC;AACrC,2CAAwC;AACxC,iEAAyC;AACzC,mEAA2C;AAC3C,qEAA6C;AAC7C,qEAA6C;AAC7C,qDAAqD;AACrD,6DAA0D;AAC1D,kDAK4B;AAG5B;;GAEG;AACH,SAAS,eAAe,CAAC,GAAgB;IACvC,GAAG,CAAC,GAAG,CAAC,IAAA,gBAAM,GAAE,CAAC,CAAC;IAClB,GAAG,CAAC,GAAG,CAAC,IAAA,cAAI,EAAC,EAAE,MAAM,EAAE,eAAM,CAAC,UAAU,EAAE,CAAC,CAAC,CAAC;IAC7C,GAAG,CAAC,GAAG,CAAC,iBAAO,CAAC,IAAI,EAAE,CAAC,CAAC;IACxB,GAAG,CAAC,GAAG,CAAC,yBAAa,CAAC,GAAG,EAAE,4BAAc,CAAC,CAAC;AAC7C,CAAC;AAED;;GAEG;AACH,SAAS,UAAU,CAAC,GAAgB;IAClC,GAAG,CAAC,GAAG,CAAC,yBAAa,CAAC,GAAG,EAAE,oBAAU,CAAC,CAAC;IACvC,GAAG,CAAC,GAAG,CAAC,yBAAa,CAAC,GAAG,EAAE,oBAAU,CAAC,CAAC;IACvC,GAAG,CAAC,GAAG,CAAC,yBAAa,CAAC,GAAG,EAAE,kBAAQ,CAAC,CAAC;IACrC,GAAG,CAAC,GAAG,CAAC,yBAAa,CAAC,GAAG,EAAE,mBAAS,CAAC,CAAC;AACxC,CAAC;AAED;;GAEG;AACH,SAAS,eAAe,CAAC,GAAgB;IACvC,GAAG,CAAC,GAAG,CAAC,yBAAa,CAAC,YAAY,EAAE,CAAO,CAAU,EAAE,GAAa,EAAE,EAAE;QACtE,IAAI,CAAC;YACH,MAAM,OAAO,GAAG,kBAAQ,CAAC,UAAU,CAAC,UAAU,CAAC;YAC/C,IAAI,QAAgB,CAAC;YAErB,QAAQ,OAAO,EAAE,CAAC;gBAChB,KAAK,CAAC;oBACJ,QAAQ,GAAG,qBAAS,CAAC,YAAY,CAAC;oBAClC,MAAM;gBACR,KAAK,CAAC;oBACJ,QAAQ,GAAG,qBAAS,CAAC,SAAS,CAAC;oBAC/B,MAAM;gBACR,KAAK,CAAC;oBACJ,QAAQ,GAAG,qBAAS,CAAC,UAAU,CAAC;oBAChC,MAAM;gBACR,KAAK,CAAC;oBACJ,QAAQ,GAAG,qBAAS,CAAC,aAAa,CAAC;oBACnC,MAAM;gBACR;oBACE,QAAQ,GAAG,qBAAS,CAAC,OAAO,CAAC;YACjC,CAAC;YAED,GAAG,CAAC,MAAM,CAAC,wBAAY,CAAC,EAAE,CAAC,CAAC,IAAI,CAAC;gBAC/B,MAAM,EAAE,oBAAQ,CAAC,SAAS;gBAC1B,MAAM,EAAE,OAAO,CAAC,MAAM,EAAE;gBACxB,QAAQ;gBACR,SAAS,EAAE,IAAI,IAAI,EAAE,CAAC,WAAW,EAAE;aACpC,CAAC,CAAC;QACL,CAAC;QAAC,OAAO,KAAK,EAAE,CAAC;YACf,MAAM,GAAG,GAAG,KAAiB,CAAC;YAC9B,gBAAM,CAAC,KAAK,CACV,GAAG,GAAG,YAAY,yBAAa,CAAC,YAAY,uBAAuB,CACpE,CAAC;YACF,GAAG,CAAC,MAAM,CAAC,wBAAY,CAAC,qBAAqB,CAAC,CAAC,IAAI,CAAC;gBAClD,MAAM,EAAE,oBAAQ,CAAC,qBAAqB;gBACtC,KAAK,EAAE,GAAG,CAAC,OAAO;aACnB,CAAC,CAAC;QACL,CAAC;IACH,CAAC,CAAA,CAAC,CAAC;AACL,CAAC;AAED;;GAEG;AACH,SAAsB,SAAS,CAAC,GAAgB;;QAC9C,eAAe,CAAC,GAAG,CAAC,CAAC;QACrB,UAAU,CAAC,GAAG,CAAC,CAAC;QAChB,eAAe,CAAC,GAAG,CAAC,CAAC;QACrB,GAAG,CAAC,GAAG,CAAC,2BAAY,CAAC,CAAC;QAEtB,IAAI,CAAC;YACH,MAAM,IAAA,YAAO,GAAE,CAAC;YAChB,gBAAM,CAAC,IAAI,CAAC,mBAAmB,CAAC,CAAC;YACjC,GAAG,CAAC,MAAM,CAAC,eAAM,CAAC,IAAI,EAAE,GAAG,EAAE,CAC3B,gBAAM,CAAC,IAAI,CAAC,0BAA0B,eAAM,CAAC,IAAI,EAAE,CAAC,CACrD,CAAC;QACJ,CAAC;QAAC,OAAO,GAAG,EAAE,CAAC;YACb,gBAAM,CAAC,KAAK,CAAC,GAAG,GAAG,4BAA4B,CAAC,CAAC;YACjD,OAAO,CAAC,IAAI,CAAC,CAAC,CAAC,CAAC;QAClB,CAAC;IACH,CAAC;CAAA","sourcesContent":["// external dependencies\r\nimport helmet from \"helmet\";\r\nimport cors from \"cors\";\r\nimport mongoose from \"mongoose\";\r\nimport express, { Application, Request, Response } from \"express\";\r\n\r\n// internal dependencies\r\nimport logger from \"./utils/logger\";\r\nimport { connect } from \"./utils/db\";\r\nimport { config } from \"./utils/config\";\r\nimport prRoutes from \"./routes/prRoutes\";\r\nimport devRoutes from \"./routes/devRoutes\";\r\nimport authRoutes from \"./routes/authRoutes\";\r\nimport userRoutes from \"./routes/userRoutes\";\r\nimport { apiRateLimiter } from \"./utils/rateLimiter\";\r\nimport { errorHandler } from \"./middlewares/errorHandler\";\r\nimport {\r\n  API_ENDPOINTS,\r\n  DB_STATES,\r\n  MESSAGES,\r\n  STATUS_CODES,\r\n} from \"./common/constants\";\r\nimport { APIError } from \"./common/types\";\r\n\r\n/**\r\n * Initializes global middlewares\r\n */\r\nfunction initMiddlewares(app: Application): void {\r\n  app.use(helmet());\r\n  app.use(cors({ origin: config.corsOrigin }));\r\n  app.use(express.json());\r\n  app.use(API_ENDPOINTS.API, apiRateLimiter);\r\n}\r\n\r\n/**\r\n * Registers all API routes\r\n */\r\nfunction initRoutes(app: Application): void {\r\n  app.use(API_ENDPOINTS.API, authRoutes);\r\n  app.use(API_ENDPOINTS.API, userRoutes);\r\n  app.use(API_ENDPOINTS.API, prRoutes);\r\n  app.use(API_ENDPOINTS.API, devRoutes);\r\n}\r\n\r\n/**\r\n * Health check route for DB status and uptime\r\n */\r\nfunction initHealthCheck(app: Application): void {\r\n  app.get(API_ENDPOINTS.HEALTH_CHECK, async (_: Request, res: Response) => {\r\n    try {\r\n      const dbState = mongoose.connection.readyState;\r\n      let dbStatus: string;\r\n\r\n      switch (dbState) {\r\n        case 0:\r\n          dbStatus = DB_STATES.DISCONNECTED;\r\n          break;\r\n        case 1:\r\n          dbStatus = DB_STATES.CONNECTED;\r\n          break;\r\n        case 2:\r\n          dbStatus = DB_STATES.CONNECTING;\r\n          break;\r\n        case 3:\r\n          dbStatus = DB_STATES.DISCONNECTING;\r\n          break;\r\n        default:\r\n          dbStatus = DB_STATES.UNKNOWN;\r\n      }\r\n\r\n      res.status(STATUS_CODES.OK).json({\r\n        status: MESSAGES.STATUS_OK,\r\n        uptime: process.uptime(),\r\n        dbStatus,\r\n        timestamp: new Date().toISOString(),\r\n      });\r\n    } catch (error) {\r\n      const err = error as APIError;\r\n      logger.error(\r\n        `${err}, route: ${API_ENDPOINTS.HEALTH_CHECK}, Health check failed`\r\n      );\r\n      res.status(STATUS_CODES.INTERNAL_SERVER_ERROR).json({\r\n        status: MESSAGES.INTERNAL_SERVER_ERROR,\r\n        error: err.message,\r\n      });\r\n    }\r\n  });\r\n}\r\n\r\n/**\r\n * Initializes and starts the app\r\n */\r\nexport async function bootstrap(app: Application): Promise<void> {\r\n  initMiddlewares(app);\r\n  initRoutes(app);\r\n  initHealthCheck(app);\r\n  app.use(errorHandler);\r\n\r\n  try {\r\n    await connect();\r\n    logger.info(\"MongoDB connected\");\r\n    app.listen(config.port, () =>\r\n      logger.info(`Server running on port ${config.port}`)\r\n    );\r\n  } catch (err) {\r\n    logger.error(`${err}, MongoDB connection error`);\r\n    process.exit(1);\r\n  }\r\n}\r\n"]},"_coverageSchema":"1a1c01bbd47fc00a2c39e90264f33305004495a9","hash":"2d3ffd109a122cac1785f1f148a9f3de2146a3cc","contentHash":"ec544845b9ff94d8d5cdd535f5849d5e13f336d8a6bf5bf1c8554b1013a60296"},"D:\\projects\\github-pr-analytics\\src\\utils\\logger.ts":{"path":"D:\\projects\\github-pr-analytics\\src\\utils\\logger.ts","statementMap":{"0":{"start":{"line":2,"column":22},"end":{"line":4,"column":1}},"1":{"start":{"line":3,"column":4},"end":{"line":3,"column":62}},"2":{"start":{"line":5,"column":0},"end":{"line":5,"column":62}},"3":{"start":{"line":7,"column":18},"end":{"line":7,"column":53}},"4":{"start":{"line":9,"column":15},"end":{"line":19,"column":2}},"5":{"start":{"line":20,"column":0},"end":{"line":20,"column":25}}},"fnMap":{"0":{"name":"(anonymous_0)","decl":{"start":{"line":2,"column":56},"end":{"line":2,"column":57}},"loc":{"start":{"line":2,"column":71},"end":{"line":4,"column":1}},"line":2}},"branchMap":{"0":{"loc":{"start":{"line":2,"column":22},"end":{"line":4,"column":1}},"type":"binary-expr","locations":[{"start":{"line":2,"column":23},"end":{"line":2,"column":27}},{"start":{"line":2,"column":31},"end":{"line":2,"column":51}},{"start":{"line":2,"column":56},"end":{"line":4,"column":1}}],"line":2},"1":{"loc":{"start":{"line":3,"column":11},"end":{"line":3,"column":61}},"type":"cond-expr","locations":[{"start":{"line":3,"column":37},"end":{"line":3,"column":40}},{"start":{"line":3,"column":43},"end":{"line":3,"column":61}}],"line":3},"2":{"loc":{"start":{"line":3,"column":12},"end":{"line":3,"column":33}},"type":"binary-expr","locations":[{"start":{"line":3,"column":12},"end":{"line":3,"column":15}},{"start":{"line":3,"column":19},"end":{"line":3,"column":33}}],"line":3},"3":{"loc":{"start":{"line":10,"column":11},"end":{"line":10,"column":42}},"type":"binary-expr","locations":[{"start":{"line":10,"column":11},"end":{"line":10,"column":32}},{"start":{"line":10,"column":36},"end":{"line":10,"column":42}}],"line":10}},"s":{"0":1,"1":1,"2":1,"3":1,"4":1,"5":1},"f":{"0":1},"b":{"0":[1,1,1],"1":[0,1],"2":[1,1],"3":[1,1]},"inputSourceMap":{"version":3,"file":"D:/projects/github-pr-analytics/src/utils/logger.ts","sources":["D:/projects/github-pr-analytics/src/utils/logger.ts"],"names":[],"mappings":";;;;;AAAA,wBAAwB;AACxB,sDAA8B;AAE9B,uEAAuE;AACvE,MAAM,MAAM,GAAG,iBAAO,CAAC,YAAY,CAAC;IAClC,KAAK,EAAE,OAAO,CAAC,GAAG,CAAC,SAAS,IAAI,MAAM;IACtC,MAAM,EAAE,iBAAO,CAAC,MAAM,CAAC,OAAO,CAC5B,iBAAO,CAAC,MAAM,CAAC,SAAS,EAAE,EAC1B,iBAAO,CAAC,MAAM,CAAC,IAAI,EAAE,CACtB;IACD,UAAU,EAAE;QACV,iBAAiB;QACjB,IAAI,iBAAO,CAAC,UAAU,CAAC,OAAO,CAAC;YAC7B,YAAY,EAAE,CAAC,OAAO,CAAC;YACvB,iBAAiB,EAAE,CAAC,MAAM,CAAC;SAC5B,CAAC;KACH;CACF,CAAC,CAAC;AAEH,kBAAe,MAAM,CAAC","sourcesContent":["// external dependencies\r\nimport winston from 'winston';\r\n\r\n// Create a Winston logger instance with JSON formatting and timestamps\r\nconst logger = winston.createLogger({\r\n  level: process.env.LOG_LEVEL || 'info',\r\n  format: winston.format.combine(\r\n    winston.format.timestamp(),\r\n    winston.format.json()\r\n  ),\r\n  transports: [\r\n    // Log to console\r\n    new winston.transports.Console({\r\n      stderrLevels: ['error'],\r\n      consoleWarnLevels: ['warn'],\r\n    }),\r\n  ],\r\n});\r\n\r\nexport default logger;\r\n"]},"_coverageSchema":"1a1c01bbd47fc00a2c39e90264f33305004495a9","hash":"c237ec997ee3e37359f7db1bafa33a5cf02c3eca","contentHash":"a55710e7b0ccd89340afffec782fa786cb50a9ed7844bb86134ccc7ca79d377e"},"D:\\projects\\github-pr-analytics\\src\\utils\\db.ts":{"path":"D:\\projects\\github-pr-analytics\\src\\utils\\db.ts","statementMap":{"0":{"start":{"line":2,"column":16},"end":{"line":10,"column":1}},"1":{"start":{"line":3,"column":28},"end":{"line":3,"column":110}},"2":{"start":{"line":3,"column":91},"end":{"line":3,"column":106}},"3":{"start":{"line":4,"column":4},"end":{"line":9,"column":7}},"4":{"start":{"line":5,"column":36},"end":{"line":5,"column":97}},"5":{"start":{"line":5,"column":42},"end":{"line":5,"column":70}},"6":{"start":{"line":5,"column":85},"end":{"line":5,"column":95}},"7":{"start":{"line":6,"column":35},"end":{"line":6,"column":100}},"8":{"start":{"line":6,"column":41},"end":{"line":6,"column":73}},"9":{"start":{"line":6,"column":88},"end":{"line":6,"column":98}},"10":{"start":{"line":7,"column":32},"end":{"line":7,"column":116}},"11":{"start":{"line":8,"column":8},"end":{"line":8,"column":78}},"12":{"start":{"line":11,"column":0},"end":{"line":11,"column":62}},"13":{"start":{"line":12,"column":0},"end":{"line":12,"column":26}},"14":{"start":{"line":14,"column":17},"end":{"line":14,"column":36}},"15":{"start":{"line":19,"column":4},"end":{"line":26,"column":7}},"16":{"start":{"line":20,"column":8},"end":{"line":25,"column":9}},"17":{"start":{"line":21,"column":12},"end":{"line":21,"column":47}}},"fnMap":{"0":{"name":"(anonymous_0)","decl":{"start":{"line":2,"column":44},"end":{"line":2,"column":45}},"loc":{"start":{"line":2,"column":89},"end":{"line":10,"column":1}},"line":2},"1":{"name":"adopt","decl":{"start":{"line":3,"column":13},"end":{"line":3,"column":18}},"loc":{"start":{"line":3,"column":26},"end":{"line":3,"column":112}},"line":3},"2":{"name":"(anonymous_2)","decl":{"start":{"line":3,"column":70},"end":{"line":3,"column":71}},"loc":{"start":{"line":3,"column":89},"end":{"line":3,"column":108}},"line":3},"3":{"name":"(anonymous_3)","decl":{"start":{"line":4,"column":36},"end":{"line":4,"column":37}},"loc":{"start":{"line":4,"column":63},"end":{"line":9,"column":5}},"line":4},"4":{"name":"fulfilled","decl":{"start":{"line":5,"column":17},"end":{"line":5,"column":26}},"loc":{"start":{"line":5,"column":34},"end":{"line":5,"column":99}},"line":5},"5":{"name":"rejected","decl":{"start":{"line":6,"column":17},"end":{"line":6,"column":25}},"loc":{"start":{"line":6,"column":33},"end":{"line":6,"column":102}},"line":6},"6":{"name":"step","decl":{"start":{"line":7,"column":17},"end":{"line":7,"column":21}},"loc":{"start":{"line":7,"column":30},"end":{"line":7,"column":118}},"line":7},"7":{"name":"connect","decl":{"start":{"line":18,"column":9},"end":{"line":18,"column":16}},"loc":{"start":{"line":18,"column":19},"end":{"line":27,"column":1}},"line":18},"8":{"name":"(anonymous_8)","decl":{"start":{"line":19,"column":43},"end":{"line":19,"column":44}},"loc":{"start":{"line":19,"column":56},"end":{"line":26,"column":5}},"line":19}},"branchMap":{"0":{"loc":{"start":{"line":2,"column":16},"end":{"line":10,"column":1}},"type":"binary-expr","locations":[{"start":{"line":2,"column":17},"end":{"line":2,"column":21}},{"start":{"line":2,"column":25},"end":{"line":2,"column":39}},{"start":{"line":2,"column":44},"end":{"line":10,"column":1}}],"line":2},"1":{"loc":{"start":{"line":3,"column":35},"end":{"line":3,"column":109}},"type":"cond-expr","locations":[{"start":{"line":3,"column":56},"end":{"line":3,"column":61}},{"start":{"line":3,"column":64},"end":{"line":3,"column":109}}],"line":3},"2":{"loc":{"start":{"line":4,"column":16},"end":{"line":4,"column":34}},"type":"binary-expr","locations":[{"start":{"line":4,"column":16},"end":{"line":4,"column":17}},{"start":{"line":4,"column":22},"end":{"line":4,"column":33}}],"line":4},"3":{"loc":{"start":{"line":7,"column":32},"end":{"line":7,"column":115}},"type":"cond-expr","locations":[{"start":{"line":7,"column":46},"end":{"line":7,"column":67}},{"start":{"line":7,"column":70},"end":{"line":7,"column":115}}],"line":7},"4":{"loc":{"start":{"line":8,"column":51},"end":{"line":8,"column":67}},"type":"binary-expr","locations":[{"start":{"line":8,"column":51},"end":{"line":8,"column":61}},{"start":{"line":8,"column":65},"end":{"line":8,"column":67}}],"line":8},"5":{"loc":{"start":{"line":20,"column":8},"end":{"line":25,"column":9}},"type":"if","locations":[{"start":{"line":20,"column":8},"end":{"line":25,"column":9}},{"start":{"line":23,"column":13},"end":{"line":25,"column":9}}],"line":20}},"s":{"0":1,"1":0,"2":0,"3":0,"4":0,"5":0,"6":0,"7":0,"8":0,"9":0,"10":0,"11":0,"12":1,"13":1,"14":1,"15":0,"16":0,"17":0},"f":{"0":0,"1":0,"2":0,"3":0,"4":0,"5":0,"6":0,"7":0,"8":0},"b":{"0":[1,1,1],"1":[0,0],"2":[0,0],"3":[0,0],"4":[0,0],"5":[0,0]},"inputSourceMap":{"version":3,"file":"D:/projects/github-pr-analytics/src/utils/db.ts","sources":["D:/projects/github-pr-analytics/src/utils/db.ts"],"names":[],"mappings":";;;;;;;;;;;AAMA,0BAMC;AAZD,wBAAwB;AACxB,qCAAwC;AAExC;;GAEG;AACH,SAAsB,OAAO;;QACzB,IAAG,CAAC,OAAO,CAAC,GAAG,CAAC,QAAQ,EAAE,CAAC;YACvB,MAAM,IAAA,qBAAY,GAAE,CAAC;QACzB,CAAC;aAAM,CAAC;YACJ,6BAA6B;QACjC,CAAC;IACL,CAAC;CAAA","sourcesContent":["// internal dependencies\r\nimport { connectMongo } from \"./config\";\r\n\r\n/**\r\n * Method to establish mongodb connection\r\n */\r\nexport async function connect() {\r\n    if(!process.env.NODE_ENV) {\r\n        await connectMongo();\r\n    } else {\r\n        // await connectDocumentDB();\r\n    }\r\n}\r\n"]},"_coverageSchema":"1a1c01bbd47fc00a2c39e90264f33305004495a9","hash":"1e8d1816c3e110024b90388d54021c34301c349c","contentHash":"ee8fa4bd669627e92555ccebf41af32aa868f13f1b4ad953215b2eb248f84602"},"D:\\projects\\github-pr-analytics\\src\\utils\\config.ts":{"path":"D:\\projects\\github-pr-analytics\\src\\utils\\config.ts","statementMap":{"0":{"start":{"line":2,"column":16},"end":{"line":10,"column":1}},"1":{"start":{"line":3,"column":28},"end":{"line":3,"column":110}},"2":{"start":{"line":3,"column":91},"end":{"line":3,"column":106}},"3":{"start":{"line":4,"column":4},"end":{"line":9,"column":7}},"4":{"start":{"line":5,"column":36},"end":{"line":5,"column":97}},"5":{"start":{"line":5,"column":42},"end":{"line":5,"column":70}},"6":{"start":{"line":5,"column":85},"end":{"line":5,"column":95}},"7":{"start":{"line":6,"column":35},"end":{"line":6,"column":100}},"8":{"start":{"line":6,"column":41},"end":{"line":6,"column":73}},"9":{"start":{"line":6,"column":88},"end":{"line":6,"column":98}},"10":{"start":{"line":7,"column":32},"end":{"line":7,"column":116}},"11":{"start":{"line":8,"column":8},"end":{"line":8,"column":78}},"12":{"start":{"line":11,"column":22},"end":{"line":13,"column":1}},"13":{"start":{"line":12,"column":4},"end":{"line":12,"column":62}},"14":{"start":{"line":14,"column":0},"end":{"line":14,"column":62}},"15":{"start":{"line":15,"column":0},"end":{"line":15,"column":24}},"16":{"start":{"line":16,"column":0},"end":{"line":16,"column":36}},"17":{"start":{"line":18,"column":14},"end":{"line":18,"column":45}},"18":{"start":{"line":19,"column":19},"end":{"line":19,"column":55}},"19":{"start":{"line":21,"column":17},"end":{"line":21,"column":53}},"20":{"start":{"line":23,"column":18},"end":{"line":40,"column":16}},"21":{"start":{"line":42,"column":34},"end":{"line":44,"column":2}},"22":{"start":{"line":45,"column":0},"end":{"line":49,"column":1}},"23":{"start":{"line":46,"column":4},"end":{"line":48,"column":23}},"24":{"start":{"line":47,"column":20},"end":{"line":47,"column":29}},"25":{"start":{"line":51,"column":0},"end":{"line":58,"column":2}},"26":{"start":{"line":59,"column":19},"end":{"line":59,"column":24}},"27":{"start":{"line":66,"column":4},"end":{"line":86,"column":7}},"28":{"start":{"line":67,"column":8},"end":{"line":67,"column":52}},"29":{"start":{"line":68,"column":8},"end":{"line":71,"column":9}},"30":{"start":{"line":69,"column":12},"end":{"line":69,"column":56}},"31":{"start":{"line":70,"column":12},"end":{"line":70,"column":24}},"32":{"start":{"line":72,"column":8},"end":{"line":85,"column":9}},"33":{"start":{"line":73,"column":24},"end":{"line":73,"column":47}},"34":{"start":{"line":74,"column":12},"end":{"line":77,"column":15}},"35":{"start":{"line":78,"column":12},"end":{"line":78,"column":32}},"36":{"start":{"line":79,"column":12},"end":{"line":79,"column":59}},"37":{"start":{"line":80,"column":12},"end":{"line":80,"column":24}},"38":{"start":{"line":83,"column":12},"end":{"line":83,"column":60}},"39":{"start":{"line":84,"column":12},"end":{"line":84,"column":25}},"40":{"start":{"line":88,"column":0},"end":{"line":88,"column":37}}},"fnMap":{"0":{"name":"(anonymous_0)","decl":{"start":{"line":2,"column":44},"end":{"line":2,"column":45}},"loc":{"start":{"line":2,"column":89},"end":{"line":10,"column":1}},"line":2},"1":{"name":"adopt","decl":{"start":{"line":3,"column":13},"end":{"line":3,"column":18}},"loc":{"start":{"line":3,"column":26},"end":{"line":3,"column":112}},"line":3},"2":{"name":"(anonymous_2)","decl":{"start":{"line":3,"column":70},"end":{"line":3,"column":71}},"loc":{"start":{"line":3,"column":89},"end":{"line":3,"column":108}},"line":3},"3":{"name":"(anonymous_3)","decl":{"start":{"line":4,"column":36},"end":{"line":4,"column":37}},"loc":{"start":{"line":4,"column":63},"end":{"line":9,"column":5}},"line":4},"4":{"name":"fulfilled","decl":{"start":{"line":5,"column":17},"end":{"line":5,"column":26}},"loc":{"start":{"line":5,"column":34},"end":{"line":5,"column":99}},"line":5},"5":{"name":"rejected","decl":{"start":{"line":6,"column":17},"end":{"line":6,"column":25}},"loc":{"start":{"line":6,"column":33},"end":{"line":6,"column":102}},"line":6},"6":{"name":"step","decl":{"start":{"line":7,"column":17},"end":{"line":7,"column":21}},"loc":{"start":{"line":7,"column":30},"end":{"line":7,"column":118}},"line":7},"7":{"name":"(anonymous_7)","decl":{"start":{"line":11,"column":56},"end":{"line":11,"column":57}},"loc":{"start":{"line":11,"column":71},"end":{"line":13,"column":1}},"line":11},"8":{"name":"(anonymous_8)","decl":{"start":{"line":47,"column":13},"end":{"line":47,"column":14}},"loc":{"start":{"line":47,"column":20},"end":{"line":47,"column":29}},"line":47},"9":{"name":"connectMongo","decl":{"start":{"line":65,"column":9},"end":{"line":65,"column":21}},"loc":{"start":{"line":65,"column":24},"end":{"line":87,"column":1}},"line":65},"10":{"name":"(anonymous_10)","decl":{"start":{"line":66,"column":43},"end":{"line":66,"column":44}},"loc":{"start":{"line":66,"column":56},"end":{"line":86,"column":5}},"line":66}},"branchMap":{"0":{"loc":{"start":{"line":2,"column":16},"end":{"line":10,"column":1}},"type":"binary-expr","locations":[{"start":{"line":2,"column":17},"end":{"line":2,"column":21}},{"start":{"line":2,"column":25},"end":{"line":2,"column":39}},{"start":{"line":2,"column":44},"end":{"line":10,"column":1}}],"line":2},"1":{"loc":{"start":{"line":3,"column":35},"end":{"line":3,"column":109}},"type":"cond-expr","locations":[{"start":{"line":3,"column":56},"end":{"line":3,"column":61}},{"start":{"line":3,"column":64},"end":{"line":3,"column":109}}],"line":3},"2":{"loc":{"start":{"line":4,"column":16},"end":{"line":4,"column":34}},"type":"binary-expr","locations":[{"start":{"line":4,"column":16},"end":{"line":4,"column":17}},{"start":{"line":4,"column":22},"end":{"line":4,"column":33}}],"line":4},"3":{"loc":{"start":{"line":7,"column":32},"end":{"line":7,"column":115}},"type":"cond-expr","locations":[{"start":{"line":7,"column":46},"end":{"line":7,"column":67}},{"start":{"line":7,"column":70},"end":{"line":7,"column":115}}],"line":7},"4":{"loc":{"start":{"line":8,"column":51},"end":{"line":8,"column":67}},"type":"binary-expr","locations":[{"start":{"line":8,"column":51},"end":{"line":8,"column":61}},{"start":{"line":8,"column":65},"end":{"line":8,"column":67}}],"line":8},"5":{"loc":{"start":{"line":11,"column":22},"end":{"line":13,"column":1}},"type":"binary-expr","locations":[{"start":{"line":11,"column":23},"end":{"line":11,"column":27}},{"start":{"line":11,"column":31},"end":{"line":11,"column":51}},{"start":{"line":11,"column":56},"end":{"line":13,"column":1}}],"line":11},"6":{"loc":{"start":{"line":12,"column":11},"end":{"line":12,"column":61}},"type":"cond-expr","locations":[{"start":{"line":12,"column":37},"end":{"line":12,"column":40}},{"start":{"line":12,"column":43},"end":{"line":12,"column":61}}],"line":12},"7":{"loc":{"start":{"line":12,"column":12},"end":{"line":12,"column":33}},"type":"binary-expr","locations":[{"start":{"line":12,"column":12},"end":{"line":12,"column":15}},{"start":{"line":12,"column":19},"end":{"line":12,"column":33}}],"line":12},"8":{"loc":{"start":{"line":45,"column":0},"end":{"line":49,"column":1}},"type":"if","locations":[{"start":{"line":45,"column":0},"end":{"line":49,"column":1}},{"start":{},"end":{}}],"line":45},"9":{"loc":{"start":{"line":68,"column":8},"end":{"line":71,"column":9}},"type":"if","locations":[{"start":{"line":68,"column":8},"end":{"line":71,"column":9}},{"start":{},"end":{}}],"line":68}},"s":{"0":1,"1":0,"2":0,"3":0,"4":0,"5":0,"6":0,"7":0,"8":0,"9":0,"10":0,"11":0,"12":1,"13":3,"14":1,"15":1,"16":1,"17":1,"18":1,"19":1,"20":1,"21":1,"22":1,"23":0,"24":0,"25":1,"26":1,"27":0,"28":0,"29":0,"30":0,"31":0,"32":0,"33":0,"34":0,"35":0,"36":0,"37":0,"38":0,"39":0,"40":1},"f":{"0":0,"1":0,"2":0,"3":0,"4":0,"5":0,"6":0,"7":3,"8":0,"9":0,"10":0},"b":{"0":[1,1,1],"1":[0,0],"2":[0,0],"3":[0,0],"4":[0,0],"5":[1,1,1],"6":[1,2],"7":[3,3],"8":[0,1],"9":[0,0]},"inputSourceMap":{"version":3,"file":"D:/projects/github-pr-analytics/src/utils/config.ts","sources":["D:/projects/github-pr-analytics/src/utils/config.ts"],"names":[],"mappings":";;;;;;;;;;;;;;;AA8DA,oCAmBC;AAjFD,wBAAwB;AACxB,8CAAsB;AACtB,wDAAgC;AAEhC,wBAAwB;AACxB,sDAA8B;AAE9B,4CAA4C;AAC5C,MAAM,SAAS,GAAG,aAAG,CAAC,MAAM,CAAC;IAC3B,SAAS,EAAE,aAAG,CAAC,MAAM,EAAE,CAAC,GAAG,EAAE,CAAC,QAAQ,EAAE,CAAC,QAAQ,CAAC;QAChD,cAAc,EAAE,uBAAuB;QACvC,YAAY,EAAE,+BAA+B;KAC9C,CAAC;IAEF,cAAc,EAAE,aAAG,CAAC,MAAM,EAAE,CAAC,GAAG,EAAE,CAAC,MAAM,CAAC,EAAE,CAAC,CAAC,QAAQ,EAAE,CAAC,QAAQ,CAAC;QAChE,cAAc,EAAE,4BAA4B;QAC5C,eAAe,EAAE,kDAAkD;KACpE,CAAC;IAEF,IAAI,EAAE,aAAG,CAAC,MAAM,EAAE,CAAC,IAAI,EAAE,CAAC,OAAO,CAAC,IAAI,CAAC;IAEvC,SAAS,EAAE,aAAG,CAAC,MAAM,EAAE;SACpB,KAAK,CAAC,OAAO,EAAE,MAAM,EAAE,MAAM,EAAE,OAAO,EAAE,OAAO,CAAC;SAChD,OAAO,CAAC,MAAM,CAAC;IAElB,eAAe,EAAE,aAAG,CAAC,MAAM,EAAE,CAAC,GAAG,EAAE,CAAC,OAAO,CAAC,wBAAwB,CAAC;IAErE,WAAW,EAAE,aAAG,CAAC,MAAM,EAAE;SACtB,OAAO,CAAC,GAAG,CAAC;SACZ,QAAQ,CAAC,EAAE,aAAa,EAAE,8BAA8B,EAAE,CAAC;CAC/D,CAAC,CAAC,OAAO,CAAC,IAAI,CAAC,CAAC,CAAC,uBAAuB;AAEzC,sCAAsC;AACtC,MAAM,EAAE,KAAK,EAAE,OAAO,EAAE,KAAK,EAAE,GAAG,SAAS,CAAC,QAAQ,CAAC,OAAO,CAAC,GAAG,EAAE;IAChE,UAAU,EAAE,KAAK,EAAE,oCAAoC;CACxD,CAAC,CAAC;AAEH,IAAI,KAAK,EAAE,CAAC;IACV,MAAM,IAAI,KAAK,CACb,iCAAiC,KAAK,CAAC,OAAO;SAC3C,GAAG,CAAC,CAAC,CAAC,EAAE,EAAE,CAAC,CAAC,CAAC,OAAO,CAAC;SACrB,IAAI,CAAC,IAAI,CAAC,EAAE,CAChB,CAAC;AACJ,CAAC;AAED,oCAAoC;AACvB,QAAA,MAAM,GAAG;IACpB,QAAQ,EAAE,OAAO,CAAC,SAAmB;IACrC,aAAa,EAAE,OAAO,CAAC,cAAwB;IAC/C,IAAI,EAAE,OAAO,CAAC,IAAc;IAC5B,QAAQ,EAAE,OAAO,CAAC,SAAmB;IACrC,aAAa,EAAE,OAAO,CAAC,eAAyB;IAChD,UAAU,EAAE,OAAO,CAAC,WAAqB;CAC1C,CAAC;AAEF,IAAI,YAAY,GAAG,KAAK,CAAC;AAEzB;;;;GAIG;AACH,SAAsB,YAAY;;QAChC,gBAAM,CAAC,IAAI,CAAC,oBAAoB,CAAC,CAAC;QAClC,IAAI,YAAY,EAAE,CAAC;YACjB,gBAAM,CAAC,IAAI,CAAC,oBAAoB,CAAC,CAAC;YAClC,OAAO,IAAI,CAAC;QACd,CAAC;QACD,IAAI,CAAC;YACH,MAAM,GAAG,GAAG,cAAM,CAAC,QAAkB,CAAC;YACtC,MAAM,kBAAQ,CAAC,OAAO,CAAC,GAAG,EAAE;gBAC1B,eAAe,EAAE,IAAI;gBACrB,kBAAkB,EAAE,IAAI;aACE,CAAC,CAAC;YAC9B,YAAY,GAAG,IAAI,CAAC;YACpB,gBAAM,CAAC,IAAI,CAAC,uBAAuB,CAAC,CAAC;YACrC,OAAO,IAAI,CAAC;QACd,CAAC;QAAC,OAAO,GAAG,EAAE,CAAC;YACb,gBAAM,CAAC,KAAK,CAAC,kBAAkB,EAAE,GAAG,CAAC,CAAC;YACtC,OAAO,KAAK,CAAC;QACf,CAAC;IACH,CAAC;CAAA;AAED,kBAAe,kBAAQ,CAAC","sourcesContent":["// external dependencies\r\nimport Joi from \"joi\";\r\nimport mongoose from \"mongoose\";\r\n\r\n// internal dependencies\r\nimport logger from \"./logger\";\r\n\r\n// schema for expected environment variables\r\nconst envSchema = Joi.object({\r\n  MONGO_URI: Joi.string().uri().required().messages({\r\n    \"any.required\": \"MONGO_URI is required\",\r\n    \"string.uri\": \"MONGO_URI must be a valid URI\",\r\n  }),\r\n\r\n  ENCRYPTION_KEY: Joi.string().hex().length(64).required().messages({\r\n    \"any.required\": \"ENCRYPTION_KEY is required\",\r\n    \"string.length\": \"ENCRYPTION_KEY must be a 64-character hex string\",\r\n  }),\r\n\r\n  PORT: Joi.number().port().default(3000),\r\n\r\n  LOG_LEVEL: Joi.string()\r\n    .valid(\"error\", \"warn\", \"info\", \"debug\", \"trace\")\r\n    .default(\"info\"),\r\n\r\n  GITHUB_BASE_URL: Joi.string().uri().default(\"https://api.github.com\"),\r\n\r\n  CORS_ORIGIN: Joi.string()\r\n    .default(\"*\")\r\n    .messages({ \"string.base\": \"CORS_ORIGIN must be a string\" }),\r\n}).unknown(true); // allow other env vars\r\n\r\n// Validate process.env against schema\r\nconst { value: envVars, error } = envSchema.validate(process.env, {\r\n  abortEarly: false, // report all missing/invalid fields\r\n});\r\n\r\nif (error) {\r\n  throw new Error(\r\n    `Environment validation error: ${error.details\r\n      .map((d) => d.message)\r\n      .join(\", \")}`\r\n  );\r\n}\r\n\r\n// Export a structured config object\r\nexport const config = {\r\n  mongoUri: envVars.MONGO_URI as string,\r\n  encryptionKey: envVars.ENCRYPTION_KEY as string,\r\n  port: envVars.PORT as number,\r\n  logLevel: envVars.LOG_LEVEL as string,\r\n  githubBaseUrl: envVars.GITHUB_BASE_URL as string,\r\n  corsOrigin: envVars.CORS_ORIGIN as string,\r\n};\r\n\r\nlet _isConnected = false;\r\n\r\n/**\r\n * Method to connect mongodb, it checks for MONGO_URL env var\r\n *\r\n * @returns the connection status\r\n */\r\nexport async function connectMongo() {\r\n  logger.info(\"Connecting mongodb\");\r\n  if (_isConnected) {\r\n    logger.info(\"Already connected!\");\r\n    return true;\r\n  }\r\n  try {\r\n    const url = config.mongoUri as string;\r\n    await mongoose.connect(url, {\r\n      useNewUrlParser: true,\r\n      useUnifiedTopology: true,\r\n    } as mongoose.ConnectOptions);\r\n    _isConnected = true;\r\n    logger.info(\"connection successful\");\r\n    return true;\r\n  } catch (err) {\r\n    logger.error(\"Something failed\", err);\r\n    return false;\r\n  }\r\n}\r\n\r\nexport default mongoose;\r\n"]},"_coverageSchema":"1a1c01bbd47fc00a2c39e90264f33305004495a9","hash":"9483b14bc59d90a2fae78248a557ffce90f92d45","contentHash":"e24960df8033abaec2f45d9961dbca1add95fd725a9f11736c66419be06e721e"},"D:\\projects\\github-pr-analytics\\src\\routes\\prRoutes.ts":{"path":"D:\\projects\\github-pr-analytics\\src\\routes\\prRoutes.ts","statementMap":{"0":{"start":{"line":2,"column":22},"end":{"line":4,"column":1}},"1":{"start":{"line":3,"column":4},"end":{"line":3,"column":62}},"2":{"start":{"line":5,"column":0},"end":{"line":5,"column":62}},"3":{"start":{"line":7,"column":18},"end":{"line":7,"column":53}},"4":{"start":{"line":9,"column":20},"end":{"line":9,"column":50}},"5":{"start":{"line":10,"column":23},"end":{"line":10,"column":61}},"6":{"start":{"line":11,"column":25},"end":{"line":11,"column":65}},"7":{"start":{"line":12,"column":23},"end":{"line":12,"column":61}},"8":{"start":{"line":13,"column":17},"end":{"line":13,"column":49}},"9":{"start":{"line":14,"column":26},"end":{"line":14,"column":67}},"10":{"start":{"line":15,"column":15},"end":{"line":15,"column":41}},"11":{"start":{"line":18,"column":0},"end":{"line":18,"column":214}},"12":{"start":{"line":21,"column":0},"end":{"line":21,"column":229}},"13":{"start":{"line":22,"column":0},"end":{"line":22,"column":25}}},"fnMap":{"0":{"name":"(anonymous_0)","decl":{"start":{"line":2,"column":56},"end":{"line":2,"column":57}},"loc":{"start":{"line":2,"column":71},"end":{"line":4,"column":1}},"line":2}},"branchMap":{"0":{"loc":{"start":{"line":2,"column":22},"end":{"line":4,"column":1}},"type":"binary-expr","locations":[{"start":{"line":2,"column":23},"end":{"line":2,"column":27}},{"start":{"line":2,"column":31},"end":{"line":2,"column":51}},{"start":{"line":2,"column":56},"end":{"line":4,"column":1}}],"line":2},"1":{"loc":{"start":{"line":3,"column":11},"end":{"line":3,"column":61}},"type":"cond-expr","locations":[{"start":{"line":3,"column":37},"end":{"line":3,"column":40}},{"start":{"line":3,"column":43},"end":{"line":3,"column":61}}],"line":3},"2":{"loc":{"start":{"line":3,"column":12},"end":{"line":3,"column":33}},"type":"binary-expr","locations":[{"start":{"line":3,"column":12},"end":{"line":3,"column":15}},{"start":{"line":3,"column":19},"end":{"line":3,"column":33}}],"line":3}},"s":{"0":1,"1":1,"2":1,"3":1,"4":1,"5":1,"6":1,"7":1,"8":1,"9":1,"10":0,"11":0,"12":0,"13":0},"f":{"0":1},"b":{"0":[1,1,1],"1":[0,1],"2":[1,1]},"inputSourceMap":{"version":3,"file":"D:/projects/github-pr-analytics/src/routes/prRoutes.ts","sources":["D:/projects/github-pr-analytics/src/routes/prRoutes.ts"],"names":[],"mappings":";;;;;AAAA,wBAAwB;AACxB,sDAA0C;AAE1C,wBAAwB;AACxB,mDAAoD;AACpD,8DAA8D;AAC9D,kEAAoE;AACpE,8DAGqC;AACrC,kDAAiE;AACjE,oEAAiE;AAEjE,MAAM,MAAM,GAAW,iBAAO,CAAC,MAAM,EAAE,CAAC;AAExC,0DAA0D;AAC1D,4FAA4F;AAC5F,MAAM,CAAC,GAAG,CACR,yBAAa,CAAC,GAAG,CAAC,IAAI,EACtB,oCAAmB,EACnB,IAAA,iCAAe,EAAC,kBAAS,CAAC,EAC1B,8BAAe,EACf,mCAAoB,CACrB,CAAC;AAEF,sEAAsE;AACtE,wDAAwD;AACxD,MAAM,CAAC,GAAG,CACR,yBAAa,CAAC,GAAG,CAAC,OAAO,EACzB,oCAAmB,EACnB,IAAA,iCAAe,EAAC,sBAAa,CAAC,EAC9B,8BAAe,EACf,2CAA4B,CAC7B,CAAC;AAEF,kBAAe,MAAM,CAAC","sourcesContent":["// external dependencies\r\nimport express, { Router } from \"express\";\r\n\r\n// internal dependencies\r\nimport { API_ENDPOINTS } from \"../common/constants\";\r\nimport { checkUserExists } from \"../middlewares/validateUser\";\r\nimport { authenticateWithPAT } from \"../middlewares/authMiddleware\";\r\nimport {\r\n  getOpenPRsController,\r\n  getPRTimingMetricsController,\r\n} from \"../controllers/prController\";\r\nimport { GetPrsDto, GetMetricsDto } from \"../common/dtos/pr.dto\";\r\nimport { validateRequest } from \"../middlewares/validateRequest\";\r\n\r\nconst router: Router = express.Router();\r\n\r\n// GET /prs/:developer/open - Get open PRs for a developer\r\n// this route provides open pull requests for a developer, optionally filtered by repository\r\nrouter.get(\r\n  API_ENDPOINTS.PRS.OPEN,\r\n  authenticateWithPAT,\r\n  validateRequest(GetPrsDto),\r\n  checkUserExists,\r\n  getOpenPRsController\r\n);\r\n\r\n// GET /prs/metrics/:developer - Get PR timing metrics for a developer\r\n// this route provides PR timing metrics for a developer\r\nrouter.get(\r\n  API_ENDPOINTS.PRS.METRICS,\r\n  authenticateWithPAT,\r\n  validateRequest(GetMetricsDto),\r\n  checkUserExists,\r\n  getPRTimingMetricsController\r\n);\r\n\r\nexport default router;\r\n"]},"_coverageSchema":"1a1c01bbd47fc00a2c39e90264f33305004495a9","hash":"3f7575c26b8facee7f6b939de3b69b85ac8de50b","contentHash":"3ab3579a13aad60ff63e1beae996a516bd293fe7a9fab4e3ab15cbfc98651587"},"D:\\projects\\github-pr-analytics\\src\\common\\constants.ts":{"path":"D:\\projects\\github-pr-analytics\\src\\common\\constants.ts","statementMap":{"0":{"start":{"line":2,"column":0},"end":{"line":2,"column":62}},"1":{"start":{"line":3,"column":0},"end":{"line":3,"column":260}},"2":{"start":{"line":5,"column":0},"end":{"line":8,"column":3}},"3":{"start":{"line":10,"column":0},"end":{"line":22,"column":3}},"4":{"start":{"line":24,"column":0},"end":{"line":38,"column":3}},"5":{"start":{"line":40,"column":0},"end":{"line":40,"column":55}},"6":{"start":{"line":42,"column":0},"end":{"line":45,"column":3}},"7":{"start":{"line":47,"column":0},"end":{"line":50,"column":3}},"8":{"start":{"line":52,"column":0},"end":{"line":52,"column":28}},"9":{"start":{"line":54,"column":0},"end":{"line":67,"column":3}},"10":{"start":{"line":69,"column":0},"end":{"line":75,"column":54}},"11":{"start":{"line":70,"column":4},"end":{"line":70,"column":47}},"12":{"start":{"line":71,"column":4},"end":{"line":71,"column":41}},"13":{"start":{"line":72,"column":4},"end":{"line":72,"column":43}},"14":{"start":{"line":73,"column":4},"end":{"line":73,"column":49}},"15":{"start":{"line":74,"column":4},"end":{"line":74,"column":37}},"16":{"start":{"line":77,"column":0},"end":{"line":81,"column":3}}},"fnMap":{"0":{"name":"(anonymous_0)","decl":{"start":{"line":69,"column":1},"end":{"line":69,"column":2}},"loc":{"start":{"line":69,"column":22},"end":{"line":75,"column":1}},"line":69}},"branchMap":{"0":{"loc":{"start":{"line":75,"column":3},"end":{"line":75,"column":52}},"type":"binary-expr","locations":[{"start":{"line":75,"column":3},"end":{"line":75,"column":12}},{"start":{"line":75,"column":17},"end":{"line":75,"column":51}}],"line":75}},"s":{"0":1,"1":1,"2":1,"3":1,"4":1,"5":1,"6":1,"7":1,"8":1,"9":1,"10":1,"11":1,"12":1,"13":1,"14":1,"15":1,"16":1},"f":{"0":1},"b":{"0":[1,1]},"inputSourceMap":{"version":3,"file":"D:/projects/github-pr-analytics/src/common/constants.ts","sources":["D:/projects/github-pr-analytics/src/common/constants.ts"],"names":[],"mappings":";;;AAAA,gDAAgD;AACnC,QAAA,kBAAkB,GAAG,MAAM,CAAC,MAAM,CAAC;IAC9C,KAAK,EAAE,EAAE;IACT,IAAI,EAAE,CAAC;CACR,CAAC,CAAC;AAEH,6BAA6B;AAChB,QAAA,QAAQ,GAAG,MAAM,CAAC,MAAM,CAAC;IACpC,SAAS,EAAE,IAAI;IACf,qBAAqB,EAAE,uBAAuB;IAC9C,aAAa,EAAE,iDAAiD;IAChE,aAAa,EAAE,kCAAkC;IACjD,YAAY,EAAE,4BAA4B;IAC1C,WAAW,EAAE,qBAAqB;IAClC,YAAY,EAAE,2BAA2B;IACzC,YAAY,EAAE,2BAA2B;IACzC,cAAc,EAAE,gBAAgB;IAChC,iBAAiB,EAAE,gCAAgC;IACnD,iBAAiB,EAAE,8BAA8B;CAClD,CAAC,CAAC;AAEH,yBAAyB;AACZ,QAAA,YAAY,GAA2B,MAAM,CAAC,MAAM,CAAC;IAChE,EAAE,EAAE,GAAG;IACP,OAAO,EAAE,GAAG;IACZ,OAAO,EAAE,GAAG;IACZ,SAAS,EAAE,GAAG;IACd,YAAY,EAAE,GAAG;IACjB,SAAS,EAAE,GAAG;IACd,qBAAqB,EAAE,GAAG;IAC1B,WAAW,EAAE,GAAG;IAChB,QAAQ,EAAE,GAAG;IACb,oBAAoB,EAAE,GAAG;IACzB,iBAAiB,EAAE,GAAG;IACtB,mBAAmB,EAAE,GAAG;IACxB,eAAe,EAAE,GAAG;CACrB,CAAC,CAAC;AAEH,sBAAsB;AACT,QAAA,mBAAmB,GAAG,wBAAwB,CAAC;AAE5D,0CAA0C;AAC7B,QAAA,kBAAkB,GAAG,MAAM,CAAC,MAAM,CAAC;IAC9C,MAAM,EAAE,gCAAgC;IACxC,cAAc,EAAE,kBAAkB;CACnC,CAAC,CAAC;AAEH,iCAAiC;AACpB,QAAA,qBAAqB,GAAG,MAAM,CAAC,MAAM,CAAC;IACjD,YAAY,EAAE,IAAI,EAAE,sCAAsC;IAC1D,UAAU,EAAE,IAAI,EAAI,mBAAmB;CACxC,CAAC,CAAC;AAEH,0CAA0C;AAC7B,QAAA,YAAY,GAAG,IAAI,CAAC;AAEjC,6CAA6C;AAChC,QAAA,aAAa,GAAG,MAAM,CAAC,MAAM,CAAC;IACzC,YAAY,EAAE,SAAS;IACvB,GAAG,EAAE,MAAM;IACX,IAAI,EAAE,OAAO;IACb,GAAG,EAAE,MAAM,CAAC,MAAM,CAAC;QACjB,IAAI,EAAE,sBAAsB;QAC5B,OAAO,EAAE,yBAAyB;QAClC,SAAS,EAAE,gBAAgB;KAC5B,CAAC;IACF,IAAI,EAAE,QAAQ;IACd,MAAM,EAAE,MAAM,CAAC,MAAM,CAAC;QACpB,MAAM,EAAE,gBAAgB;KACzB,CAAC;CACH,CAAC,CAAC;AAEH,IAAY,SAMX;AAND,WAAY,SAAS;IACnB,0CAA6B,CAAA;IAC7B,oCAAuB,CAAA;IACvB,sCAAyB,CAAA;IACzB,4CAA+B,CAAA;IAC/B,gCAAmB,CAAA;AACrB,CAAC,EANW,SAAS,yBAAT,SAAS,QAMpB;AAED,2CAA2C;AAC9B,QAAA,aAAa,GAAG,MAAM,CAAC,MAAM,CAAC;IACzC,IAAI,EAAE,MAAM;IACZ,MAAM,EAAE,QAAQ;IAChB,MAAM,EAAE,QAAQ;CACjB,CAAC,CAAC","sourcesContent":["// default pagination settings for API endpoints\r\nexport const DEFAULT_PAGINATION = Object.freeze({\r\n  LIMIT: 10,\r\n  PAGE: 1,\r\n});\r\n\r\n// common error messages used\r\nexport const MESSAGES = Object.freeze({\r\n  STATUS_OK: 'OK',\r\n  INTERNAL_SERVER_ERROR: 'Internal Server Error',\r\n  MISSING_TOKEN: 'GitHub Personal Access Token (PAT) is required.',\r\n  INVALID_TOKEN: 'Invalid or expired GitHub token.',\r\n  AUTH_SUCCESS: 'Authenticated successfully',\r\n  USER_EXISTS: 'User already exists',\r\n  USER_CREATED: 'User created successfully',\r\n  USER_DELETED: 'User deleted successfully',\r\n  USER_NOT_FOUND: 'User not found',\r\n  MISSING_DEVELOPER: 'Developer username is required',\r\n  UNAUTHORIZED_USER: 'Unauthorized GitHub username',\r\n});\r\n\r\n// HTTP status codes used\r\nexport const STATUS_CODES: Record<string, number> = Object.freeze({\r\n  OK: 200,\r\n  CREATED: 201,\r\n  DELETED: 204,\r\n  NOT_FOUND: 404,\r\n  UNAUTHORIZED: 401,\r\n  FORBIDDEN: 403,\r\n  INTERNAL_SERVER_ERROR: 500,\r\n  BAD_REQUEST: 400,\r\n  CONFLICT: 409,\r\n  UNPROCESSABLE_ENTITY: 422,\r\n  TOO_MANY_REQUESTS: 429,\r\n  SERVICE_UNAVAILABLE: 503,\r\n  GATEWAY_TIMEOUT: 504,\r\n});\r\n\r\n// gitHub API base URL\r\nexport const GITHUB_API_BASE_URL = \"https://api.github.com\";\r\n\r\n// default headers for GitHub API requests\r\nexport const GITHUB_API_HEADERS = Object.freeze({\r\n  Accept: \"application/vnd.github.v3+json\",\r\n  \"Content-Type\": \"application/json\",\r\n});\r\n\r\n// gitHub API rate limit settings\r\nexport const GITHUB_API_RATE_LIMIT = Object.freeze({\r\n  MAX_REQUESTS: 5000, // per hour for authenticated requests\r\n  RESET_TIME: 3600,   // seconds (1 hour)\r\n});\r\n\r\n// default port for the application server\r\nexport const DEFAULT_PORT = 3000;\r\n\r\n// API endpoint paths used in the application\r\nexport const API_ENDPOINTS = Object.freeze({\r\n  HEALTH_CHECK: \"/health\",\r\n  API: \"/api\",\r\n  AUTH: \"/auth\",\r\n  PRS: Object.freeze({\r\n    OPEN: \"/prs/:developer/open\",\r\n    METRICS: \"/prs/metrics/:developer\",\r\n    ANALYTICS: \"/prs/analytics\"\r\n  }),\r\n  USER: \"/users\",\r\n  SEARCH: Object.freeze({\r\n    ISSUES: \"/search/issues\"\r\n  })\r\n});\r\n\r\nexport enum DB_STATES {\r\n  DISCONNECTED = \"disconnected\",\r\n  CONNECTED = \"connected\",\r\n  CONNECTING = \"connecting\",\r\n  DISCONNECTING = \"disconnecting\",\r\n  UNKNOWN = \"unknown\"\r\n}\r\n\r\n// possible states for GitHub pull requests\r\nexport const GITHUB_STATES = Object.freeze({\r\n  OPEN: \"open\",\r\n  CLOSED: \"closed\",\r\n  MERGED: \"merged\"\r\n});\r\n"]},"_coverageSchema":"1a1c01bbd47fc00a2c39e90264f33305004495a9","hash":"7e8aedc06e2f810058b72b2d00df96890bf9edff","contentHash":"395088a33a74c13088bd9cd2f0de5005df2303cc4b356d157add7ad0a2d4b408"},"D:\\projects\\github-pr-analytics\\src\\middlewares\\validateUser.ts":{"path":"D:\\projects\\github-pr-analytics\\src\\middlewares\\validateUser.ts","statementMap":{"0":{"start":{"line":2,"column":16},"end":{"line":10,"column":1}},"1":{"start":{"line":3,"column":28},"end":{"line":3,"column":110}},"2":{"start":{"line":3,"column":91},"end":{"line":3,"column":106}},"3":{"start":{"line":4,"column":4},"end":{"line":9,"column":7}},"4":{"start":{"line":5,"column":36},"end":{"line":5,"column":97}},"5":{"start":{"line":5,"column":42},"end":{"line":5,"column":70}},"6":{"start":{"line":5,"column":85},"end":{"line":5,"column":95}},"7":{"start":{"line":6,"column":35},"end":{"line":6,"column":100}},"8":{"start":{"line":6,"column":41},"end":{"line":6,"column":73}},"9":{"start":{"line":6,"column":88},"end":{"line":6,"column":98}},"10":{"start":{"line":7,"column":32},"end":{"line":7,"column":116}},"11":{"start":{"line":8,"column":8},"end":{"line":8,"column":78}},"12":{"start":{"line":11,"column":22},"end":{"line":13,"column":1}},"13":{"start":{"line":12,"column":4},"end":{"line":12,"column":62}},"14":{"start":{"line":14,"column":0},"end":{"line":14,"column":62}},"15":{"start":{"line":15,"column":0},"end":{"line":15,"column":33}},"16":{"start":{"line":17,"column":15},"end":{"line":17,"column":57}},"17":{"start":{"line":18,"column":20},"end":{"line":18,"column":50}},"18":{"start":{"line":27,"column":24},"end":{"line":46,"column":2}},"19":{"start":{"line":27,"column":44},"end":{"line":46,"column":2}},"20":{"start":{"line":28,"column":4},"end":{"line":45,"column":5}},"21":{"start":{"line":29,"column":25},"end":{"line":29,"column":68}},"22":{"start":{"line":30,"column":8},"end":{"line":33,"column":9}},"23":{"start":{"line":31,"column":12},"end":{"line":31,"column":117}},"24":{"start":{"line":32,"column":12},"end":{"line":32,"column":19}},"25":{"start":{"line":34,"column":21},"end":{"line":34,"column":63}},"26":{"start":{"line":35,"column":8},"end":{"line":38,"column":9}},"27":{"start":{"line":36,"column":12},"end":{"line":36,"column":112}},"28":{"start":{"line":37,"column":12},"end":{"line":37,"column":19}},"29":{"start":{"line":40,"column":8},"end":{"line":40,"column":15}},"30":{"start":{"line":43,"column":20},"end":{"line":43,"column":25}},"31":{"start":{"line":44,"column":8},"end":{"line":44,"column":142}},"32":{"start":{"line":47,"column":0},"end":{"line":47,"column":42}}},"fnMap":{"0":{"name":"(anonymous_0)","decl":{"start":{"line":2,"column":44},"end":{"line":2,"column":45}},"loc":{"start":{"line":2,"column":89},"end":{"line":10,"column":1}},"line":2},"1":{"name":"adopt","decl":{"start":{"line":3,"column":13},"end":{"line":3,"column":18}},"loc":{"start":{"line":3,"column":26},"end":{"line":3,"column":112}},"line":3},"2":{"name":"(anonymous_2)","decl":{"start":{"line":3,"column":70},"end":{"line":3,"column":71}},"loc":{"start":{"line":3,"column":89},"end":{"line":3,"column":108}},"line":3},"3":{"name":"(anonymous_3)","decl":{"start":{"line":4,"column":36},"end":{"line":4,"column":37}},"loc":{"start":{"line":4,"column":63},"end":{"line":9,"column":5}},"line":4},"4":{"name":"fulfilled","decl":{"start":{"line":5,"column":17},"end":{"line":5,"column":26}},"loc":{"start":{"line":5,"column":34},"end":{"line":5,"column":99}},"line":5},"5":{"name":"rejected","decl":{"start":{"line":6,"column":17},"end":{"line":6,"column":25}},"loc":{"start":{"line":6,"column":33},"end":{"line":6,"column":102}},"line":6},"6":{"name":"step","decl":{"start":{"line":7,"column":17},"end":{"line":7,"column":21}},"loc":{"start":{"line":7,"column":30},"end":{"line":7,"column":118}},"line":7},"7":{"name":"(anonymous_7)","decl":{"start":{"line":11,"column":56},"end":{"line":11,"column":57}},"loc":{"start":{"line":11,"column":71},"end":{"line":13,"column":1}},"line":11},"8":{"name":"(anonymous_8)","decl":{"start":{"line":27,"column":24},"end":{"line":27,"column":25}},"loc":{"start":{"line":27,"column":44},"end":{"line":46,"column":2}},"line":27},"9":{"name":"(anonymous_9)","decl":{"start":{"line":27,"column":78},"end":{"line":27,"column":79}},"loc":{"start":{"line":27,"column":91},"end":{"line":46,"column":1}},"line":27}},"branchMap":{"0":{"loc":{"start":{"line":2,"column":16},"end":{"line":10,"column":1}},"type":"binary-expr","locations":[{"start":{"line":2,"column":17},"end":{"line":2,"column":21}},{"start":{"line":2,"column":25},"end":{"line":2,"column":39}},{"start":{"line":2,"column":44},"end":{"line":10,"column":1}}],"line":2},"1":{"loc":{"start":{"line":3,"column":35},"end":{"line":3,"column":109}},"type":"cond-expr","locations":[{"start":{"line":3,"column":56},"end":{"line":3,"column":61}},{"start":{"line":3,"column":64},"end":{"line":3,"column":109}}],"line":3},"2":{"loc":{"start":{"line":4,"column":16},"end":{"line":4,"column":34}},"type":"binary-expr","locations":[{"start":{"line":4,"column":16},"end":{"line":4,"column":17}},{"start":{"line":4,"column":22},"end":{"line":4,"column":33}}],"line":4},"3":{"loc":{"start":{"line":7,"column":32},"end":{"line":7,"column":115}},"type":"cond-expr","locations":[{"start":{"line":7,"column":46},"end":{"line":7,"column":67}},{"start":{"line":7,"column":70},"end":{"line":7,"column":115}}],"line":7},"4":{"loc":{"start":{"line":8,"column":51},"end":{"line":8,"column":67}},"type":"binary-expr","locations":[{"start":{"line":8,"column":51},"end":{"line":8,"column":61}},{"start":{"line":8,"column":65},"end":{"line":8,"column":67}}],"line":8},"5":{"loc":{"start":{"line":11,"column":22},"end":{"line":13,"column":1}},"type":"binary-expr","locations":[{"start":{"line":11,"column":23},"end":{"line":11,"column":27}},{"start":{"line":11,"column":31},"end":{"line":11,"column":51}},{"start":{"line":11,"column":56},"end":{"line":13,"column":1}}],"line":11},"6":{"loc":{"start":{"line":12,"column":11},"end":{"line":12,"column":61}},"type":"cond-expr","locations":[{"start":{"line":12,"column":37},"end":{"line":12,"column":40}},{"start":{"line":12,"column":43},"end":{"line":12,"column":61}}],"line":12},"7":{"loc":{"start":{"line":12,"column":12},"end":{"line":12,"column":33}},"type":"binary-expr","locations":[{"start":{"line":12,"column":12},"end":{"line":12,"column":15}},{"start":{"line":12,"column":19},"end":{"line":12,"column":33}}],"line":12},"8":{"loc":{"start":{"line":29,"column":25},"end":{"line":29,"column":68}},"type":"binary-expr","locations":[{"start":{"line":29,"column":25},"end":{"line":29,"column":45}},{"start":{"line":29,"column":49},"end":{"line":29,"column":68}}],"line":29},"9":{"loc":{"start":{"line":30,"column":8},"end":{"line":33,"column":9}},"type":"if","locations":[{"start":{"line":30,"column":8},"end":{"line":33,"column":9}},{"start":{},"end":{}}],"line":30},"10":{"loc":{"start":{"line":35,"column":8},"end":{"line":38,"column":9}},"type":"if","locations":[{"start":{"line":35,"column":8},"end":{"line":38,"column":9}},{"start":{},"end":{}}],"line":35},"11":{"loc":{"start":{"line":44,"column":81},"end":{"line":44,"column":138}},"type":"binary-expr","locations":[{"start":{"line":44,"column":81},"end":{"line":44,"column":92}},{"start":{"line":44,"column":96},"end":{"line":44,"column":138}}],"line":44}},"s":{"0":1,"1":0,"2":0,"3":0,"4":0,"5":0,"6":0,"7":0,"8":0,"9":0,"10":0,"11":0,"12":1,"13":1,"14":1,"15":1,"16":1,"17":1,"18":1,"19":0,"20":0,"21":0,"22":0,"23":0,"24":0,"25":0,"26":0,"27":0,"28":0,"29":0,"30":0,"31":0,"32":1},"f":{"0":0,"1":0,"2":0,"3":0,"4":0,"5":0,"6":0,"7":1,"8":0,"9":0},"b":{"0":[1,1,1],"1":[0,0],"2":[0,0],"3":[0,0],"4":[0,0],"5":[1,1,1],"6":[1,0],"7":[1,1],"8":[0,0],"9":[0,0],"10":[0,0],"11":[0,0]},"inputSourceMap":{"version":3,"file":"D:/projects/github-pr-analytics/src/middlewares/validateUser.ts","sources":["D:/projects/github-pr-analytics/src/middlewares/validateUser.ts"],"names":[],"mappings":";;;;;;;;;;;;;;;AAGA,wBAAwB;AACxB,0DAAkC;AAElC,mDAA6D;AAE7D;;;;;;;GAOG;AACI,MAAM,eAAe,GAAG,CAC7B,GAAY,EACZ,GAAa,EACb,IAAkB,EACH,EAAE;IACjB,IAAI,CAAC;QACH,MAAM,QAAQ,GAAG,GAAG,CAAC,MAAM,CAAC,SAAS,IAAI,GAAG,CAAC,KAAK,CAAC,SAAS,CAAC;QAC7D,IAAI,CAAC,QAAQ,EAAE,CAAC;YACd,GAAG,CAAC,MAAM,CAAC,wBAAY,CAAC,WAAW,CAAC,CAAC,IAAI,CAAC,EAAE,KAAK,EAAE,oBAAQ,CAAC,iBAAiB,EAAE,CAAC,CAAC;YACjF,OAAO;QACT,CAAC;QAED,MAAM,IAAI,GAAG,MAAM,cAAI,CAAC,OAAO,CAAC,EAAE,QAAQ,EAAE,CAAC,CAAC;QAC9C,IAAI,CAAC,IAAI,EAAE,CAAC;YACV,GAAG,CAAC,MAAM,CAAC,wBAAY,CAAC,SAAS,CAAC,CAAC,IAAI,CAAC,EAAE,KAAK,EAAE,oBAAQ,CAAC,cAAc,EAAE,CAAC,CAAC;YAC5E,OAAO;QACT,CAAC;QAED,yDAAyD;QACzD,IAAI,EAAE,CAAC;IACT,CAAC;IAAC,OAAO,KAAK,EAAE,CAAC;QACf,MAAM,GAAG,GAAG,KAAiB,CAAC;QAC9B,GAAG,CAAC,MAAM,CAAC,wBAAY,CAAC,qBAAqB,CAAC,CAAC,IAAI,CAAC,EAAE,KAAK,EAAE,GAAG,CAAC,OAAO,IAAI,oBAAQ,CAAC,qBAAqB,EAAE,CAAC,CAAC;IAChH,CAAC;AACH,CAAC,CAAA,CAAC;AAxBW,QAAA,eAAe,mBAwB1B","sourcesContent":["// external dependencies\r\nimport { Request, Response, NextFunction } from \"express\";\r\n\r\n// internal dependencies\r\nimport User from \"../models/user\";\r\nimport { APIError } from \"../common/types\";\r\nimport { MESSAGES, STATUS_CODES } from \"../common/constants\";\r\n\r\n/**\r\n * Middleware to check if a developer (user) exists in the database\r\n *\r\n * @param req - express request object\r\n * @param res - express response object\r\n * @param next - next middleware function\r\n * @returns promise that resolves to void\r\n */\r\nexport const checkUserExists = async (\r\n  req: Request,\r\n  res: Response,\r\n  next: NextFunction\r\n): Promise<void> => {\r\n  try {\r\n    const userName = req.params.developer || req.query.developer;\r\n    if (!userName) {\r\n      res.status(STATUS_CODES.BAD_REQUEST).json({ error: MESSAGES.MISSING_DEVELOPER });\r\n      return;\r\n    }\r\n\r\n    const user = await User.findOne({ userName });\r\n    if (!user) {\r\n      res.status(STATUS_CODES.NOT_FOUND).json({ error: MESSAGES.USER_NOT_FOUND });\r\n      return;\r\n    }\r\n\r\n    // user exists, proceed to the next middleware/controller\r\n    next();\r\n  } catch (error) {\r\n    const err = error as APIError;\r\n    res.status(STATUS_CODES.INTERNAL_SERVER_ERROR).json({ error: err.message || MESSAGES.INTERNAL_SERVER_ERROR });\r\n  }\r\n};\r\n"]},"_coverageSchema":"1a1c01bbd47fc00a2c39e90264f33305004495a9","hash":"de34fed62147317526f5322affbf0a3ebaadc9bc","contentHash":"c7cd3c46eb3a36b71ad307959f18438092fd3008a0be32aed09dac6892e0f598"},"D:\\projects\\github-pr-analytics\\src\\models\\user.ts":{"path":"D:\\projects\\github-pr-analytics\\src\\models\\user.ts","statementMap":{"0":{"start":{"line":2,"column":22},"end":{"line":12,"column":3}},"1":{"start":{"line":3,"column":4},"end":{"line":3,"column":33}},"2":{"start":{"line":3,"column":26},"end":{"line":3,"column":33}},"3":{"start":{"line":4,"column":15},"end":{"line":4,"column":52}},"4":{"start":{"line":5,"column":4},"end":{"line":7,"column":5}},"5":{"start":{"line":6,"column":6},"end":{"line":6,"column":68}},"6":{"start":{"line":6,"column":51},"end":{"line":6,"column":63}},"7":{"start":{"line":8,"column":4},"end":{"line":8,"column":39}},"8":{"start":{"line":10,"column":4},"end":{"line":10,"column":33}},"9":{"start":{"line":10,"column":26},"end":{"line":10,"column":33}},"10":{"start":{"line":11,"column":4},"end":{"line":11,"column":17}},"11":{"start":{"line":13,"column":25},"end":{"line":17,"column":2}},"12":{"start":{"line":14,"column":4},"end":{"line":14,"column":72}},"13":{"start":{"line":16,"column":4},"end":{"line":16,"column":21}},"14":{"start":{"line":18,"column":19},"end":{"line":34,"column":4}},"15":{"start":{"line":19,"column":18},"end":{"line":26,"column":5}},"16":{"start":{"line":20,"column":8},"end":{"line":24,"column":10}},"17":{"start":{"line":21,"column":21},"end":{"line":21,"column":23}},"18":{"start":{"line":22,"column":12},"end":{"line":22,"column":95}},"19":{"start":{"line":22,"column":29},"end":{"line":22,"column":95}},"20":{"start":{"line":22,"column":77},"end":{"line":22,"column":95}},"21":{"start":{"line":23,"column":12},"end":{"line":23,"column":22}},"22":{"start":{"line":25,"column":8},"end":{"line":25,"column":26}},"23":{"start":{"line":27,"column":4},"end":{"line":33,"column":6}},"24":{"start":{"line":28,"column":8},"end":{"line":28,"column":46}},"25":{"start":{"line":28,"column":35},"end":{"line":28,"column":46}},"26":{"start":{"line":29,"column":21},"end":{"line":29,"column":23}},"27":{"start":{"line":30,"column":8},"end":{"line":30,"column":137}},"28":{"start":{"line":30,"column":25},"end":{"line":30,"column":137}},"29":{"start":{"line":30,"column":38},"end":{"line":30,"column":50}},"30":{"start":{"line":30,"column":56},"end":{"line":30,"column":57}},"31":{"start":{"line":30,"column":78},"end":{"line":30,"column":137}},"32":{"start":{"line":30,"column":102},"end":{"line":30,"column":137}},"33":{"start":{"line":31,"column":8},"end":{"line":31,"column":40}},"34":{"start":{"line":32,"column":8},"end":{"line":32,"column":22}},"35":{"start":{"line":35,"column":0},"end":{"line":35,"column":62}},"36":{"start":{"line":37,"column":19},"end":{"line":37,"column":52}},"37":{"start":{"line":39,"column":19},"end":{"line":57,"column":24}},"38":{"start":{"line":58,"column":13},"end":{"line":58,"column":57}},"39":{"start":{"line":59,"column":0},"end":{"line":59,"column":23}}},"fnMap":{"0":{"name":"(anonymous_0)","decl":{"start":{"line":2,"column":74},"end":{"line":2,"column":75}},"loc":{"start":{"line":2,"column":96},"end":{"line":9,"column":1}},"line":2},"1":{"name":"(anonymous_1)","decl":{"start":{"line":6,"column":38},"end":{"line":6,"column":39}},"loc":{"start":{"line":6,"column":49},"end":{"line":6,"column":65}},"line":6},"2":{"name":"(anonymous_2)","decl":{"start":{"line":9,"column":6},"end":{"line":9,"column":7}},"loc":{"start":{"line":9,"column":28},"end":{"line":12,"column":1}},"line":9},"3":{"name":"(anonymous_3)","decl":{"start":{"line":13,"column":80},"end":{"line":13,"column":81}},"loc":{"start":{"line":13,"column":95},"end":{"line":15,"column":1}},"line":13},"4":{"name":"(anonymous_4)","decl":{"start":{"line":15,"column":5},"end":{"line":15,"column":6}},"loc":{"start":{"line":15,"column":20},"end":{"line":17,"column":1}},"line":15},"5":{"name":"(anonymous_5)","decl":{"start":{"line":18,"column":51},"end":{"line":18,"column":52}},"loc":{"start":{"line":18,"column":63},"end":{"line":34,"column":1}},"line":18},"6":{"name":"(anonymous_6)","decl":{"start":{"line":19,"column":18},"end":{"line":19,"column":19}},"loc":{"start":{"line":19,"column":30},"end":{"line":26,"column":5}},"line":19},"7":{"name":"(anonymous_7)","decl":{"start":{"line":20,"column":48},"end":{"line":20,"column":49}},"loc":{"start":{"line":20,"column":61},"end":{"line":24,"column":9}},"line":20},"8":{"name":"(anonymous_8)","decl":{"start":{"line":27,"column":11},"end":{"line":27,"column":12}},"loc":{"start":{"line":27,"column":26},"end":{"line":33,"column":5}},"line":27}},"branchMap":{"0":{"loc":{"start":{"line":2,"column":22},"end":{"line":12,"column":3}},"type":"binary-expr","locations":[{"start":{"line":2,"column":23},"end":{"line":2,"column":27}},{"start":{"line":2,"column":31},"end":{"line":2,"column":51}},{"start":{"line":2,"column":57},"end":{"line":12,"column":2}}],"line":2},"1":{"loc":{"start":{"line":2,"column":57},"end":{"line":12,"column":2}},"type":"cond-expr","locations":[{"start":{"line":2,"column":74},"end":{"line":9,"column":1}},{"start":{"line":9,"column":6},"end":{"line":12,"column":1}}],"line":2},"2":{"loc":{"start":{"line":3,"column":4},"end":{"line":3,"column":33}},"type":"if","locations":[{"start":{"line":3,"column":4},"end":{"line":3,"column":33}},{"start":{},"end":{}}],"line":3},"3":{"loc":{"start":{"line":5,"column":4},"end":{"line":7,"column":5}},"type":"if","locations":[{"start":{"line":5,"column":4},"end":{"line":7,"column":5}},{"start":{},"end":{}}],"line":5},"4":{"loc":{"start":{"line":5,"column":8},"end":{"line":5,"column":85}},"type":"binary-expr","locations":[{"start":{"line":5,"column":8},"end":{"line":5,"column":13}},{"start":{"line":5,"column":18},"end":{"line":5,"column":84}}],"line":5},"5":{"loc":{"start":{"line":5,"column":18},"end":{"line":5,"column":84}},"type":"cond-expr","locations":[{"start":{"line":5,"column":34},"end":{"line":5,"column":47}},{"start":{"line":5,"column":50},"end":{"line":5,"column":84}}],"line":5},"6":{"loc":{"start":{"line":5,"column":50},"end":{"line":5,"column":84}},"type":"binary-expr","locations":[{"start":{"line":5,"column":50},"end":{"line":5,"column":63}},{"start":{"line":5,"column":67},"end":{"line":5,"column":84}}],"line":5},"7":{"loc":{"start":{"line":10,"column":4},"end":{"line":10,"column":33}},"type":"if","locations":[{"start":{"line":10,"column":4},"end":{"line":10,"column":33}},{"start":{},"end":{}}],"line":10},"8":{"loc":{"start":{"line":13,"column":25},"end":{"line":17,"column":2}},"type":"binary-expr","locations":[{"start":{"line":13,"column":26},"end":{"line":13,"column":30}},{"start":{"line":13,"column":34},"end":{"line":13,"column":57}},{"start":{"line":13,"column":63},"end":{"line":17,"column":1}}],"line":13},"9":{"loc":{"start":{"line":13,"column":63},"end":{"line":17,"column":1}},"type":"cond-expr","locations":[{"start":{"line":13,"column":80},"end":{"line":15,"column":1}},{"start":{"line":15,"column":5},"end":{"line":17,"column":1}}],"line":13},"10":{"loc":{"start":{"line":18,"column":19},"end":{"line":34,"column":4}},"type":"binary-expr","locations":[{"start":{"line":18,"column":20},"end":{"line":18,"column":24}},{"start":{"line":18,"column":28},"end":{"line":18,"column":45}},{"start":{"line":18,"column":50},"end":{"line":34,"column":4}}],"line":18},"11":{"loc":{"start":{"line":20,"column":18},"end":{"line":24,"column":9}},"type":"binary-expr","locations":[{"start":{"line":20,"column":18},"end":{"line":20,"column":44}},{"start":{"line":20,"column":48},"end":{"line":24,"column":9}}],"line":20},"12":{"loc":{"start":{"line":22,"column":29},"end":{"line":22,"column":95}},"type":"if","locations":[{"start":{"line":22,"column":29},"end":{"line":22,"column":95}},{"start":{},"end":{}}],"line":22},"13":{"loc":{"start":{"line":28,"column":8},"end":{"line":28,"column":46}},"type":"if","locations":[{"start":{"line":28,"column":8},"end":{"line":28,"column":46}},{"start":{},"end":{}}],"line":28},"14":{"loc":{"start":{"line":28,"column":12},"end":{"line":28,"column":33}},"type":"binary-expr","locations":[{"start":{"line":28,"column":12},"end":{"line":28,"column":15}},{"start":{"line":28,"column":19},"end":{"line":28,"column":33}}],"line":28},"15":{"loc":{"start":{"line":30,"column":8},"end":{"line":30,"column":137}},"type":"if","locations":[{"start":{"line":30,"column":8},"end":{"line":30,"column":137}},{"start":{},"end":{}}],"line":30},"16":{"loc":{"start":{"line":30,"column":78},"end":{"line":30,"column":137}},"type":"if","locations":[{"start":{"line":30,"column":78},"end":{"line":30,"column":137}},{"start":{},"end":{}}],"line":30}},"s":{"0":1,"1":53,"2":53,"3":53,"4":53,"5":52,"6":1,"7":53,"8":0,"9":0,"10":0,"11":1,"12":1,"13":0,"14":1,"15":1,"16":1,"17":0,"18":0,"19":0,"20":0,"21":0,"22":1,"23":1,"24":1,"25":0,"26":1,"27":1,"28":1,"29":1,"30":1,"31":54,"32":53,"33":1,"34":1,"35":1,"36":1,"37":1,"38":1,"39":1},"f":{"0":53,"1":1,"2":0,"3":1,"4":0,"5":1,"6":1,"7":0,"8":1},"b":{"0":[1,1,1],"1":[1,0],"2":[53,0],"3":[52,1],"4":[53,53],"5":[0,53],"6":[53,1],"7":[0,0],"8":[1,1,1],"9":[1,0],"10":[1,1,1],"11":[1,0],"12":[0,0],"13":[0,1],"14":[1,1],"15":[1,0],"16":[53,1]},"inputSourceMap":{"version":3,"file":"D:/projects/github-pr-analytics/src/models/user.ts","sources":["D:/projects/github-pr-analytics/src/models/user.ts"],"names":[],"mappings":";;;;;;;;;;;;;;;;;;;;;;;;;;;;;;;;;;;AAAA,wBAAwB;AACxB,qDAA6D;AAa7D,cAAc;AACd,MAAM,UAAU,GAAkB,IAAI,iBAAM,CAC1C;IACA,QAAQ,EAAE;QACR,IAAI,EAAE,MAAM;QACZ,QAAQ,EAAE,IAAI;QACd,MAAM,EAAE,IAAI;QACZ,IAAI,EAAE,IAAI;KACX;IACC,KAAK,EAAE;QACL,IAAI,EAAE,MAAM;QACZ,QAAQ,EAAE,KAAK;QACf,IAAI,EAAE,IAAI;QACV,SAAS,EAAE,IAAI;KAChB;IACH,YAAY,EAAE;QACZ,EAAE,EAAK,EAAE,IAAI,EAAE,MAAM,EAAE;QACvB,OAAO,EAAE,EAAE,IAAI,EAAE,MAAM,EAAE;QACzB,GAAG,EAAI,EAAE,IAAI,EAAE,MAAM,EAAE;KACxB;CACF,EACC,EAAE,UAAU,EAAE,IAAI,EAAE,CACrB,CAAC;AAEF,MAAM,IAAI,GAAiB,kBAAQ,CAAC,KAAK,CAAQ,MAAM,EAAE,UAAU,CAAC,CAAC;AACrE,kBAAe,IAAI,CAAC","sourcesContent":["// external dependencies\r\nimport mongoose, { Schema, Document, Model } from \"mongoose\";\r\n\r\n// mongoose document interface for a User\r\nexport interface IUser extends Document {\r\n  userName: string;\r\n  email?: string;\r\n  encryptedPat?: {\r\n    iv: string;\r\n    content: string;\r\n    tag: string;\r\n  };\r\n}\r\n\r\n// user schema\r\nconst userSchema: Schema<IUser> = new Schema<IUser>(\r\n  {\r\n  userName: {\r\n    type: String,\r\n    required: true,\r\n    unique: true,\r\n    trim: true\r\n  },\r\n    email: {\r\n      type: String,\r\n      required: false,\r\n      trim: true,\r\n      lowercase: true,\r\n    },\r\n  encryptedPat: {\r\n    iv:    { type: String },\r\n    content: { type: String },\r\n    tag:   { type: String },\r\n  }\r\n},\r\n  { timestamps: true }\r\n);\r\n\r\nconst User: Model<IUser> = mongoose.model<IUser>(\"User\", userSchema);\r\nexport default User;\r\n"]},"_coverageSchema":"1a1c01bbd47fc00a2c39e90264f33305004495a9","hash":"637aca550c74137120fd552e04e15ff0ed635bbc","contentHash":"2249e0e4887bbfa476d509489b12374609fe70b913c18bb379d57cc694cd7ebd"},"D:\\projects\\github-pr-analytics\\src\\middlewares\\authMiddleware.ts":{"path":"D:\\projects\\github-pr-analytics\\src\\middlewares\\authMiddleware.ts","statementMap":{"0":{"start":{"line":2,"column":22},"end":{"line":12,"column":3}},"1":{"start":{"line":3,"column":4},"end":{"line":3,"column":33}},"2":{"start":{"line":3,"column":26},"end":{"line":3,"column":33}},"3":{"start":{"line":4,"column":15},"end":{"line":4,"column":52}},"4":{"start":{"line":5,"column":4},"end":{"line":7,"column":5}},"5":{"start":{"line":6,"column":6},"end":{"line":6,"column":68}},"6":{"start":{"line":6,"column":51},"end":{"line":6,"column":63}},"7":{"start":{"line":8,"column":4},"end":{"line":8,"column":39}},"8":{"start":{"line":10,"column":4},"end":{"line":10,"column":33}},"9":{"start":{"line":10,"column":26},"end":{"line":10,"column":33}},"10":{"start":{"line":11,"column":4},"end":{"line":11,"column":17}},"11":{"start":{"line":13,"column":25},"end":{"line":17,"column":2}},"12":{"start":{"line":14,"column":4},"end":{"line":14,"column":72}},"13":{"start":{"line":16,"column":4},"end":{"line":16,"column":21}},"14":{"start":{"line":18,"column":19},"end":{"line":34,"column":4}},"15":{"start":{"line":19,"column":18},"end":{"line":26,"column":5}},"16":{"start":{"line":20,"column":8},"end":{"line":24,"column":10}},"17":{"start":{"line":21,"column":21},"end":{"line":21,"column":23}},"18":{"start":{"line":22,"column":12},"end":{"line":22,"column":95}},"19":{"start":{"line":22,"column":29},"end":{"line":22,"column":95}},"20":{"start":{"line":22,"column":77},"end":{"line":22,"column":95}},"21":{"start":{"line":23,"column":12},"end":{"line":23,"column":22}},"22":{"start":{"line":25,"column":8},"end":{"line":25,"column":26}},"23":{"start":{"line":27,"column":4},"end":{"line":33,"column":6}},"24":{"start":{"line":28,"column":8},"end":{"line":28,"column":46}},"25":{"start":{"line":28,"column":35},"end":{"line":28,"column":46}},"26":{"start":{"line":29,"column":21},"end":{"line":29,"column":23}},"27":{"start":{"line":30,"column":8},"end":{"line":30,"column":137}},"28":{"start":{"line":30,"column":25},"end":{"line":30,"column":137}},"29":{"start":{"line":30,"column":38},"end":{"line":30,"column":50}},"30":{"start":{"line":30,"column":56},"end":{"line":30,"column":57}},"31":{"start":{"line":30,"column":78},"end":{"line":30,"column":137}},"32":{"start":{"line":30,"column":102},"end":{"line":30,"column":137}},"33":{"start":{"line":31,"column":8},"end":{"line":31,"column":40}},"34":{"start":{"line":32,"column":8},"end":{"line":32,"column":22}},"35":{"start":{"line":35,"column":16},"end":{"line":43,"column":1}},"36":{"start":{"line":36,"column":28},"end":{"line":36,"column":110}},"37":{"start":{"line":36,"column":91},"end":{"line":36,"column":106}},"38":{"start":{"line":37,"column":4},"end":{"line":42,"column":7}},"39":{"start":{"line":38,"column":36},"end":{"line":38,"column":97}},"40":{"start":{"line":38,"column":42},"end":{"line":38,"column":70}},"41":{"start":{"line":38,"column":85},"end":{"line":38,"column":95}},"42":{"start":{"line":39,"column":35},"end":{"line":39,"column":100}},"43":{"start":{"line":39,"column":41},"end":{"line":39,"column":73}},"44":{"start":{"line":39,"column":88},"end":{"line":39,"column":98}},"45":{"start":{"line":40,"column":32},"end":{"line":40,"column":116}},"46":{"start":{"line":41,"column":8},"end":{"line":41,"column":78}},"47":{"start":{"line":44,"column":22},"end":{"line":46,"column":1}},"48":{"start":{"line":45,"column":4},"end":{"line":45,"column":62}},"49":{"start":{"line":47,"column":0},"end":{"line":47,"column":62}},"50":{"start":{"line":48,"column":0},"end":{"line":48,"column":37}},"51":{"start":{"line":50,"column":20},"end":{"line":50,"column":50}},"52":{"start":{"line":51,"column":17},"end":{"line":51,"column":60}},"53":{"start":{"line":55,"column":28},"end":{"line":84,"column":2}},"54":{"start":{"line":55,"column":48},"end":{"line":84,"column":2}},"55":{"start":{"line":57,"column":23},"end":{"line":57,"column":48}},"56":{"start":{"line":58,"column":4},"end":{"line":61,"column":5}},"57":{"start":{"line":59,"column":8},"end":{"line":59,"column":110}},"58":{"start":{"line":60,"column":8},"end":{"line":60,"column":15}},"59":{"start":{"line":62,"column":16},"end":{"line":62,"column":100}},"60":{"start":{"line":63,"column":4},"end":{"line":66,"column":5}},"61":{"start":{"line":64,"column":8},"end":{"line":64,"column":110}},"62":{"start":{"line":65,"column":8},"end":{"line":65,"column":15}},"63":{"start":{"line":67,"column":4},"end":{"line":83,"column":5}},"64":{"start":{"line":69,"column":28},"end":{"line":69,"column":102}},"65":{"start":{"line":69,"column":63},"end":{"line":69,"column":101}},"66":{"start":{"line":70,"column":24},"end":{"line":70,"column":50}},"67":{"start":{"line":71,"column":25},"end":{"line":71,"column":63}},"68":{"start":{"line":72,"column":8},"end":{"line":72,"column":50}},"69":{"start":{"line":73,"column":8},"end":{"line":76,"column":10}},"70":{"start":{"line":77,"column":8},"end":{"line":77,"column":15}},"71":{"start":{"line":80,"column":20},"end":{"line":80,"column":25}},"72":{"start":{"line":81,"column":8},"end":{"line":81,"column":81}},"73":{"start":{"line":82,"column":8},"end":{"line":82,"column":110}},"74":{"start":{"line":85,"column":0},"end":{"line":85,"column":50}}},"fnMap":{"0":{"name":"(anonymous_0)","decl":{"start":{"line":2,"column":74},"end":{"line":2,"column":75}},"loc":{"start":{"line":2,"column":96},"end":{"line":9,"column":1}},"line":2},"1":{"name":"(anonymous_1)","decl":{"start":{"line":6,"column":38},"end":{"line":6,"column":39}},"loc":{"start":{"line":6,"column":49},"end":{"line":6,"column":65}},"line":6},"2":{"name":"(anonymous_2)","decl":{"start":{"line":9,"column":6},"end":{"line":9,"column":7}},"loc":{"start":{"line":9,"column":28},"end":{"line":12,"column":1}},"line":9},"3":{"name":"(anonymous_3)","decl":{"start":{"line":13,"column":80},"end":{"line":13,"column":81}},"loc":{"start":{"line":13,"column":95},"end":{"line":15,"column":1}},"line":13},"4":{"name":"(anonymous_4)","decl":{"start":{"line":15,"column":5},"end":{"line":15,"column":6}},"loc":{"start":{"line":15,"column":20},"end":{"line":17,"column":1}},"line":15},"5":{"name":"(anonymous_5)","decl":{"start":{"line":18,"column":51},"end":{"line":18,"column":52}},"loc":{"start":{"line":18,"column":63},"end":{"line":34,"column":1}},"line":18},"6":{"name":"(anonymous_6)","decl":{"start":{"line":19,"column":18},"end":{"lin
[...]
{"line":20,"column":8},"end":{"line":20,"column":24}},"20":{"start":{"line":23,"column":0},"end":{"line":23,"column":30}},"21":{"start":{"line":24,"column":0},"end":{"line":28,"column":45}},"22":{"start":{"line":29,"column":0},"end":{"line":34,"column":40}},"23":{"start":{"line":35,"column":0},"end":{"line":41,"column":40}},"24":{"start":{"line":37,"column":40},"end":{"line":37,"column":46}},"25":{"start":{"line":42,"column":0},"end":{"line":49,"column":41}},"26":{"start":{"line":44,"column":40},"end":{"line":44,"column":46}},"27":{"start":{"line":52,"column":0},"end":{"line":52,"column":38}}},"fnMap":{"0":{"name":"(anonymous_0)","decl":{"start":{"line":2,"column":46},"end":{"line":2,"column":47}},"loc":{"start":{"line":2,"column":87},"end":{"line":7,"column":1}},"line":2},"1":{"name":"(anonymous_1)","decl":{"start":{"line":8,"column":46},"end":{"line":8,"column":47}},"loc":{"start":{"line":8,"column":62},"end":{"line":10,"column":1}},"line":8},"2":{"name":"(anonymous_2)","decl":{"start":{"line":18,"column":4},"end":{"line":18,"column":5}},"loc":{"start":{"line":18,"column":18},"end":{"line":21,"column":5}},"line":18},"3":{"name":"(anonymous_3)","decl":{"start":{"line":37,"column":34},"end":{"line":37,"column":35}},"loc":{"start":{"line":37,"column":40},"end":{"line":37,"column":46}},"line":37},"4":{"name":"(anonymous_4)","decl":{"start":{"line":44,"column":34},"end":{"line":44,"column":35}},"loc":{"start":{"line":44,"column":40},"end":{"line":44,"column":46}},"line":44}},"branchMap":{"0":{"loc":{"start":{"line":2,"column":17},"end":{"line":7,"column":1}},"type":"binary-expr","locations":[{"start":{"line":2,"column":18},"end":{"line":2,"column":22}},{"start":{"line":2,"column":26},"end":{"line":2,"column":41}},{"start":{"line":2,"column":46},"end":{"line":7,"column":1}}],"line":2},"1":{"loc":{"start":{"line":3,"column":34},"end":{"line":3,"column":125}},"type":"cond-expr","locations":[{"start":{"line":3,"column":42},"end":{"line":3,"column":48}},{"start":{"line":3,"column":51},"end":{"line":3,"column":125}}],"line":3},"2":{"loc":{"start":{"line":3,"column":51},"end":{"line":3,"column":125}},"type":"cond-expr","locations":[{"start":{"line":3,"column":67},"end":{"line":3,"column":118}},{"start":{"line":3,"column":121},"end":{"line":3,"column":125}}],"line":3},"3":{"loc":{"start":{"line":4,"column":4},"end":{"line":5,"column":150}},"type":"if","locations":[{"start":{"line":4,"column":4},"end":{"line":5,"column":150}},{"start":{"line":5,"column":9},"end":{"line":5,"column":150}}],"line":4},"4":{"loc":{"start":{"line":4,"column":8},"end":{"line":4,"column":77}},"type":"binary-expr","locations":[{"start":{"line":4,"column":8},"end":{"line":4,"column":35}},{"start":{"line":4,"column":39},"end":{"line":4,"column":77}}],"line":4},"5":{"loc":{"start":{"line":5,"column":58},"end":{"line":5,"column":150}},"type":"if","locations":[{"start":{"line":5,"column":58},"end":{"line":5,"column":150}},{"start":{},"end":{}}],"line":5},"6":{"loc":{"start":{"line":5,"column":85},"end":{"line":5,"column":149}},"type":"binary-expr","locations":[{"start":{"line":5,"column":86},"end":{"line":5,"column":143}},{"start":{"line":5,"column":148},"end":{"line":5,"column":149}}],"line":5},"7":{"loc":{"start":{"line":5,"column":86},"end":{"line":5,"column":143}},"type":"cond-expr","locations":[{"start":{"line":5,"column":94},"end":{"line":5,"column":98}},{"start":{"line":5,"column":101},"end":{"line":5,"column":143}}],"line":5},"8":{"loc":{"start":{"line":5,"column":101},"end":{"line":5,"column":143}},"type":"cond-expr","locations":[{"start":{"line":5,"column":109},"end":{"line":5,"column":126}},{"start":{"line":5,"column":129},"end":{"line":5,"column":143}}],"line":5},"9":{"loc":{"start":{"line":6,"column":11},"end":{"line":6,"column":62}},"type":"binary-expr","locations":[{"start":{"line":6,"column":11},"end":{"line":6,"column":16}},{"start":{"line":6,"column":20},"end":{"line":6,"column":21}},{"start":{"line":6,"column":25},"end":{"line":6,"column":62}}],"line":6},"10":{"loc":{"start":{"line":8,"column":17},"end":{"line":10,"column":1}},"type":"binary-expr","locations":[{"start":{"line":8,"column":18},"end":{"line":8,"column":22}},{"start":{"line":8,"column":26},"end":{"line":8,"column":41}},{"start":{"line":8,"column":46},"end":{"line":10,"column":1}}],"line":8},"11":{"loc":{"start":{"line":9,"column":4},"end":{"line":9,"column":109}},"type":"if","locations":[{"start":{"line":9,"column":4},"end":{"line":9,"column":109}},{"start":{},"end":{}}],"line":9},"12":{"loc":{"start":{"line":9,"column":8},"end":{"line":9,"column":77}},"type":"binary-expr","locations":[{"start":{"line":9,"column":8},"end":{"line":9,"column":35}},{"start":{"line":9,"column":39},"end":{"line":9,"column":77}}],"line":9}},"s":{"0":1,"1":4,"2":4,"3":4,"4":4,"5":0,"6":0,"7":0,"8":0,"9":4,"10":1,"11":4,"12":4,"13":1,"14":1,"15":1,"16":1,"17":1,"18":0,"19":0,"20":1,"21":1,"22":1,"23":1,"24":0,"25":1,"26":0,"27":1},"f":{"0":4,"1":4,"2":0,"3":0,"4":0},"b":{"0":[1,1,1],"1":[0,4],"2":[0,4],"3":[4,0],"4":[4,4],"5":[0,0],"6":[0,0],"7":[0,0],"8":[0,0],"9":[4,4,0],"10":[1,1,1],"11":[4,0],"12":[4,4]},"inputSourceMap":{"version":3,"file":"D:/projects/github-pr-analytics/src/common/dtos/pr.dto.ts","sources":["D:/projects/github-pr-analytics/src/common/dtos/pr.dto.ts"],"names":[],"mappings":";;;;;;;;;;;;AAAA,wBAAwB;AACxB,qDAOyB;AACzB,yDAAyC;AAEzC,MAAM,cAAc,GAAG,UAAU,CAAC;AAElC,MAAa,SAAS;IAAtB;QAcE,SAAI,GAAW,CAAC,CAAC;QAOjB,UAAK,GAAW,EAAE,CAAC;IACrB,CAAC;CAAA;AAtBD,8BAsBC;AAnBC;IAFC,IAAA,0BAAQ,GAAE;IACV,IAAA,yBAAO,EAAC,cAAc,EAAE,EAAE,OAAO,EAAE,wCAAwC,EAAE,CAAC;;4CAC5D;AAKnB;IAHC,IAAA,4BAAU,GAAE;IACZ,IAAA,0BAAQ,GAAE;IACV,IAAA,yBAAO,EAAC,cAAc,EAAE,EAAE,OAAO,EAAE,+CAA+C,EAAE,CAAC;;uCACxE;AAMd;IAJC,IAAA,4BAAU,GAAE;IACZ,IAAA,wBAAI,EAAC,GAAG,EAAE,CAAC,MAAM,CAAC;IAClB,IAAA,uBAAK,GAAE;IACP,IAAA,qBAAG,EAAC,CAAC,EAAE,EAAE,OAAO,EAAE,yBAAyB,EAAE,CAAC;;uCAC9B;AAOjB;IALC,IAAA,4BAAU,GAAE;IACZ,IAAA,wBAAI,EAAC,GAAG,EAAE,CAAC,MAAM,CAAC;IAClB,IAAA,uBAAK,GAAE;IACP,IAAA,qBAAG,EAAC,CAAC,EAAE,EAAE,OAAO,EAAE,0BAA0B,EAAE,CAAC;IAC/C,IAAA,qBAAG,EAAC,GAAG,EAAE,EAAE,OAAO,EAAE,yBAAyB,EAAE,CAAC;;wCAC9B;AAGrB,MAAa,aAAc,SAAQ,SAAS;CAG3C;AAHD,sCAGC","sourcesContent":["// external dependencies\r\nimport {\r\n  IsString,\r\n  IsOptional,\r\n  IsInt,\r\n  Min,\r\n  Max,\r\n  Matches,\r\n} from \"class-validator\";\r\nimport { Type } from \"class-transformer\";\r\n\r\nconst DEV_REPO_REGEX = /^[\\w-]+$/;\r\n\r\nexport class GetPrsDto {\r\n  @IsString()\r\n  @Matches(DEV_REPO_REGEX, { message: \"developer must be a valid GitHub login\" })\r\n  developer!: string;\r\n\r\n  @IsOptional()\r\n  @IsString()\r\n  @Matches(DEV_REPO_REGEX, { message: \"repo must be alphanumeric, dash or underscore\" })\r\n  repo?: string;\r\n\r\n  @IsOptional()\r\n  @Type(() => Number)\r\n  @IsInt()\r\n  @Min(1, { message: \"page must be at least 1\" })\r\n  page: number = 1;\r\n\r\n  @IsOptional()\r\n  @Type(() => Number)\r\n  @IsInt()\r\n  @Min(1, { message: \"limit must be at least 1\" })\r\n  @Max(100, { message: \"limit cannot exceed 100\" })\r\n  limit: number = 10;\r\n}\r\n\r\nexport class GetMetricsDto extends GetPrsDto {\r\n  // inherits developer + optional repo + page + limit\r\n  // we can add other metric-specific fields in future here if needed\r\n}\r\n"]},"_coverageSchema":"1a1c01bbd47fc00a2c39e90264f33305004495a9","hash":"0027605f239a61764d2ae231eacf66e6f21d807d","contentHash":"658b2bf25ee57cac7b8a20d27caf39cfd722790907990a7e042dd385e71d484b"},"D:\\projects\\github-pr-analytics\\src\\middlewares\\validateRequest.ts":{"path":"D:\\projects\\github-pr-analytics\\src\\middlewares\\validateRequest.ts","statementMap":{"0":{"start":{"line":2,"column":16},"end":{"line":10,"column":1}},"1":{"start":{"line":3,"column":28},"end":{"line":3,"column":110}},"2":{"start":{"line":3,"column":91},"end":{"line":3,"column":106}},"3":{"start":{"line":4,"column":4},"end":{"line":9,"column":7}},"4":{"start":{"line":5,"column":36},"end":{"line":5,"column":97}},"5":{"start":{"line":5,"column":42},"end":{"line":5,"column":70}},"6":{"start":{"line":5,"column":85},"end":{"line":5,"column":95}},"7":{"start":{"line":6,"column":35},"end":{"line":6,"column":100}},"8":{"start":{"line":6,"column":41},"end":{"line":6,"column":73}},"9":{"start":{"line":6,"column":88},"end":{"line":6,"column":98}},"10":{"start":{"line":7,"column":32},"end":{"line":7,"column":116}},"11":{"start":{"line":8,"column":8},"end":{"line":8,"column":78}},"12":{"start":{"line":11,"column":0},"end":{"line":11,"column":62}},"13":{"start":{"line":12,"column":0},"end":{"line":12,"column":33}},"14":{"start":{"line":14,"column":28},"end":{"line":14,"column":56}},"15":{"start":{"line":15,"column":26},"end":{"line":15,"column":52}},"16":{"start":{"line":17,"column":23},"end":{"line":17,"column":56}},"17":{"start":{"line":28,"column":24},"end":{"line":61,"column":1}},"18":{"start":{"line":29,"column":4},"end":{"line":60,"column":7}},"19":{"start":{"line":29,"column":31},"end":{"line":60,"column":6}},"20":{"start":{"line":31,"column":25},"end":{"line":43,"column":9}},"21":{"start":{"line":32,"column":12},"end":{"line":33,"column":23}},"22":{"start":{"line":33,"column":16},"end":{"line":33,"column":23}},"23":{"start":{"line":34,"column":12},"end":{"line":42,"column":13}},"24":{"start":{"line":35,"column":28},"end":{"line":35,"column":36}},"25":{"start":{"line":36,"column":16},"end":{"line":41,"column":17}},"26":{"start":{"line":37,"column":36},"end":{"line":37,"column":46}},"27":{"start":{"line":39,"column":20},"end":{"line":39,"column":71}},"28":{"start":{"line":40,"column":20},"end":{"line":40,"column":41}},"29":{"start":{"line":44,"column":8},"end":{"line":44,"column":27}},"30":{"start":{"line":45,"column":8},"end":{"line":45,"column":28}},"31":{"start":{"line":46,"column":8},"end":{"line":46,"column":29}},"32":{"start":{"line":48,"column":23},"end":{"line":48,"column":155}},"33":{"start":{"line":49,"column":23},"end":{"line":49,"column":77}},"34":{"start":{"line":50,"column":8},"end":{"line":56,"column":9}},"35":{"start":{"line":51,"column":29},"end":{"line":53,"column":27}},"36":{"start":{"line":52,"column":32},"end":{"line":52,"column":68}},"37":{"start":{"line":54,"column":12},"end":{"line":54,"column":90}},"38":{"start":{"line":55,"column":12},"end":{"line":55,"column":19}},"39":{"start":{"line":58,"column":8},"end":{"line":58,"column":35}},"40":{"start":{"line":59,"column":8},"end":{"line":59,"column":15}},"41":{"start":{"line":62,"column":0},"end":{"line":62,"column":42}}},"fnMap":{"0":{"name":"(anonymous_0)","decl":{"start":{"line":2,"column":44},"end":{"line":2,"column":45}},"loc":{"start":{"line":2,"column":89},"end":{"line":10,"column":1}},"line":2},"1":{"name":"adopt","decl":{"start":{"line":3,"column":13},"end":{"line":3,"column":18}},"loc":{"start":{"line":3,"column":26},"end":{"line":3,"column":112}},"line":3},"2":{"name":"(anonymous_2)","decl":{"start":{"line":3,"column":70},"end":{"line":3,"column":71}},"loc":{"start":{"line":3,"column":89},"end":{"line":3,"column":108}},"line":3},"3":{"name":"(anonymous_3)","decl":{"start":{"line":4,"column":36},"end":{"line":4,"column":37}},"loc":{"start":{"line":4,"column":63},"end":{"line":9,"column":5}},"line":4},"4":{"name":"fulfilled","decl":{"start":{"line":5,"column":17},"end":{"line":5,"column":26}},"loc":{"start":{"line":5,"column":34},"end":{"line":5,"column":99}},"line":5},"5":{"name":"rejected","decl":{"start":{"line":6,"column":17},"end":{"line":6,"column":25}},"loc":{"start":{"line":6,"column":33},"end":{"line":6,"column":102}},"line":6},"6":{"name":"step","decl":{"start":{"line":7,"column":17},"end":{"line":7,"column":21}},"loc":{"start":{"line":7,"column":30},"end":{"line":7,"column":118}},"line":7},"7":{"name":"(anonymous_7)","decl":{"start":{"line":28,"column":24},"end":{"line":28,"column":25}},"loc":{"start":{"line":28,"column":69},"end":{"line":61,"column":1}},"line":28},"8":{"name":"(anonymous_8)","decl":{"start":{"line":29,"column":11},"end":{"line":29,"column":12}},"loc":{"start":{"line":29,"column":31},"end":{"line":60,"column":6}},"line":29},"9":{"name":"(anonymous_9)","decl":{"start":{"line":29,"column":65},"end":{"line":29,"column":66}},"loc":{"start":{"line":29,"column":78},"end":{"line":60,"column":5}},"line":29},"10":{"name":"(anonymous_10)","decl":{"start":{"line":31,"column":25},"end":{"line":31,"column":26}},"loc":{"start":{"line":31,"column":34},"end":{"line":43,"column":9}},"line":31},"11":{"name":"(anonymous_11)","decl":{"start":{"line":52,"column":25},"end":{"line":52,"column":26}},"loc":{"start":{"line":52,"column":32},"end":{"line":52,"column":68}},"line":52}},"branchMap":{"0":{"loc":{"start":{"line":2,"column":16},"end":{"line":10,"column":1}},"type":"binary-expr","locations":[{"start":{"line":2,"column":17},"end":{"line":2,"column":21}},{"start":{"line":2,"column":25},"end":{"line":2,"column":39}},{"start":{"line":2,"column":44},"end":{"line":10,"column":1}}],"line":2},"1":{"loc":{"start":{"line":3,"column":35},"end":{"line":3,"column":109}},"type":"cond-expr","locations":[{"start":{"line":3,"column":56},"end":{"line":3,"column":61}},{"start":{"line":3,"column":64},"end":{"line":3,"column":109}}],"line":3},"2":{"loc":{"start":{"line":4,"column":16},"end":{"line":4,"column":34}},"type":"binary-expr","locations":[{"start":{"line":4,"column":16},"end":{"line":4,"column":17}},{"start":{"line":4,"column":22},"end":{"line":4,"column":33}}],"line":4},"3":{"loc":{"start":{"line":7,"column":32},"end":{"line":7,"column":115}},"type":"cond-expr","locations":[{"start":{"line":7,"column":46},"end":{"line":7,"column":67}},{"start":{"line":7,"column":70},"end":{"line":7,"column":115}}],"line":7},"4":{"loc":{"start":{"line":8,"column":51},"end":{"line":8,"column":67}},"type":"binary-expr","locations":[{"start":{"line":8,"column":51},"end":{"line":8,"column":61}},{"start":{"line":8,"column":65},"end":{"line":8,"column":67}}],"line":8},"5":{"loc":{"start":{"line":28,"column":35},"end":{"line":28,"column":64}},"type":"default-arg","locations":[{"start":{"line":28,"column":45},"end":{"line":28,"column":64}}],"line":28},"6":{"loc":{"start":{"line":32,"column":12},"end":{"line":33,"column":23}},"type":"if","locations":[{"start":{"line":32,"column":12},"end":{"line":33,"column":23}},{"start":{},"end":{}}],"line":32},"7":{"loc":{"start":{"line":32,"column":16},"end":{"line":32,"column":47}},"type":"binary-expr","locations":[{"start":{"line":32,"column":16},"end":{"line":32,"column":20}},{"start":{"line":32,"column":24},"end":{"line":32,"column":47}}],"line":32},"8":{"loc":{"start":{"line":36,"column":16},"end":{"line":41,"column":17}},"type":"if","locations":[{"start":{"line":36,"column":16},"end":{"line":41,"column":17}},{"start":{},"end":{}}],"line":36},"9":{"loc":{"start":{"line":50,"column":8},"end":{"line":56,"column":9}},"type":"if","locations":[{"start":{"line":50,"column":8},"end":{"line":56,"column":9}},{"start":{},"end":{}}],"line":50},"10":{"loc":{"start":{"line":52,"column":46},"end":{"line":52,"column":67}},"type":"binary-expr","locations":[{"start":{"line":52,"column":46},"end":{"line":52,"column":61}},{"start":{"line":52,"column":65},"end":{"line":52,"column":67}}],"line":52}},"s":{"0":1,"1":0,"2":0,"3":0,"4":0,"5":0,"6":0,"7":0,"8":0,"9":0,"10":0,"11":0,"12":1,"13":1,"14":1,"15":1,"16":1,"17":0,"18":0,"19":0,"20":0,"21":0,"22":0,"23":0,"24":0,"25":0,"26":0,"27":0,"28":0,"29":0,"30":0,"31":0,"32":0,"33":0,"34":0,"35":0,"36":0,"37":0,"38":0,"39":0,"40":0,"41":0},"f":{"0":0,"1":0,"2":0,"3":0,"4":0,"5":0,"6":0,"7":0,"8":0,"9":0,"10":0,"11":0},"b":{"0":[1,1,1],"1":[0,0],"2":[0,0],"3":[0,0],"4":[0,0],"5":[0],"6":[0,0],"7":[0,0],"8":[0,0],"9":[0,0],"10":[0,0]},"inputSourceMap":{"version":3,"file":"D:/projects/github-pr-analytics/src/middlewares/validateRequest.ts","sources":["D:/projects/github-pr-analytics/src/middlewares/validateRequest.ts"],"names":[],"mappings":";;;;;;;;;;;;AAAA,wBAAwB;AACxB,yDAAoD;AACpD,qDAA6D;AAG7D,wBAAwB;AACxB,yDAAsD;AAGtD;;;;;;;;;GASG;AACI,MAAM,eAAe,GAAG,CAC7B,QAAsB,EACtB,UAA4B,EAAE,SAAS,EAAE,IAAI,EAAE,EAC/B,EAAE;IAClB,OAAO,CACL,GAAwB,EACxB,GAAa,EACb,IAAkB,EACH,EAAE;QACjB,4DAA4D;QAC5D,MAAM,QAAQ,GAAG,CAAC,GAA4B,EAAE,EAAE;YAChD,IAAI,CAAC,GAAG,IAAI,OAAO,GAAG,KAAK,QAAQ;gBAAE,OAAO;YAC5C,KAAK,MAAM,GAAG,IAAI,MAAM,CAAC,IAAI,CAAC,GAAG,CAAC,EAAE,CAAC;gBACnC,MAAM,GAAG,GAAG,GAAG,CAAC,GAAG,CAAC,CAAC;gBACrB,IAAI,OAAO,GAAG,KAAK,QAAQ,EAAE,CAAC;oBAC5B,IAAI,SAAS,GAAG,GAAG,CAAC,IAAI,EAAE,CAAC;oBAC3B,sCAAsC;oBACtC,SAAS,GAAG,SAAS,CAAC,OAAO,CAAC,eAAe,EAAE,EAAE,CAAC,CAAC;oBACnD,GAAG,CAAC,GAAG,CAAC,GAAG,SAAS,CAAC;gBACvB,CAAC;YACH,CAAC;QACH,CAAC,CAAC;QACF,QAAQ,CAAC,GAAG,CAAC,IAAI,CAAC,CAAC;QACnB,QAAQ,CAAC,GAAG,CAAC,KAA+B,CAAC,CAAC;QAC9C,QAAQ,CAAC,GAAG,CAAC,MAAgC,CAAC,CAAC;QAE/C,aAAa;QACb,MAAM,MAAM,GAAG,IAAA,mCAAe,EAAC,QAAQ,gDAClC,GAAG,CAAC,MAAM,GACV,GAAG,CAAC,KAAK,GACT,GAAG,CAAC,IAAI,EACX,CAAC;QACH,MAAM,MAAM,GAAG,MAAM,IAAA,0BAAQ,EAAC,MAAM,EAAE,OAAO,CAAC,CAAC;QAC/C,IAAI,MAAM,CAAC,MAAM,GAAG,CAAC,EAAE,CAAC;YACtB,MAAM,QAAQ,GAAG,MAAM;iBACpB,OAAO,CAAC,GAAG,CAAC,EAAE,CAAC,MAAM,CAAC,MAAM,CAAC,GAAG,CAAC,WAAW,IAAI,EAAE,CAAC,CAAC;iBACpD,IAAI,CAAC,IAAI,CAAC,CAAC;YACd,GAAG,CAAC,MAAM,CAAC,2BAAY,CAAC,WAAW,CAAC,CAAC,IAAI,CAAC,EAAE,KAAK,EAAE,QAAQ,EAAE,CAAC,CAAC;YAC/D,OAAO;QACT,CAAC;QAED,yCAAyC;QACzC,GAAG,CAAC,aAAa,GAAG,MAAM,CAAC;QAE3B,IAAI,EAAE,CAAC;IACT,CAAC,CAAA,CAAC;AACJ,CAAC,CAAC;AA9CW,QAAA,eAAe,mBA8C1B","sourcesContent":["// external dependencies\r\nimport { plainToInstance } from 'class-transformer';\r\nimport { validate, ValidatorOptions } from 'class-validator';\r\nimport { RequestHandler, Response, NextFunction } from 'express';\r\n\r\n// internal dependencies\r\nimport { STATUS_CODES } from '../common/constants.js';\r\nimport { ClassType, ValidatedRequest } from '../common/types.js';\r\n\r\n/**\r\n * Middleware to sanitize and validate request data against a DTO class\r\n * Sanitizes req.body, req.query, and req.params by trimming and removing dangerous characters,\r\n * then validates against the provided DTO, attaching the validated object to req.validatedBody\r\n * Attaches the validated DTO to req.validatedBody if valid\r\n *\r\n * @param dtoClass - DTO class to validate against\r\n * @param options - class-validator options (whitelist, transform, etc.)\r\n * @returns A middleware function that validates the request body\r\n */\r\nexport const validateRequest = <T extends object>(\r\n  dtoClass: ClassType<T>,\r\n  options: ValidatorOptions = { whitelist: true }\r\n): RequestHandler => {\r\n  return async (\r\n    req: ValidatedRequest<T>,\r\n    res: Response,\r\n    next: NextFunction\r\n  ): Promise<void> => {\r\n    // Sanitization: trim and remove potentially dangerous chars\r\n    const sanitize = (obj?: Record<string, string>) => {\r\n      if (!obj || typeof obj !== 'object') return;\r\n      for (const key of Object.keys(obj)) {\r\n        const val = obj[key];\r\n        if (typeof val === 'string') {\r\n          let sanitized = val.trim();\r\n          // remove < > \" ' ` ; ( ) \\ characters\r\n          sanitized = sanitized.replace(/[<>\"'`;()\\\\]/g, '');\r\n          obj[key] = sanitized;\r\n        }\r\n      }\r\n    };\r\n    sanitize(req.body);\r\n    sanitize(req.query as Record<string, string>);\r\n    sanitize(req.params as Record<string, string>);\r\n\r\n    // Validation\r\n    const dtoObj = plainToInstance(dtoClass, {\r\n      ...req.params,\r\n      ...req.query,\r\n      ...req.body,\r\n    });\r\n    const errors = await validate(dtoObj, options);\r\n    if (errors.length > 0) {\r\n      const messages = errors\r\n        .flatMap(err => Object.values(err.constraints || {}))\r\n        .join('; ');\r\n      res.status(STATUS_CODES.BAD_REQUEST).json({ error: messages });\r\n      return;\r\n    }\r\n\r\n    // Attach the validated and sanitized DTO\r\n    req.validatedBody = dtoObj;\r\n\r\n    next();\r\n  };\r\n};\r\n"]},"_coverageSchema":"1a1c01bbd47fc00a2c39e90264f33305004495a9","hash":"4dc676fd6260d089c084d090fd6b19fc00dc678b","contentHash":"41fdf2e2cf015fd3ebe621ddb2bfbe308f0780a07648804ab7e9363afdde1a11"}}