TN:
SF:src\bootstrap.ts
FN:28,initMiddlewares
FN:38,initRoutes
FN:48,initHealthCheck
FN:49,(anonymous_11)
FN:49,(anonymous_12)
FN:93,bootstrap
FN:102,(anonymous_15)
FNF:7
FNH:6
FNDA:1,initMiddlewares
FNDA:1,initRoutes
FNDA:1,initHealthCheck
FNDA:3,(anonymous_11)
FNDA:3,(anonymous_12)
FNDA:1,bootstrap
FNDA:0,(anonymous_15)
DA:2,1
DA:3,1
DA:4,1
DA:5,1
DA:8,1
DA:9,1
DA:10,1
DA:11,1
DA:12,1
DA:13,1
DA:14,1
DA:15,1
DA:16,1
DA:17,1
DA:29,1
DA:30,1
DA:31,1
DA:32,1
DA:39,1
DA:40,1
DA:41,1
DA:42,1
DA:49,3
DA:50,3
DA:51,3
DA:54,2
DA:56,1
DA:57,1
DA:59,1
DA:60,1
DA:62,0
DA:63,0
DA:65,0
DA:66,0
DA:68,0
DA:71,2
DA:78,1
DA:79,1
DA:82,1
DA:93,1
DA:94,1
DA:95,1
DA:96,1
DA:97,1
DA:99,1
DA:100,1
DA:101,1
DA:102,1
DA:103,0
DA:106,0
DA:107,0
LF:51
LH:43
BRDA:54,0,0,1
BRDA:54,0,1,1
BRDA:54,0,2,0
BRDA:54,0,3,0
BRDA:54,0,4,0
BRF:5
BRH:2
end_of_record
TN:
SF:src\index.ts
FNF:0
FNH:0
DA:2,1
DA:3,1
DA:4,1
DA:7,1
DA:9,1
DA:11,1
DA:13,1
LF:7
LH:7
BRF:0
BRH:0
end_of_record
TN:
SF:src\common\constants.ts
FN:73,(anonymous_0)
FNF:1
FNH:1
FNDA:1,(anonymous_0)
DA:2,1
DA:8,1
DA:23,1
DA:40,1
DA:43,1
DA:49,1
DA:55,1
DA:58,1
DA:73,1
DA:74,1
DA:75,1
DA:76,1
DA:77,1
DA:78,1
DA:82,1
LF:15
LH:15
BRDA:73,0,0,1
BRDA:73,0,1,1
BRF:2
BRH:2
end_of_record
TN:
SF:src\common\dtos\auth.dto.ts
FNF:0
FNH:0
DA:2,1
DA:4,1
DA:7,1
LF:3
LH:3
BRF:0
BRH:0
end_of_record
TN:
SF:src\common\dtos\pr.dto.ts
FN:14,(anonymous_2)
FN:25,(anonymous_3)
FN:31,(anonymous_4)
FNF:3
FNH:0
FNDA:0,(anonymous_2)
FNDA:0,(anonymous_3)
FNDA:0,(anonymous_4)
DA:2,1
DA:10,1
DA:12,1
DA:14,1
DA:17,1
DA:22,1
DA:25,0
DA:28,1
DA:31,0
DA:35,1
DA:38,1
LF:11
LH:9
BRF:0
BRH:0
end_of_record
TN:
SF:src\common\dtos\user.dto.ts
FN:6,(anonymous_2)
FNF:1
FNH:1
FNDA:2,(anonymous_2)
DA:2,1
DA:6,1
DA:9,2
DA:13,1
LF:4
LH:4
BRF:0
BRH:0
end_of_record
TN:
SF:src\controllers\authController.ts
FN:19,(anonymous_8)
FN:23,(anonymous_9)
FNF:2
FNH:2
FNDA:8,(anonymous_8)
FNDA:8,(anonymous_9)
DA:5,1
DA:6,1
DA:7,1
DA:8,1
DA:10,1
DA:19,1
DA:23,8
DA:24,8
DA:26,8
DA:27,0
DA:30,0
DA:33,8
DA:35,7
DA:37,7
DA:38,5
DA:39,5
DA:42,5
DA:45,4
DA:51,3
DA:52,3
DA:60,4
DA:62,4
DA:63,1
DA:64,1
DA:65,1
DA:66,1
DA:67,1
DA:68,1
DA:69,1
DA:72,4
DA:73,4
DA:76,3
LF:32
LH:30
BRDA:26,0,0,0
BRDA:39,1,0,5
BRDA:39,1,1,1
BRDA:62,2,0,1
BRDA:62,3,0,4
BRDA:62,3,1,1
BRDA:65,4,0,1
BRF:7
BRH:6
end_of_record
TN:
SF:src\controllers\devController.ts
FN:23,(anonymous_8)
FN:26,(anonymous_9)
FN:75,(anonymous_10)
FN:104,(anonymous_11)
FN:106,(anonymous_12)
FNF:5
FNH:5
FNDA:3,(anonymous_8)
FNDA:3,(anonymous_9)
FNDA:2,(anonymous_10)
FNDA:1,(anonymous_11)
FNDA:1,(anonymous_12)
DA:5,1
DA:7,1
DA:8,1
DA:14,1
DA:23,1
DA:26,3
DA:27,3
DA:28,3
DA:30,3
DA:31,0
DA:34,0
DA:37,3
DA:38,1
DA:41,1
DA:44,2
DA:48,2
DA:53,2
DA:55,2
DA:60,2
DA:61,2
DA:62,1
DA:63,1
DA:64,1
DA:68,1
DA:70,1
DA:71,1
DA:72,1
DA:73,1
DA:75,1
DA:76,2
DA:77,2
DA:78,2
DA:80,2
DA:81,2
DA:82,1
DA:83,1
DA:88,2
DA:90,2
DA:100,1
DA:101,1
DA:103,1
DA:106,1
DA:107,1
DA:108,1
DA:109,1
DA:110,1
DA:115,1
DA:117,1
DA:129,1
DA:131,1
DA:133,0
DA:134,0
DA:135,0
DA:136,0
DA:137,0
DA:138,0
DA:139,0
DA:140,0
DA:141,0
DA:142,0
DA:145,0
DA:146,0
DA:147,0
LF:63
LH:48
BRDA:30,0,0,0
BRDA:30,1,0,0
BRDA:30,1,1,3
BRDA:30,2,0,3
BRDA:30,2,1,3
BRDA:37,3,0,1
BRDA:37,4,0,3
BRDA:37,4,1,2
BRDA:46,5,0,2
BRDA:46,5,1,0
BRDA:50,6,0,2
BRDA:50,6,1,0
BRDA:61,7,0,1
BRDA:77,8,0,1
BRDA:77,8,1,1
BRDA:77,9,0,2
BRDA:77,9,1,2
BRDA:78,10,0,2
BRDA:78,10,1,1
BRDA:80,11,0,1
BRDA:81,12,0,1
BRDA:88,13,0,0
BRDA:92,14,0,0
BRDA:92,14,1,2
BRDA:92,15,0,2
BRDA:92,15,1,2
BRDA:103,16,0,1
BRDA:103,16,1,0
BRDA:115,17,0,1
BRDA:115,17,1,0
BRDA:134,18,0,0
BRDA:134,19,0,0
BRDA:134,19,1,0
BRDA:137,20,0,0
BRF:34
BRH:22
end_of_record
TN:
SF:src\controllers\prController.ts
FN:28,(anonymous_8)
FN:31,(anonymous_9)
FN:115,(anonymous_10)
FN:118,(anonymous_11)
FN:146,(anonymous_12)
FN:147,(anonymous_13)
FN:160,(anonymous_14)
FN:175,(anonymous_15)
FN:213,(anonymous_16)
FNF:9
FNH:7
FNDA:3,(anonymous_8)
FNDA:3,(anonymous_9)
FNDA:1,(anonymous_10)
FNDA:1,(anonymous_11)
FNDA:1,(anonymous_12)
FNDA:0,(anonymous_13)
FNDA:0,(anonymous_14)
FNDA:1,(anonymous_15)
FNDA:1,(anonymous_16)
DA:3,1
DA:6,1
DA:12,1
DA:18,1
DA:28,1
DA:31,3
DA:32,3
DA:37,3
DA:38,3
DA:40,3
DA:41,0
DA:44,0
DA:47,3
DA:51,3
DA:56,3
DA:58,3
DA:64,3
DA:65,3
DA:66,1
DA:69,1
DA:70,1
DA:73,2
DA:77,1
DA:83,1
DA:85,1
DA:87,1
DA:88,1
DA:89,0
DA:90,0
DA:91,0
DA:92,0
DA:93,0
DA:94,0
DA:95,0
DA:96,0
DA:99,1
DA:100,1
DA:103,1
DA:115,1
DA:118,1
DA:119,1
DA:120,1
DA:122,1
DA:123,0
DA:126,0
DA:129,1
DA:131,1
DA:133,1
DA:134,1
DA:135,1
DA:136,0
DA:137,0
DA:138,0
DA:141,1
DA:142,1
DA:143,1
DA:145,1
DA:146,1
DA:148,0
DA:149,0
DA:161,0
DA:165,1
DA:166,1
DA:167,1
DA:168,1
DA:169,1
DA:173,1
DA:175,1
DA:179,1
DA:186,1
DA:188,1
DA:190,0
DA:191,0
DA:192,0
DA:193,0
DA:194,0
DA:195,0
DA:196,0
DA:197,0
DA:198,0
DA:199,0
DA:202,0
DA:203,0
DA:213,1
DA:214,1
DA:215,1
DA:217,0
DA:218,0
DA:221,0
DA:224,0
DA:225,0
DA:226,0
DA:227,0
DA:229,0
DA:230,0
DA:231,0
DA:232,0
DA:233,0
DA:234,0
DA:235,0
DA:236,0
DA:238,0
LF:102
LH:56
BRDA:35,0,0,0
BRDA:36,1,0,0
BRDA:40,2,0,0
BRDA:40,3,0,0
BRDA:40,3,1,3
BRDA:40,4,0,3
BRDA:40,4,1,3
BRDA:49,5,0,3
BRDA:49,5,1,0
BRDA:53,6,0,3
BRDA:53,6,1,0
BRDA:65,7,0,1
BRDA:73,8,0,0
BRDA:73,8,1,2
BRDA:88,9,0,0
BRDA:88,10,0,1
BRDA:88,10,1,0
BRDA:91,11,0,0
BRDA:102,12,0,1
BRDA:102,12,1,0
BRDA:122,13,0,0
BRDA:122,14,0,1
BRDA:122,14,1,1
BRDA:135,15,0,0
BRDA:167,16,0,1
BRDA:167,17,0,1
BRDA:167,17,1,1
BRDA:173,18,0,1
BRDA:173,18,1,0
BRDA:191,19,0,0
BRDA:191,20,0,0
BRDA:191,20,1,0
BRDA:194,21,0,0
BRDA:215,22,0,1
BRDA:230,23,0,0
BRDA:231,24,0,0
BRDA:232,25,0,0
BRDA:233,26,0,0
BRDA:234,27,0,0
BRDA:235,28,0,0
BRDA:236,29,0,0
BRF:41
BRH:16
end_of_record
TN:
SF:src\middlewares\authMiddleware.ts
FN:11,(anonymous_17)
FN:15,(anonymous_18)
FN:31,(anonymous_19)
FNF:3
FNH:2
FNDA:2,(anonymous_17)
FNDA:2,(anonymous_18)
FNDA:0,(anonymous_19)
DA:4,1
DA:6,1
DA:11,1
DA:15,2
DA:16,2
DA:18,2
DA:19,2
DA:20,2
DA:23,0
DA:24,0
DA:25,0
DA:26,0
DA:29,0
DA:31,0
DA:32,0
DA:34,0
DA:36,0
DA:41,0
DA:43,0
DA:44,0
DA:45,0
LF:21
LH:8
BRDA:18,0,0,2
BRDA:18,1,0,2
BRDA:18,1,1,0
BRDA:18,2,0,2
BRDA:18,2,1,2
BRDA:23,3,0,0
BRDA:23,3,1,0
BRDA:23,4,0,0
BRDA:23,4,1,0
BRDA:24,5,0,0
BRF:10
BRH:4
end_of_record
TN:
SF:src\middlewares\errorHandler.ts
FN:19,(anonymous_1)
FNF:1
FNH:1
FNDA:3,(anonymous_1)
DA:5,1
DA:7,1
DA:19,1
DA:26,3
DA:28,3
DA:29,3
DA:32,3
DA:35,3
DA:36,2
DA:39,3
DA:40,3
LF:11
LH:11
BRDA:26,0,0,3
BRDA:26,0,1,1
BRDA:28,1,0,3
BRDA:28,1,1,2
BRDA:29,2,0,3
BRDA:29,2,1,0
BRDA:35,3,0,2
BRDA:35,4,0,3
BRDA:35,4,1,3
BRF:9
BRH:8
end_of_record
TN:
SF:src\middlewares\validateRequest.ts
FN:20,(anonymous_7)
FN:24,(anonymous_8)
FN:28,(anonymous_9)
FN:30,(anonymous_10)
FN:55,(anonymous_11)
FNF:5
FNH:5
FNDA:5,(anonymous_7)
FNDA:11,(anonymous_8)
FNDA:11,(anonymous_9)
FNDA:33,(anonymous_10)
FNDA:1,(anonymous_11)
DA:2,1
DA:3,1
DA:7,1
DA:20,1
DA:24,5
DA:28,11
DA:30,11
DA:31,33
DA:32,33
DA:33,12
DA:34,12
DA:35,12
DA:37,12
DA:38,12
DA:42,11
DA:43,11
DA:44,11
DA:47,11
DA:52,11
DA:53,11
DA:54,1
DA:55,1
DA:57,1
DA:58,1
DA:62,10
DA:64,10
LF:26
LH:26
BRDA:22,0,0,5
BRDA:31,1,0,0
BRDA:31,2,0,33
BRDA:31,2,1,33
BRDA:34,3,0,12
BRDA:53,4,0,1
BRDA:55,5,0,1
BRDA:55,5,1,0
BRF:8
BRH:6
end_of_record
TN:
SF:src\middlewares\validateUser.ts
FN:17,(anonymous_8)
FN:21,(anonymous_9)
FNF:2
FNH:0
FNDA:0,(anonymous_8)
FNDA:0,(anonymous_9)
DA:5,1
DA:7,1
DA:17,1
DA:21,0
DA:22,0
DA:23,0
DA:24,0
DA:25,0
DA:26,0
DA:29,0
DA:30,0
DA:31,0
DA:32,0
DA:36,0
DA:38,0
DA:39,0
LF:16
LH:3
BRDA:23,0,0,0
BRDA:23,0,1,0
BRDA:24,1,0,0
BRDA:30,2,0,0
BRDA:39,3,0,0
BRDA:39,3,1,0
BRF:6
BRH:0
end_of_record
TN:
SF:src\models\user.ts
FNF:0
FNH:0
DA:2,1
DA:16,1
DA:39,1
DA:40,1
LF:4
LH:4
BRF:0
BRH:0
end_of_record
TN:
SF:src\routes\authRoutes.ts
FNF:0
FNH:0
DA:2,1
DA:5,1
DA:6,1
DA:7,1
DA:8,1
DA:10,1
DA:14,1
DA:20,1
LF:8
LH:8
BRF:0
BRH:0
end_of_record
TN:
SF:src\routes\devRoutes.ts
FNF:0
FNH:0
DA:2,5
DA:5,5
DA:6,5
DA:7,5
DA:8,5
DA:9,5
DA:10,5
DA:12,5
DA:16,5
DA:24,5
LF:10
LH:10
BRF:0
BRH:0
end_of_record
TN:
SF:src\routes\prRoutes.ts
FNF:0
FNH:0
DA:2,6
DA:5,6
DA:6,6
DA:7,6
DA:8,6
DA:12,6
DA:13,6
DA:15,6
DA:19,6
DA:29,6
DA:37,6
LF:11
LH:11
BRF:0
BRH:0
end_of_record
TN:
SF:src\routes\userRoutes.ts
FN:18,(anonymous_8)
FN:18,(anonymous_9)
FN:41,(anonymous_10)
FN:41,(anonymous_11)
FN:57,(anonymous_12)
FN:57,(anonymous_13)
FNF:6
FNH:6
FNDA:2,(anonymous_8)
FNDA:2,(anonymous_9)
FNDA:2,(anonymous_10)
FNDA:2,(anonymous_11)
FNDA:3,(anonymous_12)
FNDA:3,(anonymous_13)
DA:2,1
DA:5,1
DA:7,1
DA:8,1
DA:9,1
DA:11,1
DA:15,1
DA:18,2
DA:19,2
DA:20,2
DA:22,2
DA:23,2
DA:24,1
DA:25,1
DA:28,1
DA:29,1
DA:33,0
DA:34,0
DA:41,2
DA:42,2
DA:43,2
DA:44,2
DA:45,1
DA:46,1
DA:48,1
DA:50,0
DA:51,0
DA:57,3
DA:58,3
DA:59,3
DA:60,3
DA:61,1
DA:64,1
DA:67,2
DA:68,2
DA:69,1
DA:72,1
DA:74,1
DA:77,1
DA:80,0
DA:81,0
DA:85,1
LF:42
LH:36
BRDA:23,0,0,1
BRDA:44,1,0,1
BRDA:60,2,0,1
BRDA:60,3,0,3
BRDA:60,3,1,2
BRDA:68,4,0,1
BRDA:68,4,1,1
BRF:7
BRH:7
end_of_record
TN:
SF:src\services\devService.ts
FN:15,(anonymous_8)
FN:15,(anonymous_9)
FNF:2
FNH:0
FNDA:0,(anonymous_8)
FNDA:0,(anonymous_9)
DA:2,1
DA:4,1
DA:5,1
DA:15,1
DA:16,0
DA:17,0
DA:18,0
DA:25,0
DA:27,0
DA:28,0
DA:29,0
LF:11
LH:4
BRDA:29,0,0,0
BRDA:29,0,1,0
BRF:2
BRH:0
end_of_record
TN:
SF:src\services\githubService.ts
FN:14,mapPR
FN:35,(anonymous_9)
FN:39,(anonymous_10)
FN:48,(anonymous_11)
FN:63,(anonymous_12)
FN:66,(anonymous_13)
FN:72,(anonymous_14)
FN:72,(anonymous_15)
FN:79,(anonymous_16)
FN:85,(anonymous_17)
FN:86,(anonymous_18)
FN:101,(anonymous_19)
FN:104,(anonymous_20)
FN:109,(anonymous_21)
FN:109,(anonymous_22)
FN:116,(anonymous_23)
FN:121,(anonymous_24)
FN:122,(anonymous_25)
FNF:18
FNH:0
FNDA:0,mapPR
FNDA:0,(anonymous_9)
FNDA:0,(anonymous_10)
FNDA:0,(anonymous_11)
FNDA:0,(anonymous_12)
FNDA:0,(anonymous_13)
FNDA:0,(anonymous_14)
FNDA:0,(anonymous_15)
FNDA:0,(anonymous_16)
FNDA:0,(anonymous_17)
FNDA:0,(anonymous_18)
FNDA:0,(anonymous_19)
FNDA:0,(anonymous_20)
FNDA:0,(anonymous_21)
FNDA:0,(anonymous_22)
FNDA:0,(anonymous_23)
FNDA:0,(anonymous_24)
FNDA:0,(anonymous_25)
DA:2,1
DA:3,1
DA:4,1
DA:15,0
DA:35,1
DA:39,0
DA:40,0
DA:41,0
DA:42,0
DA:48,0
DA:50,0
DA:51,0
DA:52,0
DA:63,1
DA:66,0
DA:67,0
DA:68,0
DA:69,0
DA:71,0
DA:72,0
DA:73,0
DA:79,0
DA:84,0
DA:85,0
DA:86,0
DA:88,0
DA:89,0
DA:90,0
DA:101,1
DA:104,0
DA:105,0
DA:106,0
DA:108,0
DA:109,0
DA:110,0
DA:116,0
DA:120,0
DA:121,0
DA:122,0
LF:39
LH:6
BRDA:17,0,0,0
BRDA:17,0,1,0
BRDA:17,1,0,0
BRDA:17,1,1,0
BRDA:52,2,0,0
BRDA:52,2,1,0
BRDA:52,3,0,0
BRDA:52,3,1,0
BRDA:52,4,0,0
BRDA:52,4,1,0
BRDA:90,5,0,0
BRDA:90,5,1,0
BRF:12
BRH:0
end_of_record
TN:
SF:src\utils\cache.ts
FN:16,generateCacheKey
FN:24,(anonymous_2)
FNF:2
FNH:2
FNDA:6,generateCacheKey
FNDA:19,(anonymous_2)
DA:2,1
DA:5,1
DA:16,1
DA:21,6
DA:22,6
DA:25,19
DA:26,19
DA:30,6
DA:33,6
LF:9
LH:9
BRDA:26,0,0,0
BRDA:26,0,1,19
BRF:2
BRH:1
end_of_record
TN:
SF:src\utils\config.ts
FN:41,(anonymous_8)
FN:63,connectMongo
FNF:2
FNH:1
FNDA:0,(anonymous_8)
FNDA:1,connectMongo
DA:2,1
DA:3,1
DA:6,1
DA:9,1
DA:34,1
DA:38,1
DA:39,0
DA:41,0
DA:47,1
DA:56,1
DA:63,1
DA:64,1
DA:65,1
DA:66,0
DA:67,0
DA:69,1
DA:70,1
DA:71,1
DA:75,1
DA:76,1
DA:77,1
DA:79,0
DA:80,0
DA:84,1
LF:24
LH:18
BRDA:38,0,0,0
BRDA:65,1,0,0
BRF:2
BRH:0
end_of_record
TN:
SF:src\utils\crypto.ts
FN:14,encrypt
FN:28,decrypt
FNF:2
FNH:0
FNDA:0,encrypt
FNDA:0,decrypt
DA:2,1
DA:3,1
DA:5,1
DA:6,1
DA:7,0
DA:10,1
DA:11,1
DA:12,1
DA:14,1
DA:15,0
DA:16,0
DA:18,0
DA:19,0
DA:21,0
DA:28,1
DA:29,0
DA:30,0
DA:31,0
DA:32,0
DA:34,0
DA:39,0
LF:21
LH:9
BRDA:6,0,0,0
BRF:1
BRH:0
end_of_record
TN:
SF:src\utils\db.ts
FN:7,connect
FNF:1
FNH:1
FNDA:1,connect
DA:2,1
DA:7,1
DA:8,1
DA:9,1
LF:4
LH:4
BRDA:8,0,0,1
BRDA:8,0,1,0
BRF:2
BRH:1
end_of_record
TN:
SF:src\utils\githubClient.ts
FN:13,(anonymous_17)
FN:13,(anonymous_18)
FN:14,(anonymous_19)
FN:25,(anonymous_20)
FNF:4
FNH:0
FNDA:0,(anonymous_17)
FNDA:0,(anonymous_18)
FNDA:0,(anonymous_19)
FNDA:0,(anonymous_20)
DA:2,1
DA:5,1
DA:13,1
DA:14,0
DA:15,0
DA:25,1
DA:26,0
DA:27,0
DA:29,0
LF:9
LH:4
BRDA:26,0,0,0
BRF:1
BRH:0
end_of_record
TN:
SF:src\utils\logger.ts
FNF:0
FNH:0
DA:2,1
DA:5,1
DA:20,1
LF:3
LH:3
BRDA:6,0,0,1
BRDA:6,0,1,1
BRF:2
BRH:2
end_of_record
TN:
SF:src\utils\rateLimiter.ts
FNF:0
FNH:0
DA:2,1
DA:5,1
LF:2
LH:2
BRF:0
BRH:0
end_of_record
